 2023-12-18 09:50:18,514 - DEBUG - Starting new HTTPS connection (1): api.telegram.org:443
 2023-12-18 09:50:18,882 - DEBUG - https://api.telegram.org:443 "GET /bot1548279772:AAHFSr5sYKty6vQb7QK3i6Oa3Mm-8Z1LAi8/getMe HTTP/1.1" 200 197
 2023-12-18 09:50:18,884 - DEBUG - Starting new HTTPS connection (1): api.telegram.org:443
 2023-12-18 09:50:32,386 - DEBUG - https://api.telegram.org:443 "GET /bot1548279772:AAHFSr5sYKty6vQb7QK3i6Oa3Mm-8Z1LAi8/getUpdates?offset=1&timeout=20 HTTP/1.1" 200 394
 2023-12-18 09:50:32,389 - DEBUG - Starting new HTTPS connection (1): api.telegram.org:443
 2023-12-18 09:50:32,799 - DEBUG - https://api.telegram.org:443 "POST /bot1548279772:AAHFSr5sYKty6vQb7QK3i6Oa3Mm-8Z1LAi8/sendMessage?chat_id=71931403&text=Gero+apetito%2C+%D0%98%D0%B3%D0%BE%D1%80%D1%8F%D0%BC%D0%B1%D0%B0%21 HTTP/1.1" 200 336
 2023-12-18 09:50:52,440 - DEBUG - https://api.telegram.org:443 "GET /bot1548279772:AAHFSr5sYKty6vQb7QK3i6Oa3Mm-8Z1LAi8/getUpdates?offset=417632143&timeout=20 HTTP/1.1" 200 23
 2023-12-18 09:51:12,498 - DEBUG - https://api.telegram.org:443 "GET /bot1548279772:AAHFSr5sYKty6vQb7QK3i6Oa3Mm-8Z1LAi8/getUpdates?offset=417632143&timeout=20 HTTP/1.1" 200 23
 2023-12-18 09:51:32,555 - DEBUG - https://api.telegram.org:443 "GET /bot1548279772:AAHFSr5sYKty6vQb7QK3i6Oa3Mm-8Z1LAi8/getUpdates?offset=417632143&timeout=20 HTTP/1.1" 200 23
 2023-12-18 09:51:52,616 - DEBUG - https://api.telegram.org:443 "GET /bot1548279772:AAHFSr5sYKty6vQb7QK3i6Oa3Mm-8Z1LAi8/getUpdates?offset=417632143&timeout=20 HTTP/1.1" 200 23
 2023-12-18 09:52:12,670 - DEBUG - https://api.telegram.org:443 "GET /bot1548279772:AAHFSr5sYKty6vQb7QK3i6Oa3Mm-8Z1LAi8/getUpdates?offset=417632143&timeout=20 HTTP/1.1" 200 23
 2023-12-18 09:52:32,725 - DEBUG - https://api.telegram.org:443 "GET /bot1548279772:AAHFSr5sYKty6vQb7QK3i6Oa3Mm-8Z1LAi8/getUpdates?offset=417632143&timeout=20 HTTP/1.1" 200 23
 2023-12-18 09:52:52,790 - DEBUG - https://api.telegram.org:443 "GET /bot1548279772:AAHFSr5sYKty6vQb7QK3i6Oa3Mm-8Z1LAi8/getUpdates?offset=417632143&timeout=20 HTTP/1.1" 200 23
 2023-12-18 09:53:12,846 - DEBUG - https://api.telegram.org:443 "GET /bot1548279772:AAHFSr5sYKty6vQb7QK3i6Oa3Mm-8Z1LAi8/getUpdates?offset=417632143&timeout=20 HTTP/1.1" 200 23
 2023-12-18 09:53:32,902 - DEBUG - https://api.telegram.org:443 "GET /bot1548279772:AAHFSr5sYKty6vQb7QK3i6Oa3Mm-8Z1LAi8/getUpdates?offset=417632143&timeout=20 HTTP/1.1" 200 23
 2023-12-18 09:53:52,959 - DEBUG - https://api.telegram.org:443 "GET /bot1548279772:AAHFSr5sYKty6vQb7QK3i6Oa3Mm-8Z1LAi8/getUpdates?offset=417632143&timeout=20 HTTP/1.1" 200 23
 2023-12-18 09:54:13,018 - DEBUG - https://api.telegram.org:443 "GET /bot1548279772:AAHFSr5sYKty6vQb7QK3i6Oa3Mm-8Z1LAi8/getUpdates?offset=417632143&timeout=20 HTTP/1.1" 200 23
 2023-12-18 09:54:33,071 - DEBUG - https://api.telegram.org:443 "GET /bot1548279772:AAHFSr5sYKty6vQb7QK3i6Oa3Mm-8Z1LAi8/getUpdates?offset=417632143&timeout=20 HTTP/1.1" 200 23
 2023-12-18 09:54:53,127 - DEBUG - https://api.telegram.org:443 "GET /bot1548279772:AAHFSr5sYKty6vQb7QK3i6Oa3Mm-8Z1LAi8/getUpdates?offset=417632143&timeout=20 HTTP/1.1" 200 23
 2023-12-18 09:55:13,189 - DEBUG - https://api.telegram.org:443 "GET /bot1548279772:AAHFSr5sYKty6vQb7QK3i6Oa3Mm-8Z1LAi8/getUpdates?offset=417632143&timeout=20 HTTP/1.1" 200 23
 2023-12-18 09:55:33,248 - DEBUG - https://api.telegram.org:443 "GET /bot1548279772:AAHFSr5sYKty6vQb7QK3i6Oa3Mm-8Z1LAi8/getUpdates?offset=417632143&timeout=20 HTTP/1.1" 200 23
 2023-12-18 09:55:53,304 - DEBUG - https://api.telegram.org:443 "GET /bot1548279772:AAHFSr5sYKty6vQb7QK3i6Oa3Mm-8Z1LAi8/getUpdates?offset=417632143&timeout=20 HTTP/1.1" 200 23
 2023-12-18 09:56:13,356 - DEBUG - https://api.telegram.org:443 "GET /bot1548279772:AAHFSr5sYKty6vQb7QK3i6Oa3Mm-8Z1LAi8/getUpdates?offset=417632143&timeout=20 HTTP/1.1" 200 23
 2023-12-18 09:56:33,412 - DEBUG - https://api.telegram.org:443 "GET /bot1548279772:AAHFSr5sYKty6vQb7QK3i6Oa3Mm-8Z1LAi8/getUpdates?offset=417632143&timeout=20 HTTP/1.1" 200 23
 2023-12-18 09:56:53,479 - DEBUG - https://api.telegram.org:443 "GET /bot1548279772:AAHFSr5sYKty6vQb7QK3i6Oa3Mm-8Z1LAi8/getUpdates?offset=417632143&timeout=20 HTTP/1.1" 200 23
 2023-12-18 09:57:13,534 - DEBUG - https://api.telegram.org:443 "GET /bot1548279772:AAHFSr5sYKty6vQb7QK3i6Oa3Mm-8Z1LAi8/getUpdates?offset=417632143&timeout=20 HTTP/1.1" 200 23
 2023-12-18 09:57:33,592 - DEBUG - https://api.telegram.org:443 "GET /bot1548279772:AAHFSr5sYKty6vQb7QK3i6Oa3Mm-8Z1LAi8/getUpdates?offset=417632143&timeout=20 HTTP/1.1" 200 23
 2023-12-18 09:57:53,648 - DEBUG - https://api.telegram.org:443 "GET /bot1548279772:AAHFSr5sYKty6vQb7QK3i6Oa3Mm-8Z1LAi8/getUpdates?offset=417632143&timeout=20 HTTP/1.1" 200 23
 2023-12-18 09:58:13,701 - DEBUG - https://api.telegram.org:443 "GET /bot1548279772:AAHFSr5sYKty6vQb7QK3i6Oa3Mm-8Z1LAi8/getUpdates?offset=417632143&timeout=20 HTTP/1.1" 200 23
 2023-12-18 09:58:33,762 - DEBUG - https://api.telegram.org:443 "GET /bot1548279772:AAHFSr5sYKty6vQb7QK3i6Oa3Mm-8Z1LAi8/getUpdates?offset=417632143&timeout=20 HTTP/1.1" 200 23
 2023-12-18 09:58:53,817 - DEBUG - https://api.telegram.org:443 "GET /bot1548279772:AAHFSr5sYKty6vQb7QK3i6Oa3Mm-8Z1LAi8/getUpdates?offset=417632143&timeout=20 HTTP/1.1" 200 23
 2023-12-18 09:59:13,877 - DEBUG - https://api.telegram.org:443 "GET /bot1548279772:AAHFSr5sYKty6vQb7QK3i6Oa3Mm-8Z1LAi8/getUpdates?offset=417632143&timeout=20 HTTP/1.1" 200 23
 2023-12-18 09:59:33,931 - DEBUG - https://api.telegram.org:443 "GET /bot1548279772:AAHFSr5sYKty6vQb7QK3i6Oa3Mm-8Z1LAi8/getUpdates?offset=417632143&timeout=20 HTTP/1.1" 200 23
 2023-12-18 09:59:53,985 - DEBUG - https://api.telegram.org:443 "GET /bot1548279772:AAHFSr5sYKty6vQb7QK3i6Oa3Mm-8Z1LAi8/getUpdates?offset=417632143&timeout=20 HTTP/1.1" 200 23
 2023-12-18 10:00:14,039 - DEBUG - https://api.telegram.org:443 "GET /bot1548279772:AAHFSr5sYKty6vQb7QK3i6Oa3Mm-8Z1LAi8/getUpdates?offset=417632143&timeout=20 HTTP/1.1" 200 23
 2023-12-18 10:00:34,101 - DEBUG - https://api.telegram.org:443 "GET /bot1548279772:AAHFSr5sYKty6vQb7QK3i6Oa3Mm-8Z1LAi8/getUpdates?offset=417632143&timeout=20 HTTP/1.1" 200 23
 2023-12-18 10:00:34,103 - DEBUG - Starting new HTTPS connection (1): api.telegram.org:443
 2023-12-18 10:00:54,440 - DEBUG - https://api.telegram.org:443 "GET /bot1548279772:AAHFSr5sYKty6vQb7QK3i6Oa3Mm-8Z1LAi8/getUpdates?offset=417632143&timeout=20 HTTP/1.1" 200 23
 2023-12-18 10:01:11,556 - DEBUG - https://api.telegram.org:443 "GET /bot1548279772:AAHFSr5sYKty6vQb7QK3i6Oa3Mm-8Z1LAi8/getUpdates?offset=417632143&timeout=20 HTTP/1.1" 200 1043
 2023-12-18 10:01:31,608 - DEBUG - https://api.telegram.org:443 "GET /bot1548279772:AAHFSr5sYKty6vQb7QK3i6Oa3Mm-8Z1LAi8/getUpdates?offset=417632144&timeout=20 HTTP/1.1" 200 23
 2023-12-18 10:01:48,029 - DEBUG - https://api.telegram.org:443 "GET /bot1548279772:AAHFSr5sYKty6vQb7QK3i6Oa3Mm-8Z1LAi8/getUpdates?offset=417632144&timeout=20 HTTP/1.1" 200 425
 2023-12-18 10:01:48,031 - DEBUG - Starting new HTTPS connection (1): api.telegram.org:443
 2023-12-18 10:01:48,374 - DEBUG - https://api.telegram.org:443 "GET /bot1548279772:AAHFSr5sYKty6vQb7QK3i6Oa3Mm-8Z1LAi8/getMe HTTP/1.1" 200 197
 2023-12-18 10:01:48,503 - DEBUG - https://api.telegram.org:443 "POST /bot1548279772:AAHFSr5sYKty6vQb7QK3i6Oa3Mm-8Z1LAi8/sendMessage?chat_id=71931403&text=%D0%9C%D0%B0%D0%BD%D0%B0%D0%B6%D0%B5%D1%80%D1%8B%21+%0A%40Becky_Bones%2C+%40OlgaStupenkova&parse_mode=html HTTP/1.1" 200 453
 2023-12-18 10:02:08,083 - DEBUG - https://api.telegram.org:443 "GET /bot1548279772:AAHFSr5sYKty6vQb7QK3i6Oa3Mm-8Z1LAi8/getUpdates?offset=417632145&timeout=20 HTTP/1.1" 200 23
 2023-12-18 10:02:28,135 - DEBUG - https://api.telegram.org:443 "GET /bot1548279772:AAHFSr5sYKty6vQb7QK3i6Oa3Mm-8Z1LAi8/getUpdates?offset=417632145&timeout=20 HTTP/1.1" 200 23
 2023-12-18 10:02:48,186 - DEBUG - https://api.telegram.org:443 "GET /bot1548279772:AAHFSr5sYKty6vQb7QK3i6Oa3Mm-8Z1LAi8/getUpdates?offset=417632145&timeout=20 HTTP/1.1" 200 23
 2023-12-18 10:03:08,239 - DEBUG - https://api.telegram.org:443 "GET /bot1548279772:AAHFSr5sYKty6vQb7QK3i6Oa3Mm-8Z1LAi8/getUpdates?offset=417632145&timeout=20 HTTP/1.1" 200 23
