 2023-12-25 13:42:48,767 - DEBUG - Starting new HTTPS connection (1): api.telegram.org:443
 2023-12-25 13:42:55,236 - DEBUG - https://api.telegram.org:443 "GET /bot1548279772:AAHFSr5sYKty6vQb7QK3i6Oa3Mm-8Z1LAi8/getUpdates?offset=1&timeout=20 HTTP/1.1" 200 946
 2023-12-25 13:42:55,239 - DEBUG - Starting new HTTPS connection (1): api.telegram.org:443
 2023-12-25 13:42:55,536 - DEBUG - https://api.telegram.org:443 "POST /bot1548279772:AAHFSr5sYKty6vQb7QK3i6Oa3Mm-8Z1LAi8/sendMessage?chat_id=71931403&text=V%C3%A6r+s%C3%A5+god%2C+Igor%21 HTTP/1.1" 200 300
 2023-12-25 13:43:01,820 - DEBUG - https://api.telegram.org:443 "GET /bot1548279772:AAHFSr5sYKty6vQb7QK3i6Oa3Mm-8Z1LAi8/getUpdates?offset=417633400&timeout=20 HTTP/1.1" 200 1443
 2023-12-25 13:43:07,279 - DEBUG - https://api.telegram.org:443 "GET /bot1548279772:AAHFSr5sYKty6vQb7QK3i6Oa3Mm-8Z1LAi8/getUpdates?offset=417633401&timeout=20 HTTP/1.1" 200 405
 2023-12-25 13:43:27,352 - DEBUG - https://api.telegram.org:443 "GET /bot1548279772:AAHFSr5sYKty6vQb7QK3i6Oa3Mm-8Z1LAi8/getUpdates?offset=417633402&timeout=20 HTTP/1.1" 200 23
 2023-12-25 13:43:29,799 - DEBUG - https://api.telegram.org:443 "GET /bot1548279772:AAHFSr5sYKty6vQb7QK3i6Oa3Mm-8Z1LAi8/getUpdates?offset=417633402&timeout=20 HTTP/1.1" 200 975
 2023-12-25 13:43:39,225 - DEBUG - https://api.telegram.org:443 "GET /bot1548279772:AAHFSr5sYKty6vQb7QK3i6Oa3Mm-8Z1LAi8/getUpdates?offset=417633403&timeout=20 HTTP/1.1" 200 985
 2023-12-25 13:43:55,368 - DEBUG - https://api.telegram.org:443 "GET /bot1548279772:AAHFSr5sYKty6vQb7QK3i6Oa3Mm-8Z1LAi8/getUpdates?offset=417633404&timeout=20 HTTP/1.1" 200 884
 2023-12-25 13:44:01,726 - DEBUG - https://api.telegram.org:443 "GET /bot1548279772:AAHFSr5sYKty6vQb7QK3i6Oa3Mm-8Z1LAi8/getUpdates?offset=417633405&timeout=20 HTTP/1.1" 200 938
 2023-12-25 13:44:01,728 - DEBUG - Starting new HTTPS connection (1): api.telegram.org:443
 2023-12-25 13:44:01,920 - DEBUG - https://api.telegram.org:443 "POST /bot1548279772:AAHFSr5sYKty6vQb7QK3i6Oa3Mm-8Z1LAi8/sendMessage?chat_id=247973559&text=%E3%81%84%E3%81%9F%E3%81%A0%E3%81%8D%E3%81%BE%E3%81%99%2C+%D0%90%D0%B7%D0%B0%D0%BC%D0%B0%D1%82%21 HTTP/1.1" 200 353
 2023-12-25 13:44:10,382 - DEBUG - Starting new HTTPS connection (1): api.telegram.org:443
 2023-12-25 13:44:30,543 - DEBUG - https://api.telegram.org:443 "GET /bot1548279772:AAHFSr5sYKty6vQb7QK3i6Oa3Mm-8Z1LAi8/getUpdates?offset=417633406&timeout=20 HTTP/1.1" 200 23
 2023-12-25 13:44:50,596 - DEBUG - https://api.telegram.org:443 "GET /bot1548279772:AAHFSr5sYKty6vQb7QK3i6Oa3Mm-8Z1LAi8/getUpdates?offset=417633406&timeout=20 HTTP/1.1" 200 23
 2023-12-25 13:45:10,670 - DEBUG - https://api.telegram.org:443 "GET /bot1548279772:AAHFSr5sYKty6vQb7QK3i6Oa3Mm-8Z1LAi8/getUpdates?offset=417633406&timeout=20 HTTP/1.1" 200 23
 2023-12-25 13:45:21,403 - DEBUG - https://api.telegram.org:443 "GET /bot1548279772:AAHFSr5sYKty6vQb7QK3i6Oa3Mm-8Z1LAi8/getUpdates?offset=417633406&timeout=20 HTTP/1.1" 200 1021
 2023-12-25 13:45:24,227 - DEBUG - https://api.telegram.org:443 "GET /bot1548279772:AAHFSr5sYKty6vQb7QK3i6Oa3Mm-8Z1LAi8/getUpdates?offset=417633407&timeout=20 HTTP/1.1" 200 989
 2023-12-25 13:45:36,419 - DEBUG - Starting new HTTPS connection (1): api.telegram.org:443
 2023-12-25 13:45:36,584 - DEBUG - https://api.telegram.org:443 "GET /bot1548279772:AAHFSr5sYKty6vQb7QK3i6Oa3Mm-8Z1LAi8/getUpdates?offset=417633408&timeout=20 HTTP/1.1" 200 1949
 2023-12-25 13:45:51,424 - DEBUG - Starting new HTTPS connection (1): api.telegram.org:443
 2023-12-25 13:46:06,434 - DEBUG - Starting new HTTPS connection (1): api.telegram.org:443
 2023-12-25 13:46:06,596 - DEBUG - https://api.telegram.org:443 "GET /bot1548279772:AAHFSr5sYKty6vQb7QK3i6Oa3Mm-8Z1LAi8/getUpdates?offset=417633410&timeout=20 HTTP/1.1" 409 143
 2023-12-25 13:46:26,598 - DEBUG - https://api.telegram.org:443 "GET /bot1548279772:AAHFSr5sYKty6vQb7QK3i6Oa3Mm-8Z1LAi8/getUpdates?offset=417633410&timeout=20 HTTP/1.1" 200 23
 2023-12-25 13:46:46,656 - DEBUG - https://api.telegram.org:443 "GET /bot1548279772:AAHFSr5sYKty6vQb7QK3i6Oa3Mm-8Z1LAi8/getUpdates?offset=417633410&timeout=20 HTTP/1.1" 200 23
 2023-12-25 13:47:06,712 - DEBUG - https://api.telegram.org:443 "GET /bot1548279772:AAHFSr5sYKty6vQb7QK3i6Oa3Mm-8Z1LAi8/getUpdates?offset=417633410&timeout=20 HTTP/1.1" 200 23
 2023-12-25 13:47:17,773 - DEBUG - https://api.telegram.org:443 "GET /bot1548279772:AAHFSr5sYKty6vQb7QK3i6Oa3Mm-8Z1LAi8/getUpdates?offset=417633410&timeout=20 HTTP/1.1" 200 938
 2023-12-25 13:47:17,858 - DEBUG - https://api.telegram.org:443 "POST /bot1548279772:AAHFSr5sYKty6vQb7QK3i6Oa3Mm-8Z1LAi8/sendMessage?chat_id=247973559&text=Smaklig+m%C3%A5ltid%2C+%D0%90%D0%B7%D0%B0%D0%BC%D0%B0%D1%82%21 HTTP/1.1" 200 336
 2023-12-25 13:47:25,775 - DEBUG - https://api.telegram.org:443 "GET /bot1548279772:AAHFSr5sYKty6vQb7QK3i6Oa3Mm-8Z1LAi8/getUpdates?offset=417633411&timeout=20 HTTP/1.1" 200 1094
 2023-12-25 13:47:26,036 - DEBUG - https://api.telegram.org:443 "POST /bot1548279772:AAHFSr5sYKty6vQb7QK3i6Oa3Mm-8Z1LAi8/sendMessage?chat_id=71931403&text=%D0%94%D0%BE%D0%B1%D1%8A%D1%80+%D0%B0%D0%BF%D0%B5%D1%82%D0%B8%D1%82%2C+Igor%21 HTTP/1.1" 200 347
 2023-12-25 13:47:45,831 - DEBUG - https://api.telegram.org:443 "GET /bot1548279772:AAHFSr5sYKty6vQb7QK3i6Oa3Mm-8Z1LAi8/getUpdates?offset=417633412&timeout=20 HTTP/1.1" 200 23
 2023-12-25 13:48:05,888 - DEBUG - https://api.telegram.org:443 "GET /bot1548279772:AAHFSr5sYKty6vQb7QK3i6Oa3Mm-8Z1LAi8/getUpdates?offset=417633412&timeout=20 HTTP/1.1" 200 23
 2023-12-25 13:48:25,951 - DEBUG - https://api.telegram.org:443 "GET /bot1548279772:AAHFSr5sYKty6vQb7QK3i6Oa3Mm-8Z1LAi8/getUpdates?offset=417633412&timeout=20 HTTP/1.1" 200 23
 2023-12-25 13:48:30,112 - DEBUG - https://api.telegram.org:443 "GET /bot1548279772:AAHFSr5sYKty6vQb7QK3i6Oa3Mm-8Z1LAi8/getUpdates?offset=417633412&timeout=20 HTTP/1.1" 200 543
 2023-12-25 13:48:50,169 - DEBUG - https://api.telegram.org:443 "GET /bot1548279772:AAHFSr5sYKty6vQb7QK3i6Oa3Mm-8Z1LAi8/getUpdates?offset=417633413&timeout=20 HTTP/1.1" 200 23
 2023-12-25 13:49:10,223 - DEBUG - https://api.telegram.org:443 "GET /bot1548279772:AAHFSr5sYKty6vQb7QK3i6Oa3Mm-8Z1LAi8/getUpdates?offset=417633413&timeout=20 HTTP/1.1" 200 23
 2023-12-25 13:49:30,278 - DEBUG - https://api.telegram.org:443 "GET /bot1548279772:AAHFSr5sYKty6vQb7QK3i6Oa3Mm-8Z1LAi8/getUpdates?offset=417633413&timeout=20 HTTP/1.1" 200 23
 2023-12-25 13:49:50,331 - DEBUG - https://api.telegram.org:443 "GET /bot1548279772:AAHFSr5sYKty6vQb7QK3i6Oa3Mm-8Z1LAi8/getUpdates?offset=417633413&timeout=20 HTTP/1.1" 200 23
 2023-12-25 13:50:10,388 - DEBUG - https://api.telegram.org:443 "GET /bot1548279772:AAHFSr5sYKty6vQb7QK3i6Oa3Mm-8Z1LAi8/getUpdates?offset=417633413&timeout=20 HTTP/1.1" 200 23
 2023-12-25 13:50:30,455 - DEBUG - https://api.telegram.org:443 "GET /bot1548279772:AAHFSr5sYKty6vQb7QK3i6Oa3Mm-8Z1LAi8/getUpdates?offset=417633413&timeout=20 HTTP/1.1" 200 23
 2023-12-25 13:50:50,510 - DEBUG - https://api.telegram.org:443 "GET /bot1548279772:AAHFSr5sYKty6vQb7QK3i6Oa3Mm-8Z1LAi8/getUpdates?offset=417633413&timeout=20 HTTP/1.1" 200 23
 2023-12-25 13:51:10,565 - DEBUG - https://api.telegram.org:443 "GET /bot1548279772:AAHFSr5sYKty6vQb7QK3i6Oa3Mm-8Z1LAi8/getUpdates?offset=417633413&timeout=20 HTTP/1.1" 200 23
 2023-12-25 13:51:30,623 - DEBUG - https://api.telegram.org:443 "GET /bot1548279772:AAHFSr5sYKty6vQb7QK3i6Oa3Mm-8Z1LAi8/getUpdates?offset=417633413&timeout=20 HTTP/1.1" 200 23
 2023-12-25 13:51:50,680 - DEBUG - https://api.telegram.org:443 "GET /bot1548279772:AAHFSr5sYKty6vQb7QK3i6Oa3Mm-8Z1LAi8/getUpdates?offset=417633413&timeout=20 HTTP/1.1" 200 23
 2023-12-25 13:52:10,736 - DEBUG - https://api.telegram.org:443 "GET /bot1548279772:AAHFSr5sYKty6vQb7QK3i6Oa3Mm-8Z1LAi8/getUpdates?offset=417633413&timeout=20 HTTP/1.1" 200 23
 2023-12-25 13:52:30,790 - DEBUG - https://api.telegram.org:443 "GET /bot1548279772:AAHFSr5sYKty6vQb7QK3i6Oa3Mm-8Z1LAi8/getUpdates?offset=417633413&timeout=20 HTTP/1.1" 200 23
 2023-12-25 13:52:50,852 - DEBUG - https://api.telegram.org:443 "GET /bot1548279772:AAHFSr5sYKty6vQb7QK3i6Oa3Mm-8Z1LAi8/getUpdates?offset=417633413&timeout=20 HTTP/1.1" 200 23
 2023-12-25 13:53:10,916 - DEBUG - https://api.telegram.org:443 "GET /bot1548279772:AAHFSr5sYKty6vQb7QK3i6Oa3Mm-8Z1LAi8/getUpdates?offset=417633413&timeout=20 HTTP/1.1" 200 23
 2023-12-25 13:53:30,979 - DEBUG - https://api.telegram.org:443 "GET /bot1548279772:AAHFSr5sYKty6vQb7QK3i6Oa3Mm-8Z1LAi8/getUpdates?offset=417633413&timeout=20 HTTP/1.1" 200 23
 2023-12-25 13:53:51,034 - DEBUG - https://api.telegram.org:443 "GET /bot1548279772:AAHFSr5sYKty6vQb7QK3i6Oa3Mm-8Z1LAi8/getUpdates?offset=417633413&timeout=20 HTTP/1.1" 200 23
 2023-12-25 13:54:11,092 - DEBUG - https://api.telegram.org:443 "GET /bot1548279772:AAHFSr5sYKty6vQb7QK3i6Oa3Mm-8Z1LAi8/getUpdates?offset=417633413&timeout=20 HTTP/1.1" 200 23
 2023-12-25 13:54:31,151 - DEBUG - https://api.telegram.org:443 "GET /bot1548279772:AAHFSr5sYKty6vQb7QK3i6Oa3Mm-8Z1LAi8/getUpdates?offset=417633413&timeout=20 HTTP/1.1" 200 23
 2023-12-25 13:54:51,208 - DEBUG - https://api.telegram.org:443 "GET /bot1548279772:AAHFSr5sYKty6vQb7QK3i6Oa3Mm-8Z1LAi8/getUpdates?offset=417633413&timeout=20 HTTP/1.1" 200 23
 2023-12-25 13:55:11,261 - DEBUG - https://api.telegram.org:443 "GET /bot1548279772:AAHFSr5sYKty6vQb7QK3i6Oa3Mm-8Z1LAi8/getUpdates?offset=417633413&timeout=20 HTTP/1.1" 200 23
 2023-12-25 13:55:31,313 - DEBUG - https://api.telegram.org:443 "GET /bot1548279772:AAHFSr5sYKty6vQb7QK3i6Oa3Mm-8Z1LAi8/getUpdates?offset=417633413&timeout=20 HTTP/1.1" 200 23
 2023-12-25 13:55:51,379 - DEBUG - https://api.telegram.org:443 "GET /bot1548279772:AAHFSr5sYKty6vQb7QK3i6Oa3Mm-8Z1LAi8/getUpdates?offset=417633413&timeout=20 HTTP/1.1" 200 23
 2023-12-25 13:56:11,432 - DEBUG - https://api.telegram.org:443 "GET /bot1548279772:AAHFSr5sYKty6vQb7QK3i6Oa3Mm-8Z1LAi8/getUpdates?offset=417633413&timeout=20 HTTP/1.1" 200 23
 2023-12-25 13:56:31,516 - DEBUG - https://api.telegram.org:443 "GET /bot1548279772:AAHFSr5sYKty6vQb7QK3i6Oa3Mm-8Z1LAi8/getUpdates?offset=417633413&timeout=20 HTTP/1.1" 200 23
 2023-12-25 13:56:51,594 - DEBUG - https://api.telegram.org:443 "GET /bot1548279772:AAHFSr5sYKty6vQb7QK3i6Oa3Mm-8Z1LAi8/getUpdates?offset=417633413&timeout=20 HTTP/1.1" 200 23
 2023-12-25 13:57:11,653 - DEBUG - https://api.telegram.org:443 "GET /bot1548279772:AAHFSr5sYKty6vQb7QK3i6Oa3Mm-8Z1LAi8/getUpdates?offset=417633413&timeout=20 HTTP/1.1" 200 23
 2023-12-25 13:57:31,716 - DEBUG - https://api.telegram.org:443 "GET /bot1548279772:AAHFSr5sYKty6vQb7QK3i6Oa3Mm-8Z1LAi8/getUpdates?offset=417633413&timeout=20 HTTP/1.1" 200 23
 2023-12-25 13:57:51,776 - DEBUG - https://api.telegram.org:443 "GET /bot1548279772:AAHFSr5sYKty6vQb7QK3i6Oa3Mm-8Z1LAi8/getUpdates?offset=417633413&timeout=20 HTTP/1.1" 200 23
 2023-12-25 13:58:11,837 - DEBUG - https://api.telegram.org:443 "GET /bot1548279772:AAHFSr5sYKty6vQb7QK3i6Oa3Mm-8Z1LAi8/getUpdates?offset=417633413&timeout=20 HTTP/1.1" 200 23
 2023-12-25 13:58:31,890 - DEBUG - https://api.telegram.org:443 "GET /bot1548279772:AAHFSr5sYKty6vQb7QK3i6Oa3Mm-8Z1LAi8/getUpdates?offset=417633413&timeout=20 HTTP/1.1" 200 23
 2023-12-25 13:58:51,954 - DEBUG - https://api.telegram.org:443 "GET /bot1548279772:AAHFSr5sYKty6vQb7QK3i6Oa3Mm-8Z1LAi8/getUpdates?offset=417633413&timeout=20 HTTP/1.1" 200 23
 2023-12-25 13:59:12,011 - DEBUG - https://api.telegram.org:443 "GET /bot1548279772:AAHFSr5sYKty6vQb7QK3i6Oa3Mm-8Z1LAi8/getUpdates?offset=417633413&timeout=20 HTTP/1.1" 200 23
 2023-12-25 13:59:32,064 - DEBUG - https://api.telegram.org:443 "GET /bot1548279772:AAHFSr5sYKty6vQb7QK3i6Oa3Mm-8Z1LAi8/getUpdates?offset=417633413&timeout=20 HTTP/1.1" 200 23
 2023-12-25 13:59:52,119 - DEBUG - https://api.telegram.org:443 "GET /bot1548279772:AAHFSr5sYKty6vQb7QK3i6Oa3Mm-8Z1LAi8/getUpdates?offset=417633413&timeout=20 HTTP/1.1" 200 23
 2023-12-25 14:00:12,195 - DEBUG - https://api.telegram.org:443 "GET /bot1548279772:AAHFSr5sYKty6vQb7QK3i6Oa3Mm-8Z1LAi8/getUpdates?offset=417633413&timeout=20 HTTP/1.1" 200 23
 2023-12-25 14:00:32,265 - DEBUG - https://api.telegram.org:443 "GET /bot1548279772:AAHFSr5sYKty6vQb7QK3i6Oa3Mm-8Z1LAi8/getUpdates?offset=417633413&timeout=20 HTTP/1.1" 200 23
 2023-12-25 14:00:52,316 - DEBUG - https://api.telegram.org:443 "GET /bot1548279772:AAHFSr5sYKty6vQb7QK3i6Oa3Mm-8Z1LAi8/getUpdates?offset=417633413&timeout=20 HTTP/1.1" 200 23
 2023-12-25 14:01:12,373 - DEBUG - https://api.telegram.org:443 "GET /bot1548279772:AAHFSr5sYKty6vQb7QK3i6Oa3Mm-8Z1LAi8/getUpdates?offset=417633413&timeout=20 HTTP/1.1" 200 23
 2023-12-25 14:01:32,426 - DEBUG - https://api.telegram.org:443 "GET /bot1548279772:AAHFSr5sYKty6vQb7QK3i6Oa3Mm-8Z1LAi8/getUpdates?offset=417633413&timeout=20 HTTP/1.1" 200 23
 2023-12-25 14:01:52,479 - DEBUG - https://api.telegram.org:443 "GET /bot1548279772:AAHFSr5sYKty6vQb7QK3i6Oa3Mm-8Z1LAi8/getUpdates?offset=417633413&timeout=20 HTTP/1.1" 200 23
 2023-12-25 14:02:12,534 - DEBUG - https://api.telegram.org:443 "GET /bot1548279772:AAHFSr5sYKty6vQb7QK3i6Oa3Mm-8Z1LAi8/getUpdates?offset=417633413&timeout=20 HTTP/1.1" 200 23
 2023-12-25 14:02:32,608 - DEBUG - https://api.telegram.org:443 "GET /bot1548279772:AAHFSr5sYKty6vQb7QK3i6Oa3Mm-8Z1LAi8/getUpdates?offset=417633413&timeout=20 HTTP/1.1" 200 23
 2023-12-25 14:02:52,664 - DEBUG - https://api.telegram.org:443 "GET /bot1548279772:AAHFSr5sYKty6vQb7QK3i6Oa3Mm-8Z1LAi8/getUpdates?offset=417633413&timeout=20 HTTP/1.1" 200 23
 2023-12-25 14:03:12,715 - DEBUG - https://api.telegram.org:443 "GET /bot1548279772:AAHFSr5sYKty6vQb7QK3i6Oa3Mm-8Z1LAi8/getUpdates?offset=417633413&timeout=20 HTTP/1.1" 200 23
 2023-12-25 14:03:32,775 - DEBUG - https://api.telegram.org:443 "GET /bot1548279772:AAHFSr5sYKty6vQb7QK3i6Oa3Mm-8Z1LAi8/getUpdates?offset=417633413&timeout=20 HTTP/1.1" 200 23
 2023-12-25 14:03:52,834 - DEBUG - https://api.telegram.org:443 "GET /bot1548279772:AAHFSr5sYKty6vQb7QK3i6Oa3Mm-8Z1LAi8/getUpdates?offset=417633413&timeout=20 HTTP/1.1" 200 23
 2023-12-25 14:04:12,887 - DEBUG - https://api.telegram.org:443 "GET /bot1548279772:AAHFSr5sYKty6vQb7QK3i6Oa3Mm-8Z1LAi8/getUpdates?offset=417633413&timeout=20 HTTP/1.1" 200 23
 2023-12-25 14:04:32,941 - DEBUG - https://api.telegram.org:443 "GET /bot1548279772:AAHFSr5sYKty6vQb7QK3i6Oa3Mm-8Z1LAi8/getUpdates?offset=417633413&timeout=20 HTTP/1.1" 200 23
 2023-12-25 14:04:52,994 - DEBUG - https://api.telegram.org:443 "GET /bot1548279772:AAHFSr5sYKty6vQb7QK3i6Oa3Mm-8Z1LAi8/getUpdates?offset=417633413&timeout=20 HTTP/1.1" 200 23
 2023-12-25 14:05:13,051 - DEBUG - https://api.telegram.org:443 "GET /bot1548279772:AAHFSr5sYKty6vQb7QK3i6Oa3Mm-8Z1LAi8/getUpdates?offset=417633413&timeout=20 HTTP/1.1" 200 23
 2023-12-25 14:05:33,117 - DEBUG - https://api.telegram.org:443 "GET /bot1548279772:AAHFSr5sYKty6vQb7QK3i6Oa3Mm-8Z1LAi8/getUpdates?offset=417633413&timeout=20 HTTP/1.1" 200 23
 2023-12-25 14:05:53,169 - DEBUG - https://api.telegram.org:443 "GET /bot1548279772:AAHFSr5sYKty6vQb7QK3i6Oa3Mm-8Z1LAi8/getUpdates?offset=417633413&timeout=20 HTTP/1.1" 200 23
 2023-12-25 14:06:13,229 - DEBUG - https://api.telegram.org:443 "GET /bot1548279772:AAHFSr5sYKty6vQb7QK3i6Oa3Mm-8Z1LAi8/getUpdates?offset=417633413&timeout=20 HTTP/1.1" 200 23
 2023-12-25 14:06:33,285 - DEBUG - https://api.telegram.org:443 "GET /bot1548279772:AAHFSr5sYKty6vQb7QK3i6Oa3Mm-8Z1LAi8/getUpdates?offset=417633413&timeout=20 HTTP/1.1" 200 23
 2023-12-25 14:06:53,340 - DEBUG - https://api.telegram.org:443 "GET /bot1548279772:AAHFSr5sYKty6vQb7QK3i6Oa3Mm-8Z1LAi8/getUpdates?offset=417633413&timeout=20 HTTP/1.1" 200 23
 2023-12-25 14:07:13,397 - DEBUG - https://api.telegram.org:443 "GET /bot1548279772:AAHFSr5sYKty6vQb7QK3i6Oa3Mm-8Z1LAi8/getUpdates?offset=417633413&timeout=20 HTTP/1.1" 200 23
 2023-12-25 14:07:33,449 - DEBUG - https://api.telegram.org:443 "GET /bot1548279772:AAHFSr5sYKty6vQb7QK3i6Oa3Mm-8Z1LAi8/getUpdates?offset=417633413&timeout=20 HTTP/1.1" 200 23
