 2023-12-18 15:13:42,020 - DEBUG - Starting new HTTPS connection (1): api.telegram.org:443
 2023-12-18 15:13:49,270 - DEBUG - https://api.telegram.org:443 "GET /bot1548279772:AAHFSr5sYKty6vQb7QK3i6Oa3Mm-8Z1LAi8/getUpdates?offset=1&timeout=20 HTTP/1.1" 200 430
 2023-12-18 15:13:49,272 - DEBUG - Starting new HTTPS connection (1): api.telegram.org:443
 2023-12-18 15:13:49,569 - DEBUG - https://api.telegram.org:443 "POST /bot1548279772:AAHFSr5sYKty6vQb7QK3i6Oa3Mm-8Z1LAi8/sendMessage?chat_id=-1001210129344&text=Bon+pro%27%2C+%D0%98%D0%B3%D0%BE%D1%80%D1%8F%D0%BC%D0%B1%D0%B0%21 HTTP/1.1" 200 368
 2023-12-18 15:13:52,023 - DEBUG - https://api.telegram.org:443 "GET /bot1548279772:AAHFSr5sYKty6vQb7QK3i6Oa3Mm-8Z1LAi8/getUpdates?offset=417632299&timeout=20 HTTP/1.1" 200 1433
 2023-12-18 15:14:12,076 - DEBUG - https://api.telegram.org:443 "GET /bot1548279772:AAHFSr5sYKty6vQb7QK3i6Oa3Mm-8Z1LAi8/getUpdates?offset=417632300&timeout=20 HTTP/1.1" 200 23
 2023-12-18 15:14:32,128 - DEBUG - https://api.telegram.org:443 "GET /bot1548279772:AAHFSr5sYKty6vQb7QK3i6Oa3Mm-8Z1LAi8/getUpdates?offset=417632300&timeout=20 HTTP/1.1" 200 23
 2023-12-18 15:14:52,181 - DEBUG - https://api.telegram.org:443 "GET /bot1548279772:AAHFSr5sYKty6vQb7QK3i6Oa3Mm-8Z1LAi8/getUpdates?offset=417632300&timeout=20 HTTP/1.1" 200 23
 2023-12-18 15:15:12,236 - DEBUG - https://api.telegram.org:443 "GET /bot1548279772:AAHFSr5sYKty6vQb7QK3i6Oa3Mm-8Z1LAi8/getUpdates?offset=417632300&timeout=20 HTTP/1.1" 200 23
 2023-12-18 15:15:32,289 - DEBUG - https://api.telegram.org:443 "GET /bot1548279772:AAHFSr5sYKty6vQb7QK3i6Oa3Mm-8Z1LAi8/getUpdates?offset=417632300&timeout=20 HTTP/1.1" 200 23
 2023-12-18 15:15:52,341 - DEBUG - https://api.telegram.org:443 "GET /bot1548279772:AAHFSr5sYKty6vQb7QK3i6Oa3Mm-8Z1LAi8/getUpdates?offset=417632300&timeout=20 HTTP/1.1" 200 23
 2023-12-18 15:16:12,394 - DEBUG - https://api.telegram.org:443 "GET /bot1548279772:AAHFSr5sYKty6vQb7QK3i6Oa3Mm-8Z1LAi8/getUpdates?offset=417632300&timeout=20 HTTP/1.1" 200 23
 2023-12-18 15:16:32,447 - DEBUG - https://api.telegram.org:443 "GET /bot1548279772:AAHFSr5sYKty6vQb7QK3i6Oa3Mm-8Z1LAi8/getUpdates?offset=417632300&timeout=20 HTTP/1.1" 200 23
 2023-12-18 15:16:52,500 - DEBUG - https://api.telegram.org:443 "GET /bot1548279772:AAHFSr5sYKty6vQb7QK3i6Oa3Mm-8Z1LAi8/getUpdates?offset=417632300&timeout=20 HTTP/1.1" 200 23
 2023-12-18 15:17:12,552 - DEBUG - https://api.telegram.org:443 "GET /bot1548279772:AAHFSr5sYKty6vQb7QK3i6Oa3Mm-8Z1LAi8/getUpdates?offset=417632300&timeout=20 HTTP/1.1" 200 23
 2023-12-18 15:17:32,604 - DEBUG - https://api.telegram.org:443 "GET /bot1548279772:AAHFSr5sYKty6vQb7QK3i6Oa3Mm-8Z1LAi8/getUpdates?offset=417632300&timeout=20 HTTP/1.1" 200 23
 2023-12-18 15:17:52,656 - DEBUG - https://api.telegram.org:443 "GET /bot1548279772:AAHFSr5sYKty6vQb7QK3i6Oa3Mm-8Z1LAi8/getUpdates?offset=417632300&timeout=20 HTTP/1.1" 200 23
 2023-12-18 15:18:12,709 - DEBUG - https://api.telegram.org:443 "GET /bot1548279772:AAHFSr5sYKty6vQb7QK3i6Oa3Mm-8Z1LAi8/getUpdates?offset=417632300&timeout=20 HTTP/1.1" 200 23
 2023-12-18 15:18:32,760 - DEBUG - https://api.telegram.org:443 "GET /bot1548279772:AAHFSr5sYKty6vQb7QK3i6Oa3Mm-8Z1LAi8/getUpdates?offset=417632300&timeout=20 HTTP/1.1" 200 23
 2023-12-18 15:18:52,838 - DEBUG - https://api.telegram.org:443 "GET /bot1548279772:AAHFSr5sYKty6vQb7QK3i6Oa3Mm-8Z1LAi8/getUpdates?offset=417632300&timeout=20 HTTP/1.1" 200 23
 2023-12-18 15:19:12,889 - DEBUG - https://api.telegram.org:443 "GET /bot1548279772:AAHFSr5sYKty6vQb7QK3i6Oa3Mm-8Z1LAi8/getUpdates?offset=417632300&timeout=20 HTTP/1.1" 200 23
 2023-12-18 15:19:32,941 - DEBUG - https://api.telegram.org:443 "GET /bot1548279772:AAHFSr5sYKty6vQb7QK3i6Oa3Mm-8Z1LAi8/getUpdates?offset=417632300&timeout=20 HTTP/1.1" 200 23
 2023-12-18 15:19:52,994 - DEBUG - https://api.telegram.org:443 "GET /bot1548279772:AAHFSr5sYKty6vQb7QK3i6Oa3Mm-8Z1LAi8/getUpdates?offset=417632300&timeout=20 HTTP/1.1" 200 23
 2023-12-18 15:20:13,045 - DEBUG - https://api.telegram.org:443 "GET /bot1548279772:AAHFSr5sYKty6vQb7QK3i6Oa3Mm-8Z1LAi8/getUpdates?offset=417632300&timeout=20 HTTP/1.1" 200 23
 2023-12-18 15:20:33,099 - DEBUG - https://api.telegram.org:443 "GET /bot1548279772:AAHFSr5sYKty6vQb7QK3i6Oa3Mm-8Z1LAi8/getUpdates?offset=417632300&timeout=20 HTTP/1.1" 200 23
 2023-12-18 15:20:53,152 - DEBUG - https://api.telegram.org:443 "GET /bot1548279772:AAHFSr5sYKty6vQb7QK3i6Oa3Mm-8Z1LAi8/getUpdates?offset=417632300&timeout=20 HTTP/1.1" 200 23
 2023-12-18 15:21:08,247 - DEBUG - https://api.telegram.org:443 "GET /bot1548279772:AAHFSr5sYKty6vQb7QK3i6Oa3Mm-8Z1LAi8/getUpdates?offset=417632300&timeout=20 HTTP/1.1" 200 387
 2023-12-18 15:21:08,250 - DEBUG - Starting new HTTPS connection (1): api.telegram.org:443
 2023-12-18 15:21:08,470 - DEBUG - https://api.telegram.org:443 "POST /bot1548279772:AAHFSr5sYKty6vQb7QK3i6Oa3Mm-8Z1LAi8/sendMessage?chat_id=-1001210129344&text=Head+isu%2C+%D0%96%D0%B5%D0%BD%D1%8F%21 HTTP/1.1" 200 344
 2023-12-18 15:21:28,301 - DEBUG - https://api.telegram.org:443 "GET /bot1548279772:AAHFSr5sYKty6vQb7QK3i6Oa3Mm-8Z1LAi8/getUpdates?offset=417632301&timeout=20 HTTP/1.1" 200 23
 2023-12-18 15:21:48,352 - DEBUG - https://api.telegram.org:443 "GET /bot1548279772:AAHFSr5sYKty6vQb7QK3i6Oa3Mm-8Z1LAi8/getUpdates?offset=417632301&timeout=20 HTTP/1.1" 200 23
 2023-12-18 15:22:08,404 - DEBUG - https://api.telegram.org:443 "GET /bot1548279772:AAHFSr5sYKty6vQb7QK3i6Oa3Mm-8Z1LAi8/getUpdates?offset=417632301&timeout=20 HTTP/1.1" 200 23
 2023-12-18 15:22:28,455 - DEBUG - https://api.telegram.org:443 "GET /bot1548279772:AAHFSr5sYKty6vQb7QK3i6Oa3Mm-8Z1LAi8/getUpdates?offset=417632301&timeout=20 HTTP/1.1" 200 23
 2023-12-18 15:22:48,509 - DEBUG - https://api.telegram.org:443 "GET /bot1548279772:AAHFSr5sYKty6vQb7QK3i6Oa3Mm-8Z1LAi8/getUpdates?offset=417632301&timeout=20 HTTP/1.1" 200 23
 2023-12-18 15:23:08,563 - DEBUG - https://api.telegram.org:443 "GET /bot1548279772:AAHFSr5sYKty6vQb7QK3i6Oa3Mm-8Z1LAi8/getUpdates?offset=417632301&timeout=20 HTTP/1.1" 200 23
 2023-12-18 15:23:27,053 - DEBUG - https://api.telegram.org:443 "GET /bot1548279772:AAHFSr5sYKty6vQb7QK3i6Oa3Mm-8Z1LAi8/getUpdates?offset=417632301&timeout=20 HTTP/1.1" 200 556
 2023-12-18 15:23:47,106 - DEBUG - https://api.telegram.org:443 "GET /bot1548279772:AAHFSr5sYKty6vQb7QK3i6Oa3Mm-8Z1LAi8/getUpdates?offset=417632302&timeout=20 HTTP/1.1" 200 23
 2023-12-18 15:24:07,158 - DEBUG - https://api.telegram.org:443 "GET /bot1548279772:AAHFSr5sYKty6vQb7QK3i6Oa3Mm-8Z1LAi8/getUpdates?offset=417632302&timeout=20 HTTP/1.1" 200 23
 2023-12-18 15:24:27,210 - DEBUG - https://api.telegram.org:443 "GET /bot1548279772:AAHFSr5sYKty6vQb7QK3i6Oa3Mm-8Z1LAi8/getUpdates?offset=417632302&timeout=20 HTTP/1.1" 200 23
 2023-12-18 15:24:32,913 - DEBUG - https://api.telegram.org:443 "GET /bot1548279772:AAHFSr5sYKty6vQb7QK3i6Oa3Mm-8Z1LAi8/getUpdates?offset=417632302&timeout=20 HTTP/1.1" 200 1364
 2023-12-18 15:24:52,966 - DEBUG - https://api.telegram.org:443 "GET /bot1548279772:AAHFSr5sYKty6vQb7QK3i6Oa3Mm-8Z1LAi8/getUpdates?offset=417632303&timeout=20 HTTP/1.1" 200 23
 2023-12-18 15:25:13,019 - DEBUG - https://api.telegram.org:443 "GET /bot1548279772:AAHFSr5sYKty6vQb7QK3i6Oa3Mm-8Z1LAi8/getUpdates?offset=417632303&timeout=20 HTTP/1.1" 200 23
 2023-12-18 15:25:33,070 - DEBUG - https://api.telegram.org:443 "GET /bot1548279772:AAHFSr5sYKty6vQb7QK3i6Oa3Mm-8Z1LAi8/getUpdates?offset=417632303&timeout=20 HTTP/1.1" 200 23
 2023-12-18 15:25:53,123 - DEBUG - https://api.telegram.org:443 "GET /bot1548279772:AAHFSr5sYKty6vQb7QK3i6Oa3Mm-8Z1LAi8/getUpdates?offset=417632303&timeout=20 HTTP/1.1" 200 23
 2023-12-18 15:26:13,175 - DEBUG - https://api.telegram.org:443 "GET /bot1548279772:AAHFSr5sYKty6vQb7QK3i6Oa3Mm-8Z1LAi8/getUpdates?offset=417632303&timeout=20 HTTP/1.1" 200 23
 2023-12-18 15:26:33,228 - DEBUG - https://api.telegram.org:443 "GET /bot1548279772:AAHFSr5sYKty6vQb7QK3i6Oa3Mm-8Z1LAi8/getUpdates?offset=417632303&timeout=20 HTTP/1.1" 200 23
 2023-12-18 15:26:53,279 - DEBUG - https://api.telegram.org:443 "GET /bot1548279772:AAHFSr5sYKty6vQb7QK3i6Oa3Mm-8Z1LAi8/getUpdates?offset=417632303&timeout=20 HTTP/1.1" 200 23
 2023-12-18 15:27:13,331 - DEBUG - https://api.telegram.org:443 "GET /bot1548279772:AAHFSr5sYKty6vQb7QK3i6Oa3Mm-8Z1LAi8/getUpdates?offset=417632303&timeout=20 HTTP/1.1" 200 23
 2023-12-18 15:27:33,387 - DEBUG - https://api.telegram.org:443 "GET /bot1548279772:AAHFSr5sYKty6vQb7QK3i6Oa3Mm-8Z1LAi8/getUpdates?offset=417632303&timeout=20 HTTP/1.1" 200 23
 2023-12-18 15:27:53,440 - DEBUG - https://api.telegram.org:443 "GET /bot1548279772:AAHFSr5sYKty6vQb7QK3i6Oa3Mm-8Z1LAi8/getUpdates?offset=417632303&timeout=20 HTTP/1.1" 200 23
 2023-12-18 15:28:13,492 - DEBUG - https://api.telegram.org:443 "GET /bot1548279772:AAHFSr5sYKty6vQb7QK3i6Oa3Mm-8Z1LAi8/getUpdates?offset=417632303&timeout=20 HTTP/1.1" 200 23
 2023-12-18 15:28:33,545 - DEBUG - https://api.telegram.org:443 "GET /bot1548279772:AAHFSr5sYKty6vQb7QK3i6Oa3Mm-8Z1LAi8/getUpdates?offset=417632303&timeout=20 HTTP/1.1" 200 23
 2023-12-18 15:28:53,598 - DEBUG - https://api.telegram.org:443 "GET /bot1548279772:AAHFSr5sYKty6vQb7QK3i6Oa3Mm-8Z1LAi8/getUpdates?offset=417632303&timeout=20 HTTP/1.1" 200 23
 2023-12-18 15:29:03,053 - DEBUG - https://api.telegram.org:443 "GET /bot1548279772:AAHFSr5sYKty6vQb7QK3i6Oa3Mm-8Z1LAi8/getUpdates?offset=417632303&timeout=20 HTTP/1.1" 200 1224
 2023-12-18 15:29:23,105 - DEBUG - https://api.telegram.org:443 "GET /bot1548279772:AAHFSr5sYKty6vQb7QK3i6Oa3Mm-8Z1LAi8/getUpdates?offset=417632304&timeout=20 HTTP/1.1" 200 23
 2023-12-18 15:29:43,156 - DEBUG - https://api.telegram.org:443 "GET /bot1548279772:AAHFSr5sYKty6vQb7QK3i6Oa3Mm-8Z1LAi8/getUpdates?offset=417632304&timeout=20 HTTP/1.1" 200 23
 2023-12-18 15:30:03,210 - DEBUG - https://api.telegram.org:443 "GET /bot1548279772:AAHFSr5sYKty6vQb7QK3i6Oa3Mm-8Z1LAi8/getUpdates?offset=417632304&timeout=20 HTTP/1.1" 200 23
 2023-12-18 15:30:23,267 - DEBUG - https://api.telegram.org:443 "GET /bot1548279772:AAHFSr5sYKty6vQb7QK3i6Oa3Mm-8Z1LAi8/getUpdates?offset=417632304&timeout=20 HTTP/1.1" 200 23
 2023-12-18 15:30:43,319 - DEBUG - https://api.telegram.org:443 "GET /bot1548279772:AAHFSr5sYKty6vQb7QK3i6Oa3Mm-8Z1LAi8/getUpdates?offset=417632304&timeout=20 HTTP/1.1" 200 23
 2023-12-18 15:31:03,370 - DEBUG - https://api.telegram.org:443 "GET /bot1548279772:AAHFSr5sYKty6vQb7QK3i6Oa3Mm-8Z1LAi8/getUpdates?offset=417632304&timeout=20 HTTP/1.1" 200 23
 2023-12-18 15:31:23,455 - DEBUG - https://api.telegram.org:443 "GET /bot1548279772:AAHFSr5sYKty6vQb7QK3i6Oa3Mm-8Z1LAi8/getUpdates?offset=417632304&timeout=20 HTTP/1.1" 200 23
 2023-12-18 15:31:43,511 - DEBUG - https://api.telegram.org:443 "GET /bot1548279772:AAHFSr5sYKty6vQb7QK3i6Oa3Mm-8Z1LAi8/getUpdates?offset=417632304&timeout=20 HTTP/1.1" 200 23
 2023-12-18 15:32:03,563 - DEBUG - https://api.telegram.org:443 "GET /bot1548279772:AAHFSr5sYKty6vQb7QK3i6Oa3Mm-8Z1LAi8/getUpdates?offset=417632304&timeout=20 HTTP/1.1" 200 23
 2023-12-18 15:32:23,615 - DEBUG - https://api.telegram.org:443 "GET /bot1548279772:AAHFSr5sYKty6vQb7QK3i6Oa3Mm-8Z1LAi8/getUpdates?offset=417632304&timeout=20 HTTP/1.1" 200 23
 2023-12-18 15:32:43,695 - DEBUG - https://api.telegram.org:443 "GET /bot1548279772:AAHFSr5sYKty6vQb7QK3i6Oa3Mm-8Z1LAi8/getUpdates?offset=417632304&timeout=20 HTTP/1.1" 200 23
 2023-12-18 15:33:03,748 - DEBUG - https://api.telegram.org:443 "GET /bot1548279772:AAHFSr5sYKty6vQb7QK3i6Oa3Mm-8Z1LAi8/getUpdates?offset=417632304&timeout=20 HTTP/1.1" 200 23
 2023-12-18 15:33:23,801 - DEBUG - https://api.telegram.org:443 "GET /bot1548279772:AAHFSr5sYKty6vQb7QK3i6Oa3Mm-8Z1LAi8/getUpdates?offset=417632304&timeout=20 HTTP/1.1" 200 23
 2023-12-18 15:33:43,854 - DEBUG - https://api.telegram.org:443 "GET /bot1548279772:AAHFSr5sYKty6vQb7QK3i6Oa3Mm-8Z1LAi8/getUpdates?offset=417632304&timeout=20 HTTP/1.1" 200 23
 2023-12-18 15:34:03,907 - DEBUG - https://api.telegram.org:443 "GET /bot1548279772:AAHFSr5sYKty6vQb7QK3i6Oa3Mm-8Z1LAi8/getUpdates?offset=417632304&timeout=20 HTTP/1.1" 200 23
 2023-12-18 15:34:23,959 - DEBUG - https://api.telegram.org:443 "GET /bot1548279772:AAHFSr5sYKty6vQb7QK3i6Oa3Mm-8Z1LAi8/getUpdates?offset=417632304&timeout=20 HTTP/1.1" 200 23
 2023-12-18 15:34:44,009 - DEBUG - https://api.telegram.org:443 "GET /bot1548279772:AAHFSr5sYKty6vQb7QK3i6Oa3Mm-8Z1LAi8/getUpdates?offset=417632304&timeout=20 HTTP/1.1" 200 23
 2023-12-18 15:35:04,062 - DEBUG - https://api.telegram.org:443 "GET /bot1548279772:AAHFSr5sYKty6vQb7QK3i6Oa3Mm-8Z1LAi8/getUpdates?offset=417632304&timeout=20 HTTP/1.1" 200 23
 2023-12-18 15:35:24,116 - DEBUG - https://api.telegram.org:443 "GET /bot1548279772:AAHFSr5sYKty6vQb7QK3i6Oa3Mm-8Z1LAi8/getUpdates?offset=417632304&timeout=20 HTTP/1.1" 200 23
 2023-12-18 15:35:44,168 - DEBUG - https://api.telegram.org:443 "GET /bot1548279772:AAHFSr5sYKty6vQb7QK3i6Oa3Mm-8Z1LAi8/getUpdates?offset=417632304&timeout=20 HTTP/1.1" 200 23
 2023-12-18 15:36:04,220 - DEBUG - https://api.telegram.org:443 "GET /bot1548279772:AAHFSr5sYKty6vQb7QK3i6Oa3Mm-8Z1LAi8/getUpdates?offset=417632304&timeout=20 HTTP/1.1" 200 23
 2023-12-18 15:36:24,272 - DEBUG - https://api.telegram.org:443 "GET /bot1548279772:AAHFSr5sYKty6vQb7QK3i6Oa3Mm-8Z1LAi8/getUpdates?offset=417632304&timeout=20 HTTP/1.1" 200 23
 2023-12-18 15:36:44,324 - DEBUG - https://api.telegram.org:443 "GET /bot1548279772:AAHFSr5sYKty6vQb7QK3i6Oa3Mm-8Z1LAi8/getUpdates?offset=417632304&timeout=20 HTTP/1.1" 200 23
 2023-12-18 15:37:04,380 - DEBUG - https://api.telegram.org:443 "GET /bot1548279772:AAHFSr5sYKty6vQb7QK3i6Oa3Mm-8Z1LAi8/getUpdates?offset=417632304&timeout=20 HTTP/1.1" 200 23
 2023-12-18 15:37:24,434 - DEBUG - https://api.telegram.org:443 "GET /bot1548279772:AAHFSr5sYKty6vQb7QK3i6Oa3Mm-8Z1LAi8/getUpdates?offset=417632304&timeout=20 HTTP/1.1" 200 23
 2023-12-18 15:37:44,486 - DEBUG - https://api.telegram.org:443 "GET /bot1548279772:AAHFSr5sYKty6vQb7QK3i6Oa3Mm-8Z1LAi8/getUpdates?offset=417632304&timeout=20 HTTP/1.1" 200 23
 2023-12-18 15:38:04,539 - DEBUG - https://api.telegram.org:443 "GET /bot1548279772:AAHFSr5sYKty6vQb7QK3i6Oa3Mm-8Z1LAi8/getUpdates?offset=417632304&timeout=20 HTTP/1.1" 200 23
 2023-12-18 15:38:24,592 - DEBUG - https://api.telegram.org:443 "GET /bot1548279772:AAHFSr5sYKty6vQb7QK3i6Oa3Mm-8Z1LAi8/getUpdates?offset=417632304&timeout=20 HTTP/1.1" 200 23
 2023-12-18 15:38:44,643 - DEBUG - https://api.telegram.org:443 "GET /bot1548279772:AAHFSr5sYKty6vQb7QK3i6Oa3Mm-8Z1LAi8/getUpdates?offset=417632304&timeout=20 HTTP/1.1" 200 23
 2023-12-18 15:39:04,697 - DEBUG - https://api.telegram.org:443 "GET /bot1548279772:AAHFSr5sYKty6vQb7QK3i6Oa3Mm-8Z1LAi8/getUpdates?offset=417632304&timeout=20 HTTP/1.1" 200 23
 2023-12-18 15:39:24,750 - DEBUG - https://api.telegram.org:443 "GET /bot1548279772:AAHFSr5sYKty6vQb7QK3i6Oa3Mm-8Z1LAi8/getUpdates?offset=417632304&timeout=20 HTTP/1.1" 200 23
 2023-12-18 15:39:44,801 - DEBUG - https://api.telegram.org:443 "GET /bot1548279772:AAHFSr5sYKty6vQb7QK3i6Oa3Mm-8Z1LAi8/getUpdates?offset=417632304&timeout=20 HTTP/1.1" 200 23
 2023-12-18 15:40:04,852 - DEBUG - https://api.telegram.org:443 "GET /bot1548279772:AAHFSr5sYKty6vQb7QK3i6Oa3Mm-8Z1LAi8/getUpdates?offset=417632304&timeout=20 HTTP/1.1" 200 23
 2023-12-18 15:40:24,905 - DEBUG - https://api.telegram.org:443 "GET /bot1548279772:AAHFSr5sYKty6vQb7QK3i6Oa3Mm-8Z1LAi8/getUpdates?offset=417632304&timeout=20 HTTP/1.1" 200 23
 2023-12-18 15:40:44,957 - DEBUG - https://api.telegram.org:443 "GET /bot1548279772:AAHFSr5sYKty6vQb7QK3i6Oa3Mm-8Z1LAi8/getUpdates?offset=417632304&timeout=20 HTTP/1.1" 200 23
 2023-12-18 15:41:05,010 - DEBUG - https://api.telegram.org:443 "GET /bot1548279772:AAHFSr5sYKty6vQb7QK3i6Oa3Mm-8Z1LAi8/getUpdates?offset=417632304&timeout=20 HTTP/1.1" 200 23
 2023-12-18 15:41:25,063 - DEBUG - https://api.telegram.org:443 "GET /bot1548279772:AAHFSr5sYKty6vQb7QK3i6Oa3Mm-8Z1LAi8/getUpdates?offset=417632304&timeout=20 HTTP/1.1" 200 23
 2023-12-18 15:41:45,116 - DEBUG - https://api.telegram.org:443 "GET /bot1548279772:AAHFSr5sYKty6vQb7QK3i6Oa3Mm-8Z1LAi8/getUpdates?offset=417632304&timeout=20 HTTP/1.1" 200 23
 2023-12-18 15:42:05,176 - DEBUG - https://api.telegram.org:443 "GET /bot1548279772:AAHFSr5sYKty6vQb7QK3i6Oa3Mm-8Z1LAi8/getUpdates?offset=417632304&timeout=20 HTTP/1.1" 200 23
 2023-12-18 15:42:25,233 - DEBUG - https://api.telegram.org:443 "GET /bot1548279772:AAHFSr5sYKty6vQb7QK3i6Oa3Mm-8Z1LAi8/getUpdates?offset=417632304&timeout=20 HTTP/1.1" 200 23
 2023-12-18 15:42:45,291 - DEBUG - https://api.telegram.org:443 "GET /bot1548279772:AAHFSr5sYKty6vQb7QK3i6Oa3Mm-8Z1LAi8/getUpdates?offset=417632304&timeout=20 HTTP/1.1" 200 23
 2023-12-18 15:43:05,344 - DEBUG - https://api.telegram.org:443 "GET /bot1548279772:AAHFSr5sYKty6vQb7QK3i6Oa3Mm-8Z1LAi8/getUpdates?offset=417632304&timeout=20 HTTP/1.1" 200 23
 2023-12-18 15:43:25,397 - DEBUG - https://api.telegram.org:443 "GET /bot1548279772:AAHFSr5sYKty6vQb7QK3i6Oa3Mm-8Z1LAi8/getUpdates?offset=417632304&timeout=20 HTTP/1.1" 200 23
 2023-12-18 15:43:45,448 - DEBUG - https://api.telegram.org:443 "GET /bot1548279772:AAHFSr5sYKty6vQb7QK3i6Oa3Mm-8Z1LAi8/getUpdates?offset=417632304&timeout=20 HTTP/1.1" 200 23
 2023-12-18 15:44:05,502 - DEBUG - https://api.telegram.org:443 "GET /bot1548279772:AAHFSr5sYKty6vQb7QK3i6Oa3Mm-8Z1LAi8/getUpdates?offset=417632304&timeout=20 HTTP/1.1" 200 23
 2023-12-18 15:44:25,555 - DEBUG - https://api.telegram.org:443 "GET /bot1548279772:AAHFSr5sYKty6vQb7QK3i6Oa3Mm-8Z1LAi8/getUpdates?offset=417632304&timeout=20 HTTP/1.1" 200 23
 2023-12-18 15:44:45,607 - DEBUG - https://api.telegram.org:443 "GET /bot1548279772:AAHFSr5sYKty6vQb7QK3i6Oa3Mm-8Z1LAi8/getUpdates?offset=417632304&timeout=20 HTTP/1.1" 200 23
 2023-12-18 15:45:05,660 - DEBUG - https://api.telegram.org:443 "GET /bot1548279772:AAHFSr5sYKty6vQb7QK3i6Oa3Mm-8Z1LAi8/getUpdates?offset=417632304&timeout=20 HTTP/1.1" 200 23
 2023-12-18 15:45:25,711 - DEBUG - https://api.telegram.org:443 "GET /bot1548279772:AAHFSr5sYKty6vQb7QK3i6Oa3Mm-8Z1LAi8/getUpdates?offset=417632304&timeout=20 HTTP/1.1" 200 23
 2023-12-18 15:45:45,764 - DEBUG - https://api.telegram.org:443 "GET /bot1548279772:AAHFSr5sYKty6vQb7QK3i6Oa3Mm-8Z1LAi8/getUpdates?offset=417632304&timeout=20 HTTP/1.1" 200 23
 2023-12-18 15:46:05,838 - DEBUG - https://api.telegram.org:443 "GET /bot1548279772:AAHFSr5sYKty6vQb7QK3i6Oa3Mm-8Z1LAi8/getUpdates?offset=417632304&timeout=20 HTTP/1.1" 200 23
 2023-12-18 15:46:05,839 - DEBUG - Resetting dropped connection: api.telegram.org
 2023-12-18 15:46:26,015 - DEBUG - https://api.telegram.org:443 "GET /bot1548279772:AAHFSr5sYKty6vQb7QK3i6Oa3Mm-8Z1LAi8/getUpdates?offset=417632304&timeout=20 HTTP/1.1" 200 23
 2023-12-18 15:46:46,068 - DEBUG - https://api.telegram.org:443 "GET /bot1548279772:AAHFSr5sYKty6vQb7QK3i6Oa3Mm-8Z1LAi8/getUpdates?offset=417632304&timeout=20 HTTP/1.1" 200 23
 2023-12-18 15:47:06,124 - DEBUG - https://api.telegram.org:443 "GET /bot1548279772:AAHFSr5sYKty6vQb7QK3i6Oa3Mm-8Z1LAi8/getUpdates?offset=417632304&timeout=20 HTTP/1.1" 200 23
 2023-12-18 15:47:26,178 - DEBUG - https://api.telegram.org:443 "GET /bot1548279772:AAHFSr5sYKty6vQb7QK3i6Oa3Mm-8Z1LAi8/getUpdates?offset=417632304&timeout=20 HTTP/1.1" 200 23
 2023-12-18 15:47:46,231 - DEBUG - https://api.telegram.org:443 "GET /bot1548279772:AAHFSr5sYKty6vQb7QK3i6Oa3Mm-8Z1LAi8/getUpdates?offset=417632304&timeout=20 HTTP/1.1" 200 23
 2023-12-18 15:48:06,285 - DEBUG - https://api.telegram.org:443 "GET /bot1548279772:AAHFSr5sYKty6vQb7QK3i6Oa3Mm-8Z1LAi8/getUpdates?offset=417632304&timeout=20 HTTP/1.1" 200 23
 2023-12-18 15:48:26,338 - DEBUG - https://api.telegram.org:443 "GET /bot1548279772:AAHFSr5sYKty6vQb7QK3i6Oa3Mm-8Z1LAi8/getUpdates?offset=417632304&timeout=20 HTTP/1.1" 200 23
 2023-12-18 15:48:46,390 - DEBUG - https://api.telegram.org:443 "GET /bot1548279772:AAHFSr5sYKty6vQb7QK3i6Oa3Mm-8Z1LAi8/getUpdates?offset=417632304&timeout=20 HTTP/1.1" 200 23
 2023-12-18 15:49:06,443 - DEBUG - https://api.telegram.org:443 "GET /bot1548279772:AAHFSr5sYKty6vQb7QK3i6Oa3Mm-8Z1LAi8/getUpdates?offset=417632304&timeout=20 HTTP/1.1" 200 23
 2023-12-18 15:49:26,495 - DEBUG - https://api.telegram.org:443 "GET /bot1548279772:AAHFSr5sYKty6vQb7QK3i6Oa3Mm-8Z1LAi8/getUpdates?offset=417632304&timeout=20 HTTP/1.1" 200 23
 2023-12-18 15:49:46,550 - DEBUG - https://api.telegram.org:443 "GET /bot1548279772:AAHFSr5sYKty6vQb7QK3i6Oa3Mm-8Z1LAi8/getUpdates?offset=417632304&timeout=20 HTTP/1.1" 200 23
 2023-12-18 15:50:06,605 - DEBUG - https://api.telegram.org:443 "GET /bot1548279772:AAHFSr5sYKty6vQb7QK3i6Oa3Mm-8Z1LAi8/getUpdates?offset=417632304&timeout=20 HTTP/1.1" 200 23
 2023-12-18 15:50:26,657 - DEBUG - https://api.telegram.org:443 "GET /bot1548279772:AAHFSr5sYKty6vQb7QK3i6Oa3Mm-8Z1LAi8/getUpdates?offset=417632304&timeout=20 HTTP/1.1" 200 23
 2023-12-18 15:50:46,710 - DEBUG - https://api.telegram.org:443 "GET /bot1548279772:AAHFSr5sYKty6vQb7QK3i6Oa3Mm-8Z1LAi8/getUpdates?offset=417632304&timeout=20 HTTP/1.1" 200 23
 2023-12-18 15:51:06,762 - DEBUG - https://api.telegram.org:443 "GET /bot1548279772:AAHFSr5sYKty6vQb7QK3i6Oa3Mm-8Z1LAi8/getUpdates?offset=417632304&timeout=20 HTTP/1.1" 200 23
 2023-12-18 15:51:26,816 - DEBUG - https://api.telegram.org:443 "GET /bot1548279772:AAHFSr5sYKty6vQb7QK3i6Oa3Mm-8Z1LAi8/getUpdates?offset=417632304&timeout=20 HTTP/1.1" 200 23
 2023-12-18 15:51:46,871 - DEBUG - https://api.telegram.org:443 "GET /bot1548279772:AAHFSr5sYKty6vQb7QK3i6Oa3Mm-8Z1LAi8/getUpdates?offset=417632304&timeout=20 HTTP/1.1" 200 23
 2023-12-18 15:52:06,923 - DEBUG - https://api.telegram.org:443 "GET /bot1548279772:AAHFSr5sYKty6vQb7QK3i6Oa3Mm-8Z1LAi8/getUpdates?offset=417632304&timeout=20 HTTP/1.1" 200 23
 2023-12-18 15:52:26,976 - DEBUG - https://api.telegram.org:443 "GET /bot1548279772:AAHFSr5sYKty6vQb7QK3i6Oa3Mm-8Z1LAi8/getUpdates?offset=417632304&timeout=20 HTTP/1.1" 200 23
 2023-12-18 15:52:47,031 - DEBUG - https://api.telegram.org:443 "GET /bot1548279772:AAHFSr5sYKty6vQb7QK3i6Oa3Mm-8Z1LAi8/getUpdates?offset=417632304&timeout=20 HTTP/1.1" 200 23
 2023-12-18 15:53:07,085 - DEBUG - https://api.telegram.org:443 "GET /bot1548279772:AAHFSr5sYKty6vQb7QK3i6Oa3Mm-8Z1LAi8/getUpdates?offset=417632304&timeout=20 HTTP/1.1" 200 23
 2023-12-18 15:53:27,140 - DEBUG - https://api.telegram.org:443 "GET /bot1548279772:AAHFSr5sYKty6vQb7QK3i6Oa3Mm-8Z1LAi8/getUpdates?offset=417632304&timeout=20 HTTP/1.1" 200 23
 2023-12-18 15:53:47,194 - DEBUG - https://api.telegram.org:443 "GET /bot1548279772:AAHFSr5sYKty6vQb7QK3i6Oa3Mm-8Z1LAi8/getUpdates?offset=417632304&timeout=20 HTTP/1.1" 200 23
 2023-12-18 15:54:07,246 - DEBUG - https://api.telegram.org:443 "GET /bot1548279772:AAHFSr5sYKty6vQb7QK3i6Oa3Mm-8Z1LAi8/getUpdates?offset=417632304&timeout=20 HTTP/1.1" 200 23
 2023-12-18 15:54:27,298 - DEBUG - https://api.telegram.org:443 "GET /bot1548279772:AAHFSr5sYKty6vQb7QK3i6Oa3Mm-8Z1LAi8/getUpdates?offset=417632304&timeout=20 HTTP/1.1" 200 23
 2023-12-18 15:54:47,352 - DEBUG - https://api.telegram.org:443 "GET /bot1548279772:AAHFSr5sYKty6vQb7QK3i6Oa3Mm-8Z1LAi8/getUpdates?offset=417632304&timeout=20 HTTP/1.1" 200 23
 2023-12-18 15:55:07,404 - DEBUG - https://api.telegram.org:443 "GET /bot1548279772:AAHFSr5sYKty6vQb7QK3i6Oa3Mm-8Z1LAi8/getUpdates?offset=417632304&timeout=20 HTTP/1.1" 200 23
 2023-12-18 15:55:27,457 - DEBUG - https://api.telegram.org:443 "GET /bot1548279772:AAHFSr5sYKty6vQb7QK3i6Oa3Mm-8Z1LAi8/getUpdates?offset=417632304&timeout=20 HTTP/1.1" 200 23
 2023-12-18 15:55:47,509 - DEBUG - https://api.telegram.org:443 "GET /bot1548279772:AAHFSr5sYKty6vQb7QK3i6Oa3Mm-8Z1LAi8/getUpdates?offset=417632304&timeout=20 HTTP/1.1" 200 23
 2023-12-18 15:56:07,565 - DEBUG - https://api.telegram.org:443 "GET /bot1548279772:AAHFSr5sYKty6vQb7QK3i6Oa3Mm-8Z1LAi8/getUpdates?offset=417632304&timeout=20 HTTP/1.1" 200 23
 2023-12-18 15:56:27,619 - DEBUG - https://api.telegram.org:443 "GET /bot1548279772:AAHFSr5sYKty6vQb7QK3i6Oa3Mm-8Z1LAi8/getUpdates?offset=417632304&timeout=20 HTTP/1.1" 200 23
 2023-12-18 15:56:47,673 - DEBUG - https://api.telegram.org:443 "GET /bot1548279772:AAHFSr5sYKty6vQb7QK3i6Oa3Mm-8Z1LAi8/getUpdates?offset=417632304&timeout=20 HTTP/1.1" 200 23
 2023-12-18 15:57:07,727 - DEBUG - https://api.telegram.org:443 "GET /bot1548279772:AAHFSr5sYKty6vQb7QK3i6Oa3Mm-8Z1LAi8/getUpdates?offset=417632304&timeout=20 HTTP/1.1" 200 23
 2023-12-18 15:57:27,805 - DEBUG - https://api.telegram.org:443 "GET /bot1548279772:AAHFSr5sYKty6vQb7QK3i6Oa3Mm-8Z1LAi8/getUpdates?offset=417632304&timeout=20 HTTP/1.1" 200 23
 2023-12-18 15:57:47,857 - DEBUG - https://api.telegram.org:443 "GET /bot1548279772:AAHFSr5sYKty6vQb7QK3i6Oa3Mm-8Z1LAi8/getUpdates?offset=417632304&timeout=20 HTTP/1.1" 200 23
 2023-12-18 15:57:59,055 - DEBUG - https://api.telegram.org:443 "GET /bot1548279772:AAHFSr5sYKty6vQb7QK3i6Oa3Mm-8Z1LAi8/getUpdates?offset=417632304&timeout=20 HTTP/1.1" 200 419
 2023-12-18 15:57:59,111 - ERROR - Infinity polling exception: ('Connection aborted.', ConnectionResetError(10054, 'Удаленный хост принудительно разорвал существующее подключение', None, 10054, None))
 2023-12-18 15:58:02,127 - DEBUG - Starting new HTTPS connection (1): api.telegram.org:443
 2023-12-18 15:58:02,300 - DEBUG - https://api.telegram.org:443 "GET /bot1548279772:AAHFSr5sYKty6vQb7QK3i6Oa3Mm-8Z1LAi8/getUpdates?offset=417632305&timeout=20 HTTP/1.1" 409 143
 2023-12-18 15:58:22,300 - DEBUG - https://api.telegram.org:443 "GET /bot1548279772:AAHFSr5sYKty6vQb7QK3i6Oa3Mm-8Z1LAi8/getUpdates?offset=417632305&timeout=20 HTTP/1.1" 200 23
 2023-12-18 15:58:37,316 - DEBUG - https://api.telegram.org:443 "GET /bot1548279772:AAHFSr5sYKty6vQb7QK3i6Oa3Mm-8Z1LAi8/getUpdates?offset=417632305&timeout=20 HTTP/1.1" 200 394
 2023-12-18 15:58:37,319 - DEBUG - Starting new HTTPS connection (2): api.telegram.org:443
 2023-12-18 15:58:37,512 - DEBUG - https://api.telegram.org:443 "POST /bot1548279772:AAHFSr5sYKty6vQb7QK3i6Oa3Mm-8Z1LAi8/sendMessage?chat_id=71931403&text=%D0%9F%D1%80%D0%B8%D1%98%D0%B0%D1%82%D0%BD%D0%BE+%D1%98%D0%B0%D0%B4%D0%B5%D1%9A%D0%B5%2C+%D0%98%D0%B3%D0%BE%D1%80%D1%8F%D0%BC%D0%B1%D0%B0%21 HTTP/1.1" 200 409
 2023-12-18 15:58:57,370 - DEBUG - https://api.telegram.org:443 "GET /bot1548279772:AAHFSr5sYKty6vQb7QK3i6Oa3Mm-8Z1LAi8/getUpdates?offset=417632306&timeout=20 HTTP/1.1" 200 23
 2023-12-18 15:59:17,422 - DEBUG - https://api.telegram.org:443 "GET /bot1548279772:AAHFSr5sYKty6vQb7QK3i6Oa3Mm-8Z1LAi8/getUpdates?offset=417632306&timeout=20 HTTP/1.1" 200 23
 2023-12-18 15:59:37,480 - DEBUG - https://api.telegram.org:443 "GET /bot1548279772:AAHFSr5sYKty6vQb7QK3i6Oa3Mm-8Z1LAi8/getUpdates?offset=417632306&timeout=20 HTTP/1.1" 200 23
 2023-12-18 15:59:57,532 - DEBUG - https://api.telegram.org:443 "GET /bot1548279772:AAHFSr5sYKty6vQb7QK3i6Oa3Mm-8Z1LAi8/getUpdates?offset=417632306&timeout=20 HTTP/1.1" 200 23
 2023-12-18 16:00:17,590 - DEBUG - https://api.telegram.org:443 "GET /bot1548279772:AAHFSr5sYKty6vQb7QK3i6Oa3Mm-8Z1LAi8/getUpdates?offset=417632306&timeout=20 HTTP/1.1" 200 23
 2023-12-18 16:00:37,663 - DEBUG - https://api.telegram.org:443 "GET /bot1548279772:AAHFSr5sYKty6vQb7QK3i6Oa3Mm-8Z1LAi8/getUpdates?offset=417632306&timeout=20 HTTP/1.1" 200 23
 2023-12-18 16:00:57,725 - DEBUG - https://api.telegram.org:443 "GET /bot1548279772:AAHFSr5sYKty6vQb7QK3i6Oa3Mm-8Z1LAi8/getUpdates?offset=417632306&timeout=20 HTTP/1.1" 200 23
 2023-12-18 16:01:17,785 - DEBUG - https://api.telegram.org:443 "GET /bot1548279772:AAHFSr5sYKty6vQb7QK3i6Oa3Mm-8Z1LAi8/getUpdates?offset=417632306&timeout=20 HTTP/1.1" 200 23
 2023-12-18 16:01:37,848 - DEBUG - https://api.telegram.org:443 "GET /bot1548279772:AAHFSr5sYKty6vQb7QK3i6Oa3Mm-8Z1LAi8/getUpdates?offset=417632306&timeout=20 HTTP/1.1" 200 23
 2023-12-18 16:01:57,906 - DEBUG - https://api.telegram.org:443 "GET /bot1548279772:AAHFSr5sYKty6vQb7QK3i6Oa3Mm-8Z1LAi8/getUpdates?offset=417632306&timeout=20 HTTP/1.1" 200 23
 2023-12-18 16:02:17,964 - DEBUG - https://api.telegram.org:443 "GET /bot1548279772:AAHFSr5sYKty6vQb7QK3i6Oa3Mm-8Z1LAi8/getUpdates?offset=417632306&timeout=20 HTTP/1.1" 200 23
 2023-12-18 16:02:38,018 - DEBUG - https://api.telegram.org:443 "GET /bot1548279772:AAHFSr5sYKty6vQb7QK3i6Oa3Mm-8Z1LAi8/getUpdates?offset=417632306&timeout=20 HTTP/1.1" 200 23
 2023-12-18 16:02:58,093 - DEBUG - https://api.telegram.org:443 "GET /bot1548279772:AAHFSr5sYKty6vQb7QK3i6Oa3Mm-8Z1LAi8/getUpdates?offset=417632306&timeout=20 HTTP/1.1" 200 23
 2023-12-18 16:03:18,156 - DEBUG - https://api.telegram.org:443 "GET /bot1548279772:AAHFSr5sYKty6vQb7QK3i6Oa3Mm-8Z1LAi8/getUpdates?offset=417632306&timeout=20 HTTP/1.1" 200 23
 2023-12-18 16:03:38,224 - DEBUG - https://api.telegram.org:443 "GET /bot1548279772:AAHFSr5sYKty6vQb7QK3i6Oa3Mm-8Z1LAi8/getUpdates?offset=417632306&timeout=20 HTTP/1.1" 200 23
 2023-12-18 16:03:58,286 - DEBUG - https://api.telegram.org:443 "GET /bot1548279772:AAHFSr5sYKty6vQb7QK3i6Oa3Mm-8Z1LAi8/getUpdates?offset=417632306&timeout=20 HTTP/1.1" 200 23
 2023-12-18 16:04:18,348 - DEBUG - https://api.telegram.org:443 "GET /bot1548279772:AAHFSr5sYKty6vQb7QK3i6Oa3Mm-8Z1LAi8/getUpdates?offset=417632306&timeout=20 HTTP/1.1" 200 23
 2023-12-18 16:04:38,407 - DEBUG - https://api.telegram.org:443 "GET /bot1548279772:AAHFSr5sYKty6vQb7QK3i6Oa3Mm-8Z1LAi8/getUpdates?offset=417632306&timeout=20 HTTP/1.1" 200 23
 2023-12-18 16:04:58,466 - DEBUG - https://api.telegram.org:443 "GET /bot1548279772:AAHFSr5sYKty6vQb7QK3i6Oa3Mm-8Z1LAi8/getUpdates?offset=417632306&timeout=20 HTTP/1.1" 200 23
 2023-12-18 16:05:18,539 - DEBUG - https://api.telegram.org:443 "GET /bot1548279772:AAHFSr5sYKty6vQb7QK3i6Oa3Mm-8Z1LAi8/getUpdates?offset=417632306&timeout=20 HTTP/1.1" 200 23
 2023-12-18 16:05:38,594 - DEBUG - https://api.telegram.org:443 "GET /bot1548279772:AAHFSr5sYKty6vQb7QK3i6Oa3Mm-8Z1LAi8/getUpdates?offset=417632306&timeout=20 HTTP/1.1" 200 23
 2023-12-18 16:05:58,649 - DEBUG - https://api.telegram.org:443 "GET /bot1548279772:AAHFSr5sYKty6vQb7QK3i6Oa3Mm-8Z1LAi8/getUpdates?offset=417632306&timeout=20 HTTP/1.1" 200 23
 2023-12-18 16:06:18,705 - DEBUG - https://api.telegram.org:443 "GET /bot1548279772:AAHFSr5sYKty6vQb7QK3i6Oa3Mm-8Z1LAi8/getUpdates?offset=417632306&timeout=20 HTTP/1.1" 200 23
 2023-12-18 16:06:38,768 - DEBUG - https://api.telegram.org:443 "GET /bot1548279772:AAHFSr5sYKty6vQb7QK3i6Oa3Mm-8Z1LAi8/getUpdates?offset=417632306&timeout=20 HTTP/1.1" 200 23
 2023-12-18 16:06:58,821 - DEBUG - https://api.telegram.org:443 "GET /bot1548279772:AAHFSr5sYKty6vQb7QK3i6Oa3Mm-8Z1LAi8/getUpdates?offset=417632306&timeout=20 HTTP/1.1" 200 23
 2023-12-18 16:07:18,876 - DEBUG - https://api.telegram.org:443 "GET /bot1548279772:AAHFSr5sYKty6vQb7QK3i6Oa3Mm-8Z1LAi8/getUpdates?offset=417632306&timeout=20 HTTP/1.1" 200 23
 2023-12-18 16:07:38,936 - DEBUG - https://api.telegram.org:443 "GET /bot1548279772:AAHFSr5sYKty6vQb7QK3i6Oa3Mm-8Z1LAi8/getUpdates?offset=417632306&timeout=20 HTTP/1.1" 200 23
 2023-12-18 16:07:58,989 - DEBUG - https://api.telegram.org:443 "GET /bot1548279772:AAHFSr5sYKty6vQb7QK3i6Oa3Mm-8Z1LAi8/getUpdates?offset=417632306&timeout=20 HTTP/1.1" 200 23
 2023-12-18 16:08:19,041 - DEBUG - https://api.telegram.org:443 "GET /bot1548279772:AAHFSr5sYKty6vQb7QK3i6Oa3Mm-8Z1LAi8/getUpdates?offset=417632306&timeout=20 HTTP/1.1" 200 23
 2023-12-18 16:08:39,095 - DEBUG - https://api.telegram.org:443 "GET /bot1548279772:AAHFSr5sYKty6vQb7QK3i6Oa3Mm-8Z1LAi8/getUpdates?offset=417632306&timeout=20 HTTP/1.1" 200 23
 2023-12-18 16:08:59,146 - DEBUG - https://api.telegram.org:443 "GET /bot1548279772:AAHFSr5sYKty6vQb7QK3i6Oa3Mm-8Z1LAi8/getUpdates?offset=417632306&timeout=20 HTTP/1.1" 200 23
 2023-12-18 16:09:19,199 - DEBUG - https://api.telegram.org:443 "GET /bot1548279772:AAHFSr5sYKty6vQb7QK3i6Oa3Mm-8Z1LAi8/getUpdates?offset=417632306&timeout=20 HTTP/1.1" 200 23
 2023-12-18 16:09:39,252 - DEBUG - https://api.telegram.org:443 "GET /bot1548279772:AAHFSr5sYKty6vQb7QK3i6Oa3Mm-8Z1LAi8/getUpdates?offset=417632306&timeout=20 HTTP/1.1" 200 23
 2023-12-18 16:09:59,322 - DEBUG - https://api.telegram.org:443 "GET /bot1548279772:AAHFSr5sYKty6vQb7QK3i6Oa3Mm-8Z1LAi8/getUpdates?offset=417632306&timeout=20 HTTP/1.1" 200 23
 2023-12-18 16:10:19,380 - DEBUG - https://api.telegram.org:443 "GET /bot1548279772:AAHFSr5sYKty6vQb7QK3i6Oa3Mm-8Z1LAi8/getUpdates?offset=417632306&timeout=20 HTTP/1.1" 200 23
 2023-12-18 16:10:39,435 - DEBUG - https://api.telegram.org:443 "GET /bot1548279772:AAHFSr5sYKty6vQb7QK3i6Oa3Mm-8Z1LAi8/getUpdates?offset=417632306&timeout=20 HTTP/1.1" 200 23
 2023-12-18 16:10:59,504 - DEBUG - https://api.telegram.org:443 "GET /bot1548279772:AAHFSr5sYKty6vQb7QK3i6Oa3Mm-8Z1LAi8/getUpdates?offset=417632306&timeout=20 HTTP/1.1" 200 23
 2023-12-18 16:11:19,558 - DEBUG - https://api.telegram.org:443 "GET /bot1548279772:AAHFSr5sYKty6vQb7QK3i6Oa3Mm-8Z1LAi8/getUpdates?offset=417632306&timeout=20 HTTP/1.1" 200 23
 2023-12-18 16:11:39,611 - DEBUG - https://api.telegram.org:443 "GET /bot1548279772:AAHFSr5sYKty6vQb7QK3i6Oa3Mm-8Z1LAi8/getUpdates?offset=417632306&timeout=20 HTTP/1.1" 200 23
 2023-12-18 16:11:59,667 - DEBUG - https://api.telegram.org:443 "GET /bot1548279772:AAHFSr5sYKty6vQb7QK3i6Oa3Mm-8Z1LAi8/getUpdates?offset=417632306&timeout=20 HTTP/1.1" 200 23
 2023-12-18 16:12:19,719 - DEBUG - https://api.telegram.org:443 "GET /bot1548279772:AAHFSr5sYKty6vQb7QK3i6Oa3Mm-8Z1LAi8/getUpdates?offset=417632306&timeout=20 HTTP/1.1" 200 23
 2023-12-18 16:12:39,784 - DEBUG - https://api.telegram.org:443 "GET /bot1548279772:AAHFSr5sYKty6vQb7QK3i6Oa3Mm-8Z1LAi8/getUpdates?offset=417632306&timeout=20 HTTP/1.1" 200 23
 2023-12-18 16:12:59,837 - DEBUG - https://api.telegram.org:443 "GET /bot1548279772:AAHFSr5sYKty6vQb7QK3i6Oa3Mm-8Z1LAi8/getUpdates?offset=417632306&timeout=20 HTTP/1.1" 200 23
 2023-12-18 16:13:19,891 - DEBUG - https://api.telegram.org:443 "GET /bot1548279772:AAHFSr5sYKty6vQb7QK3i6Oa3Mm-8Z1LAi8/getUpdates?offset=417632306&timeout=20 HTTP/1.1" 200 23
 2023-12-18 16:13:39,947 - DEBUG - https://api.telegram.org:443 "GET /bot1548279772:AAHFSr5sYKty6vQb7QK3i6Oa3Mm-8Z1LAi8/getUpdates?offset=417632306&timeout=20 HTTP/1.1" 200 23
 2023-12-18 16:14:00,027 - DEBUG - https://api.telegram.org:443 "GET /bot1548279772:AAHFSr5sYKty6vQb7QK3i6Oa3Mm-8Z1LAi8/getUpdates?offset=417632306&timeout=20 HTTP/1.1" 200 23
 2023-12-18 16:14:20,080 - DEBUG - https://api.telegram.org:443 "GET /bot1548279772:AAHFSr5sYKty6vQb7QK3i6Oa3Mm-8Z1LAi8/getUpdates?offset=417632306&timeout=20 HTTP/1.1" 200 23
 2023-12-18 16:14:40,132 - DEBUG - https://api.telegram.org:443 "GET /bot1548279772:AAHFSr5sYKty6vQb7QK3i6Oa3Mm-8Z1LAi8/getUpdates?offset=417632306&timeout=20 HTTP/1.1" 200 23
 2023-12-18 16:15:00,183 - DEBUG - https://api.telegram.org:443 "GET /bot1548279772:AAHFSr5sYKty6vQb7QK3i6Oa3Mm-8Z1LAi8/getUpdates?offset=417632306&timeout=20 HTTP/1.1" 200 23
 2023-12-18 16:15:20,244 - DEBUG - https://api.telegram.org:443 "GET /bot1548279772:AAHFSr5sYKty6vQb7QK3i6Oa3Mm-8Z1LAi8/getUpdates?offset=417632306&timeout=20 HTTP/1.1" 200 23
 2023-12-18 16:15:40,305 - DEBUG - https://api.telegram.org:443 "GET /bot1548279772:AAHFSr5sYKty6vQb7QK3i6Oa3Mm-8Z1LAi8/getUpdates?offset=417632306&timeout=20 HTTP/1.1" 200 23
 2023-12-18 16:16:00,364 - DEBUG - https://api.telegram.org:443 "GET /bot1548279772:AAHFSr5sYKty6vQb7QK3i6Oa3Mm-8Z1LAi8/getUpdates?offset=417632306&timeout=20 HTTP/1.1" 200 23
 2023-12-18 16:16:20,425 - DEBUG - https://api.telegram.org:443 "GET /bot1548279772:AAHFSr5sYKty6vQb7QK3i6Oa3Mm-8Z1LAi8/getUpdates?offset=417632306&timeout=20 HTTP/1.1" 200 23
 2023-12-18 16:16:40,484 - DEBUG - https://api.telegram.org:443 "GET /bot1548279772:AAHFSr5sYKty6vQb7QK3i6Oa3Mm-8Z1LAi8/getUpdates?offset=417632306&timeout=20 HTTP/1.1" 200 23
 2023-12-18 16:17:00,539 - DEBUG - https://api.telegram.org:443 "GET /bot1548279772:AAHFSr5sYKty6vQb7QK3i6Oa3Mm-8Z1LAi8/getUpdates?offset=417632306&timeout=20 HTTP/1.1" 200 23
 2023-12-18 16:17:20,592 - DEBUG - https://api.telegram.org:443 "GET /bot1548279772:AAHFSr5sYKty6vQb7QK3i6Oa3Mm-8Z1LAi8/getUpdates?offset=417632306&timeout=20 HTTP/1.1" 200 23
 2023-12-18 16:17:40,646 - DEBUG - https://api.telegram.org:443 "GET /bot1548279772:AAHFSr5sYKty6vQb7QK3i6Oa3Mm-8Z1LAi8/getUpdates?offset=417632306&timeout=20 HTTP/1.1" 200 23
 2023-12-18 16:18:00,700 - DEBUG - https://api.telegram.org:443 "GET /bot1548279772:AAHFSr5sYKty6vQb7QK3i6Oa3Mm-8Z1LAi8/getUpdates?offset=417632306&timeout=20 HTTP/1.1" 200 23
 2023-12-18 16:18:20,753 - DEBUG - https://api.telegram.org:443 "GET /bot1548279772:AAHFSr5sYKty6vQb7QK3i6Oa3Mm-8Z1LAi8/getUpdates?offset=417632306&timeout=20 HTTP/1.1" 200 23
 2023-12-18 16:18:40,810 - DEBUG - https://api.telegram.org:443 "GET /bot1548279772:AAHFSr5sYKty6vQb7QK3i6Oa3Mm-8Z1LAi8/getUpdates?offset=417632306&timeout=20 HTTP/1.1" 200 23
 2023-12-18 16:19:00,863 - DEBUG - https://api.telegram.org:443 "GET /bot1548279772:AAHFSr5sYKty6vQb7QK3i6Oa3Mm-8Z1LAi8/getUpdates?offset=417632306&timeout=20 HTTP/1.1" 200 23
 2023-12-18 16:19:20,914 - DEBUG - https://api.telegram.org:443 "GET /bot1548279772:AAHFSr5sYKty6vQb7QK3i6Oa3Mm-8Z1LAi8/getUpdates?offset=417632306&timeout=20 HTTP/1.1" 200 23
 2023-12-18 16:19:40,970 - DEBUG - https://api.telegram.org:443 "GET /bot1548279772:AAHFSr5sYKty6vQb7QK3i6Oa3Mm-8Z1LAi8/getUpdates?offset=417632306&timeout=20 HTTP/1.1" 200 23
 2023-12-18 16:20:01,027 - DEBUG - https://api.telegram.org:443 "GET /bot1548279772:AAHFSr5sYKty6vQb7QK3i6Oa3Mm-8Z1LAi8/getUpdates?offset=417632306&timeout=20 HTTP/1.1" 200 23
 2023-12-18 16:20:21,082 - DEBUG - https://api.telegram.org:443 "GET /bot1548279772:AAHFSr5sYKty6vQb7QK3i6Oa3Mm-8Z1LAi8/getUpdates?offset=417632306&timeout=20 HTTP/1.1" 200 23
 2023-12-18 16:20:41,138 - DEBUG - https://api.telegram.org:443 "GET /bot1548279772:AAHFSr5sYKty6vQb7QK3i6Oa3Mm-8Z1LAi8/getUpdates?offset=417632306&timeout=20 HTTP/1.1" 200 23
 2023-12-18 16:21:01,197 - DEBUG - https://api.telegram.org:443 "GET /bot1548279772:AAHFSr5sYKty6vQb7QK3i6Oa3Mm-8Z1LAi8/getUpdates?offset=417632306&timeout=20 HTTP/1.1" 200 23
 2023-12-18 16:21:21,252 - DEBUG - https://api.telegram.org:443 "GET /bot1548279772:AAHFSr5sYKty6vQb7QK3i6Oa3Mm-8Z1LAi8/getUpdates?offset=417632306&timeout=20 HTTP/1.1" 200 23
 2023-12-18 16:21:38,129 - DEBUG - https://api.telegram.org:443 "GET /bot1548279772:AAHFSr5sYKty6vQb7QK3i6Oa3Mm-8Z1LAi8/getUpdates?offset=417632306&timeout=20 HTTP/1.1" 200 684
 2023-12-18 16:21:58,208 - DEBUG - https://api.telegram.org:443 "GET /bot1548279772:AAHFSr5sYKty6vQb7QK3i6Oa3Mm-8Z1LAi8/getUpdates?offset=417632307&timeout=20 HTTP/1.1" 200 23
 2023-12-18 16:22:18,271 - DEBUG - https://api.telegram.org:443 "GET /bot1548279772:AAHFSr5sYKty6vQb7QK3i6Oa3Mm-8Z1LAi8/getUpdates?offset=417632307&timeout=20 HTTP/1.1" 200 23
 2023-12-18 16:22:38,324 - DEBUG - https://api.telegram.org:443 "GET /bot1548279772:AAHFSr5sYKty6vQb7QK3i6Oa3Mm-8Z1LAi8/getUpdates?offset=417632307&timeout=20 HTTP/1.1" 200 23
 2023-12-18 16:22:53,684 - DEBUG - https://api.telegram.org:443 "GET /bot1548279772:AAHFSr5sYKty6vQb7QK3i6Oa3Mm-8Z1LAi8/getUpdates?offset=417632307&timeout=20 HTTP/1.1" 200 1107
 2023-12-18 16:23:13,763 - DEBUG - https://api.telegram.org:443 "GET /bot1548279772:AAHFSr5sYKty6vQb7QK3i6Oa3Mm-8Z1LAi8/getUpdates?offset=417632308&timeout=20 HTTP/1.1" 200 23
 2023-12-18 16:23:33,824 - DEBUG - https://api.telegram.org:443 "GET /bot1548279772:AAHFSr5sYKty6vQb7QK3i6Oa3Mm-8Z1LAi8/getUpdates?offset=417632308&timeout=20 HTTP/1.1" 200 23
 2023-12-18 16:23:42,722 - DEBUG - https://api.telegram.org:443 "GET /bot1548279772:AAHFSr5sYKty6vQb7QK3i6Oa3Mm-8Z1LAi8/getUpdates?offset=417632308&timeout=20 HTTP/1.1" 200 1213
 2023-12-18 16:24:02,786 - DEBUG - https://api.telegram.org:443 "GET /bot1548279772:AAHFSr5sYKty6vQb7QK3i6Oa3Mm-8Z1LAi8/getUpdates?offset=417632309&timeout=20 HTTP/1.1" 200 23
 2023-12-18 16:24:15,818 - DEBUG - https://api.telegram.org:443 "GET /bot1548279772:AAHFSr5sYKty6vQb7QK3i6Oa3Mm-8Z1LAi8/getUpdates?offset=417632309&timeout=20 HTTP/1.1" 200 1202
 2023-12-18 16:24:35,909 - DEBUG - https://api.telegram.org:443 "GET /bot1548279772:AAHFSr5sYKty6vQb7QK3i6Oa3Mm-8Z1LAi8/getUpdates?offset=417632310&timeout=20 HTTP/1.1" 200 23
 2023-12-18 16:24:45,587 - DEBUG - https://api.telegram.org:443 "GET /bot1548279772:AAHFSr5sYKty6vQb7QK3i6Oa3Mm-8Z1LAi8/getUpdates?offset=417632310&timeout=20 HTTP/1.1" 200 956
 2023-12-18 16:25:02,439 - DEBUG - https://api.telegram.org:443 "GET /bot1548279772:AAHFSr5sYKty6vQb7QK3i6Oa3Mm-8Z1LAi8/getUpdates?offset=417632311&timeout=20 HTTP/1.1" 200 999
 2023-12-18 16:25:22,507 - DEBUG - https://api.telegram.org:443 "GET /bot1548279772:AAHFSr5sYKty6vQb7QK3i6Oa3Mm-8Z1LAi8/getUpdates?offset=417632312&timeout=20 HTTP/1.1" 200 23
 2023-12-18 16:25:42,564 - DEBUG - https://api.telegram.org:443 "GET /bot1548279772:AAHFSr5sYKty6vQb7QK3i6Oa3Mm-8Z1LAi8/getUpdates?offset=417632312&timeout=20 HTTP/1.1" 200 23
 2023-12-18 16:26:02,620 - DEBUG - https://api.telegram.org:443 "GET /bot1548279772:AAHFSr5sYKty6vQb7QK3i6Oa3Mm-8Z1LAi8/getUpdates?offset=417632312&timeout=20 HTTP/1.1" 200 23
 2023-12-18 16:26:11,989 - DEBUG - https://api.telegram.org:443 "GET /bot1548279772:AAHFSr5sYKty6vQb7QK3i6Oa3Mm-8Z1LAi8/getUpdates?offset=417632312&timeout=20 HTTP/1.1" 200 372
 2023-12-18 16:26:18,112 - DEBUG - https://api.telegram.org:443 "GET /bot1548279772:AAHFSr5sYKty6vQb7QK3i6Oa3Mm-8Z1LAi8/getUpdates?offset=417632313&timeout=20 HTTP/1.1" 200 418
 2023-12-18 16:26:32,909 - DEBUG - https://api.telegram.org:443 "GET /bot1548279772:AAHFSr5sYKty6vQb7QK3i6Oa3Mm-8Z1LAi8/getUpdates?offset=417632314&timeout=20 HTTP/1.1" 200 935
 2023-12-18 16:26:52,962 - DEBUG - https://api.telegram.org:443 "GET /bot1548279772:AAHFSr5sYKty6vQb7QK3i6Oa3Mm-8Z1LAi8/getUpdates?offset=417632315&timeout=20 HTTP/1.1" 200 23
 2023-12-18 16:26:56,764 - DEBUG - https://api.telegram.org:443 "GET /bot1548279772:AAHFSr5sYKty6vQb7QK3i6Oa3Mm-8Z1LAi8/getUpdates?offset=417632315&timeout=20 HTTP/1.1" 200 422
 2023-12-18 16:26:56,818 - ERROR - Infinity polling exception: ('Connection aborted.', ConnectionResetError(10054, 'Удаленный хост принудительно разорвал существующее подключение', None, 10054, None))
 2023-12-18 16:26:59,824 - DEBUG - Starting new HTTPS connection (1): api.telegram.org:443
 2023-12-18 16:27:00,002 - DEBUG - https://api.telegram.org:443 "GET /bot1548279772:AAHFSr5sYKty6vQb7QK3i6Oa3Mm-8Z1LAi8/getUpdates?offset=417632316&timeout=20 HTTP/1.1" 409 143
 2023-12-18 16:27:20,004 - DEBUG - https://api.telegram.org:443 "GET /bot1548279772:AAHFSr5sYKty6vQb7QK3i6Oa3Mm-8Z1LAi8/getUpdates?offset=417632316&timeout=20 HTTP/1.1" 200 23
 2023-12-18 16:27:33,767 - DEBUG - https://api.telegram.org:443 "GET /bot1548279772:AAHFSr5sYKty6vQb7QK3i6Oa3Mm-8Z1LAi8/getUpdates?offset=417632316&timeout=20 HTTP/1.1" 200 1053
 2023-12-18 16:27:37,251 - DEBUG - https://api.telegram.org:443 "GET /bot1548279772:AAHFSr5sYKty6vQb7QK3i6Oa3Mm-8Z1LAi8/getUpdates?offset=417632317&timeout=20 HTTP/1.1" 200 475
 2023-12-18 16:27:48,218 - DEBUG - https://api.telegram.org:443 "GET /bot1548279772:AAHFSr5sYKty6vQb7QK3i6Oa3Mm-8Z1LAi8/getUpdates?offset=417632318&timeout=20 HTTP/1.1" 200 503
