 2023-12-19 09:50:39,758 - DEBUG - Starting new HTTPS connection (1): api.telegram.org:443
 2023-12-19 09:50:40,120 - DEBUG - https://api.telegram.org:443 "GET /bot1548279772:AAHFSr5sYKty6vQb7QK3i6Oa3Mm-8Z1LAi8/getMe HTTP/1.1" 200 197
 2023-12-19 09:50:40,121 - DEBUG - Starting new HTTPS connection (1): api.telegram.org:443
 2023-12-19 09:51:00,476 - DEBUG - https://api.telegram.org:443 "GET /bot1548279772:AAHFSr5sYKty6vQb7QK3i6Oa3Mm-8Z1LAi8/getUpdates?offset=1&timeout=20 HTTP/1.1" 200 23
 2023-12-19 09:51:20,536 - DEBUG - https://api.telegram.org:443 "GET /bot1548279772:AAHFSr5sYKty6vQb7QK3i6Oa3Mm-8Z1LAi8/getUpdates?offset=1&timeout=20 HTTP/1.1" 200 23
 2023-12-19 09:51:40,598 - DEBUG - https://api.telegram.org:443 "GET /bot1548279772:AAHFSr5sYKty6vQb7QK3i6Oa3Mm-8Z1LAi8/getUpdates?offset=1&timeout=20 HTTP/1.1" 200 23
 2023-12-19 09:52:00,654 - DEBUG - https://api.telegram.org:443 "GET /bot1548279772:AAHFSr5sYKty6vQb7QK3i6Oa3Mm-8Z1LAi8/getUpdates?offset=1&timeout=20 HTTP/1.1" 200 23
 2023-12-19 09:52:20,723 - DEBUG - https://api.telegram.org:443 "GET /bot1548279772:AAHFSr5sYKty6vQb7QK3i6Oa3Mm-8Z1LAi8/getUpdates?offset=1&timeout=20 HTTP/1.1" 200 23
 2023-12-19 09:52:41,069 - DEBUG - https://api.telegram.org:443 "GET /bot1548279772:AAHFSr5sYKty6vQb7QK3i6Oa3Mm-8Z1LAi8/getUpdates?offset=1&timeout=20 HTTP/1.1" 200 23
 2023-12-19 09:53:01,125 - DEBUG - https://api.telegram.org:443 "GET /bot1548279772:AAHFSr5sYKty6vQb7QK3i6Oa3Mm-8Z1LAi8/getUpdates?offset=1&timeout=20 HTTP/1.1" 200 23
 2023-12-19 09:53:21,180 - DEBUG - https://api.telegram.org:443 "GET /bot1548279772:AAHFSr5sYKty6vQb7QK3i6Oa3Mm-8Z1LAi8/getUpdates?offset=1&timeout=20 HTTP/1.1" 200 23
 2023-12-19 09:53:41,237 - DEBUG - https://api.telegram.org:443 "GET /bot1548279772:AAHFSr5sYKty6vQb7QK3i6Oa3Mm-8Z1LAi8/getUpdates?offset=1&timeout=20 HTTP/1.1" 200 23
 2023-12-19 09:54:01,298 - DEBUG - https://api.telegram.org:443 "GET /bot1548279772:AAHFSr5sYKty6vQb7QK3i6Oa3Mm-8Z1LAi8/getUpdates?offset=1&timeout=20 HTTP/1.1" 200 23
 2023-12-19 09:54:21,352 - DEBUG - https://api.telegram.org:443 "GET /bot1548279772:AAHFSr5sYKty6vQb7QK3i6Oa3Mm-8Z1LAi8/getUpdates?offset=1&timeout=20 HTTP/1.1" 200 23
 2023-12-19 09:54:41,410 - DEBUG - https://api.telegram.org:443 "GET /bot1548279772:AAHFSr5sYKty6vQb7QK3i6Oa3Mm-8Z1LAi8/getUpdates?offset=1&timeout=20 HTTP/1.1" 200 23
 2023-12-19 09:55:01,466 - DEBUG - https://api.telegram.org:443 "GET /bot1548279772:AAHFSr5sYKty6vQb7QK3i6Oa3Mm-8Z1LAi8/getUpdates?offset=1&timeout=20 HTTP/1.1" 200 23
 2023-12-19 09:55:21,801 - DEBUG - https://api.telegram.org:443 "GET /bot1548279772:AAHFSr5sYKty6vQb7QK3i6Oa3Mm-8Z1LAi8/getUpdates?offset=1&timeout=20 HTTP/1.1" 200 23
 2023-12-19 09:55:41,881 - DEBUG - https://api.telegram.org:443 "GET /bot1548279772:AAHFSr5sYKty6vQb7QK3i6Oa3Mm-8Z1LAi8/getUpdates?offset=1&timeout=20 HTTP/1.1" 200 23
 2023-12-19 09:56:01,933 - DEBUG - https://api.telegram.org:443 "GET /bot1548279772:AAHFSr5sYKty6vQb7QK3i6Oa3Mm-8Z1LAi8/getUpdates?offset=1&timeout=20 HTTP/1.1" 200 23
 2023-12-19 09:56:21,988 - DEBUG - https://api.telegram.org:443 "GET /bot1548279772:AAHFSr5sYKty6vQb7QK3i6Oa3Mm-8Z1LAi8/getUpdates?offset=1&timeout=20 HTTP/1.1" 200 23
 2023-12-19 09:56:42,043 - DEBUG - https://api.telegram.org:443 "GET /bot1548279772:AAHFSr5sYKty6vQb7QK3i6Oa3Mm-8Z1LAi8/getUpdates?offset=1&timeout=20 HTTP/1.1" 200 23
 2023-12-19 09:57:02,101 - DEBUG - https://api.telegram.org:443 "GET /bot1548279772:AAHFSr5sYKty6vQb7QK3i6Oa3Mm-8Z1LAi8/getUpdates?offset=1&timeout=20 HTTP/1.1" 200 23
 2023-12-19 09:57:22,160 - DEBUG - https://api.telegram.org:443 "GET /bot1548279772:AAHFSr5sYKty6vQb7QK3i6Oa3Mm-8Z1LAi8/getUpdates?offset=1&timeout=20 HTTP/1.1" 200 23
 2023-12-19 09:57:42,224 - DEBUG - https://api.telegram.org:443 "GET /bot1548279772:AAHFSr5sYKty6vQb7QK3i6Oa3Mm-8Z1LAi8/getUpdates?offset=1&timeout=20 HTTP/1.1" 200 23
 2023-12-19 09:58:02,301 - DEBUG - https://api.telegram.org:443 "GET /bot1548279772:AAHFSr5sYKty6vQb7QK3i6Oa3Mm-8Z1LAi8/getUpdates?offset=1&timeout=20 HTTP/1.1" 200 23
 2023-12-19 09:58:22,364 - DEBUG - https://api.telegram.org:443 "GET /bot1548279772:AAHFSr5sYKty6vQb7QK3i6Oa3Mm-8Z1LAi8/getUpdates?offset=1&timeout=20 HTTP/1.1" 200 23
 2023-12-19 09:58:42,418 - DEBUG - https://api.telegram.org:443 "GET /bot1548279772:AAHFSr5sYKty6vQb7QK3i6Oa3Mm-8Z1LAi8/getUpdates?offset=1&timeout=20 HTTP/1.1" 200 23
 2023-12-19 09:59:02,479 - DEBUG - https://api.telegram.org:443 "GET /bot1548279772:AAHFSr5sYKty6vQb7QK3i6Oa3Mm-8Z1LAi8/getUpdates?offset=1&timeout=20 HTTP/1.1" 200 23
 2023-12-19 09:59:22,548 - DEBUG - https://api.telegram.org:443 "GET /bot1548279772:AAHFSr5sYKty6vQb7QK3i6Oa3Mm-8Z1LAi8/getUpdates?offset=1&timeout=20 HTTP/1.1" 200 23
 2023-12-19 09:59:44,169 - DEBUG - https://api.telegram.org:443 "GET /bot1548279772:AAHFSr5sYKty6vQb7QK3i6Oa3Mm-8Z1LAi8/getUpdates?offset=1&timeout=20 HTTP/1.1" 200 23
 2023-12-19 10:00:04,371 - DEBUG - https://api.telegram.org:443 "GET /bot1548279772:AAHFSr5sYKty6vQb7QK3i6Oa3Mm-8Z1LAi8/getUpdates?offset=1&timeout=20 HTTP/1.1" 200 23
 2023-12-19 10:00:24,428 - DEBUG - https://api.telegram.org:443 "GET /bot1548279772:AAHFSr5sYKty6vQb7QK3i6Oa3Mm-8Z1LAi8/getUpdates?offset=1&timeout=20 HTTP/1.1" 200 23
 2023-12-19 10:00:44,495 - DEBUG - https://api.telegram.org:443 "GET /bot1548279772:AAHFSr5sYKty6vQb7QK3i6Oa3Mm-8Z1LAi8/getUpdates?offset=1&timeout=20 HTTP/1.1" 200 23
 2023-12-19 10:00:44,500 - DEBUG - Starting new HTTPS connection (1): api.telegram.org:443
 2023-12-19 10:01:04,851 - DEBUG - https://api.telegram.org:443 "GET /bot1548279772:AAHFSr5sYKty6vQb7QK3i6Oa3Mm-8Z1LAi8/getUpdates?offset=1&timeout=20 HTTP/1.1" 200 23
 2023-12-19 10:01:24,905 - DEBUG - https://api.telegram.org:443 "GET /bot1548279772:AAHFSr5sYKty6vQb7QK3i6Oa3Mm-8Z1LAi8/getUpdates?offset=1&timeout=20 HTTP/1.1" 200 23
 2023-12-19 10:01:44,960 - DEBUG - https://api.telegram.org:443 "GET /bot1548279772:AAHFSr5sYKty6vQb7QK3i6Oa3Mm-8Z1LAi8/getUpdates?offset=1&timeout=20 HTTP/1.1" 200 23
 2023-12-19 10:02:05,014 - DEBUG - https://api.telegram.org:443 "GET /bot1548279772:AAHFSr5sYKty6vQb7QK3i6Oa3Mm-8Z1LAi8/getUpdates?offset=1&timeout=20 HTTP/1.1" 200 23
 2023-12-19 10:02:25,070 - DEBUG - https://api.telegram.org:443 "GET /bot1548279772:AAHFSr5sYKty6vQb7QK3i6Oa3Mm-8Z1LAi8/getUpdates?offset=1&timeout=20 HTTP/1.1" 200 23
 2023-12-19 10:02:45,122 - DEBUG - https://api.telegram.org:443 "GET /bot1548279772:AAHFSr5sYKty6vQb7QK3i6Oa3Mm-8Z1LAi8/getUpdates?offset=1&timeout=20 HTTP/1.1" 200 23
 2023-12-19 10:03:05,178 - DEBUG - https://api.telegram.org:443 "GET /bot1548279772:AAHFSr5sYKty6vQb7QK3i6Oa3Mm-8Z1LAi8/getUpdates?offset=1&timeout=20 HTTP/1.1" 200 23
 2023-12-19 10:03:25,232 - DEBUG - https://api.telegram.org:443 "GET /bot1548279772:AAHFSr5sYKty6vQb7QK3i6Oa3Mm-8Z1LAi8/getUpdates?offset=1&timeout=20 HTTP/1.1" 200 23
 2023-12-19 10:03:45,286 - DEBUG - https://api.telegram.org:443 "GET /bot1548279772:AAHFSr5sYKty6vQb7QK3i6Oa3Mm-8Z1LAi8/getUpdates?offset=1&timeout=20 HTTP/1.1" 200 23
 2023-12-19 10:04:05,338 - DEBUG - https://api.telegram.org:443 "GET /bot1548279772:AAHFSr5sYKty6vQb7QK3i6Oa3Mm-8Z1LAi8/getUpdates?offset=1&timeout=20 HTTP/1.1" 200 23
 2023-12-19 10:04:25,389 - DEBUG - https://api.telegram.org:443 "GET /bot1548279772:AAHFSr5sYKty6vQb7QK3i6Oa3Mm-8Z1LAi8/getUpdates?offset=1&timeout=20 HTTP/1.1" 200 23
 2023-12-19 10:04:45,444 - DEBUG - https://api.telegram.org:443 "GET /bot1548279772:AAHFSr5sYKty6vQb7QK3i6Oa3Mm-8Z1LAi8/getUpdates?offset=1&timeout=20 HTTP/1.1" 200 23
 2023-12-19 10:05:05,500 - DEBUG - https://api.telegram.org:443 "GET /bot1548279772:AAHFSr5sYKty6vQb7QK3i6Oa3Mm-8Z1LAi8/getUpdates?offset=1&timeout=20 HTTP/1.1" 200 23
 2023-12-19 10:05:25,559 - DEBUG - https://api.telegram.org:443 "GET /bot1548279772:AAHFSr5sYKty6vQb7QK3i6Oa3Mm-8Z1LAi8/getUpdates?offset=1&timeout=20 HTTP/1.1" 200 23
 2023-12-19 10:05:45,612 - DEBUG - https://api.telegram.org:443 "GET /bot1548279772:AAHFSr5sYKty6vQb7QK3i6Oa3Mm-8Z1LAi8/getUpdates?offset=1&timeout=20 HTTP/1.1" 200 23
 2023-12-19 10:06:05,667 - DEBUG - https://api.telegram.org:443 "GET /bot1548279772:AAHFSr5sYKty6vQb7QK3i6Oa3Mm-8Z1LAi8/getUpdates?offset=1&timeout=20 HTTP/1.1" 200 23
 2023-12-19 10:06:25,718 - DEBUG - https://api.telegram.org:443 "GET /bot1548279772:AAHFSr5sYKty6vQb7QK3i6Oa3Mm-8Z1LAi8/getUpdates?offset=1&timeout=20 HTTP/1.1" 200 23
 2023-12-19 10:06:45,775 - DEBUG - https://api.telegram.org:443 "GET /bot1548279772:AAHFSr5sYKty6vQb7QK3i6Oa3Mm-8Z1LAi8/getUpdates?offset=1&timeout=20 HTTP/1.1" 200 23
 2023-12-19 10:07:05,834 - DEBUG - https://api.telegram.org:443 "GET /bot1548279772:AAHFSr5sYKty6vQb7QK3i6Oa3Mm-8Z1LAi8/getUpdates?offset=1&timeout=20 HTTP/1.1" 200 23
 2023-12-19 10:07:25,890 - DEBUG - https://api.telegram.org:443 "GET /bot1548279772:AAHFSr5sYKty6vQb7QK3i6Oa3Mm-8Z1LAi8/getUpdates?offset=1&timeout=20 HTTP/1.1" 200 23
 2023-12-19 10:07:45,943 - DEBUG - https://api.telegram.org:443 "GET /bot1548279772:AAHFSr5sYKty6vQb7QK3i6Oa3Mm-8Z1LAi8/getUpdates?offset=1&timeout=20 HTTP/1.1" 200 23
 2023-12-19 10:08:05,996 - DEBUG - https://api.telegram.org:443 "GET /bot1548279772:AAHFSr5sYKty6vQb7QK3i6Oa3Mm-8Z1LAi8/getUpdates?offset=1&timeout=20 HTTP/1.1" 200 23
 2023-12-19 10:08:26,052 - DEBUG - https://api.telegram.org:443 "GET /bot1548279772:AAHFSr5sYKty6vQb7QK3i6Oa3Mm-8Z1LAi8/getUpdates?offset=1&timeout=20 HTTP/1.1" 200 23
 2023-12-19 10:08:46,106 - DEBUG - https://api.telegram.org:443 "GET /bot1548279772:AAHFSr5sYKty6vQb7QK3i6Oa3Mm-8Z1LAi8/getUpdates?offset=1&timeout=20 HTTP/1.1" 200 23
 2023-12-19 10:09:06,158 - DEBUG - https://api.telegram.org:443 "GET /bot1548279772:AAHFSr5sYKty6vQb7QK3i6Oa3Mm-8Z1LAi8/getUpdates?offset=1&timeout=20 HTTP/1.1" 200 23
 2023-12-19 10:09:26,214 - DEBUG - https://api.telegram.org:443 "GET /bot1548279772:AAHFSr5sYKty6vQb7QK3i6Oa3Mm-8Z1LAi8/getUpdates?offset=1&timeout=20 HTTP/1.1" 200 23
 2023-12-19 10:09:46,265 - DEBUG - https://api.telegram.org:443 "GET /bot1548279772:AAHFSr5sYKty6vQb7QK3i6Oa3Mm-8Z1LAi8/getUpdates?offset=1&timeout=20 HTTP/1.1" 200 23
 2023-12-19 10:10:06,319 - DEBUG - https://api.telegram.org:443 "GET /bot1548279772:AAHFSr5sYKty6vQb7QK3i6Oa3Mm-8Z1LAi8/getUpdates?offset=1&timeout=20 HTTP/1.1" 200 23
 2023-12-19 10:10:26,382 - DEBUG - https://api.telegram.org:443 "GET /bot1548279772:AAHFSr5sYKty6vQb7QK3i6Oa3Mm-8Z1LAi8/getUpdates?offset=1&timeout=20 HTTP/1.1" 200 23
 2023-12-19 10:10:46,437 - DEBUG - https://api.telegram.org:443 "GET /bot1548279772:AAHFSr5sYKty6vQb7QK3i6Oa3Mm-8Z1LAi8/getUpdates?offset=1&timeout=20 HTTP/1.1" 200 23
 2023-12-19 10:10:46,438 - DEBUG - Starting new HTTPS connection (1): api.telegram.org:443
 2023-12-19 10:11:06,780 - DEBUG - https://api.telegram.org:443 "GET /bot1548279772:AAHFSr5sYKty6vQb7QK3i6Oa3Mm-8Z1LAi8/getUpdates?offset=1&timeout=20 HTTP/1.1" 200 23
 2023-12-19 10:11:26,832 - DEBUG - https://api.telegram.org:443 "GET /bot1548279772:AAHFSr5sYKty6vQb7QK3i6Oa3Mm-8Z1LAi8/getUpdates?offset=1&timeout=20 HTTP/1.1" 200 23
 2023-12-19 10:11:46,885 - DEBUG - https://api.telegram.org:443 "GET /bot1548279772:AAHFSr5sYKty6vQb7QK3i6Oa3Mm-8Z1LAi8/getUpdates?offset=1&timeout=20 HTTP/1.1" 200 23
 2023-12-19 10:12:06,939 - DEBUG - https://api.telegram.org:443 "GET /bot1548279772:AAHFSr5sYKty6vQb7QK3i6Oa3Mm-8Z1LAi8/getUpdates?offset=1&timeout=20 HTTP/1.1" 200 23
 2023-12-19 10:12:26,991 - DEBUG - https://api.telegram.org:443 "GET /bot1548279772:AAHFSr5sYKty6vQb7QK3i6Oa3Mm-8Z1LAi8/getUpdates?offset=1&timeout=20 HTTP/1.1" 200 23
 2023-12-19 10:12:47,043 - DEBUG - https://api.telegram.org:443 "GET /bot1548279772:AAHFSr5sYKty6vQb7QK3i6Oa3Mm-8Z1LAi8/getUpdates?offset=1&timeout=20 HTTP/1.1" 200 23
 2023-12-19 10:13:07,099 - DEBUG - https://api.telegram.org:443 "GET /bot1548279772:AAHFSr5sYKty6vQb7QK3i6Oa3Mm-8Z1LAi8/getUpdates?offset=1&timeout=20 HTTP/1.1" 200 23
 2023-12-19 10:13:27,149 - DEBUG - https://api.telegram.org:443 "GET /bot1548279772:AAHFSr5sYKty6vQb7QK3i6Oa3Mm-8Z1LAi8/getUpdates?offset=1&timeout=20 HTTP/1.1" 200 23
 2023-12-19 10:13:47,204 - DEBUG - https://api.telegram.org:443 "GET /bot1548279772:AAHFSr5sYKty6vQb7QK3i6Oa3Mm-8Z1LAi8/getUpdates?offset=1&timeout=20 HTTP/1.1" 200 23
 2023-12-19 10:14:07,259 - DEBUG - https://api.telegram.org:443 "GET /bot1548279772:AAHFSr5sYKty6vQb7QK3i6Oa3Mm-8Z1LAi8/getUpdates?offset=1&timeout=20 HTTP/1.1" 200 23
 2023-12-19 10:14:27,315 - DEBUG - https://api.telegram.org:443 "GET /bot1548279772:AAHFSr5sYKty6vQb7QK3i6Oa3Mm-8Z1LAi8/getUpdates?offset=1&timeout=20 HTTP/1.1" 200 23
 2023-12-19 10:14:47,367 - DEBUG - https://api.telegram.org:443 "GET /bot1548279772:AAHFSr5sYKty6vQb7QK3i6Oa3Mm-8Z1LAi8/getUpdates?offset=1&timeout=20 HTTP/1.1" 200 23
 2023-12-19 10:15:07,423 - DEBUG - https://api.telegram.org:443 "GET /bot1548279772:AAHFSr5sYKty6vQb7QK3i6Oa3Mm-8Z1LAi8/getUpdates?offset=1&timeout=20 HTTP/1.1" 200 23
 2023-12-19 10:15:27,494 - DEBUG - https://api.telegram.org:443 "GET /bot1548279772:AAHFSr5sYKty6vQb7QK3i6Oa3Mm-8Z1LAi8/getUpdates?offset=1&timeout=20 HTTP/1.1" 200 23
 2023-12-19 10:15:47,560 - DEBUG - https://api.telegram.org:443 "GET /bot1548279772:AAHFSr5sYKty6vQb7QK3i6Oa3Mm-8Z1LAi8/getUpdates?offset=1&timeout=20 HTTP/1.1" 200 23
 2023-12-19 10:16:07,621 - DEBUG - https://api.telegram.org:443 "GET /bot1548279772:AAHFSr5sYKty6vQb7QK3i6Oa3Mm-8Z1LAi8/getUpdates?offset=1&timeout=20 HTTP/1.1" 200 23
 2023-12-19 10:16:27,673 - DEBUG - https://api.telegram.org:443 "GET /bot1548279772:AAHFSr5sYKty6vQb7QK3i6Oa3Mm-8Z1LAi8/getUpdates?offset=1&timeout=20 HTTP/1.1" 200 23
 2023-12-19 10:16:47,727 - DEBUG - https://api.telegram.org:443 "GET /bot1548279772:AAHFSr5sYKty6vQb7QK3i6Oa3Mm-8Z1LAi8/getUpdates?offset=1&timeout=20 HTTP/1.1" 200 23
 2023-12-19 10:17:07,779 - DEBUG - https://api.telegram.org:443 "GET /bot1548279772:AAHFSr5sYKty6vQb7QK3i6Oa3Mm-8Z1LAi8/getUpdates?offset=1&timeout=20 HTTP/1.1" 200 23
 2023-12-19 10:17:27,831 - DEBUG - https://api.telegram.org:443 "GET /bot1548279772:AAHFSr5sYKty6vQb7QK3i6Oa3Mm-8Z1LAi8/getUpdates?offset=1&timeout=20 HTTP/1.1" 200 23
 2023-12-19 10:17:47,908 - DEBUG - https://api.telegram.org:443 "GET /bot1548279772:AAHFSr5sYKty6vQb7QK3i6Oa3Mm-8Z1LAi8/getUpdates?offset=1&timeout=20 HTTP/1.1" 200 23
 2023-12-19 10:18:07,963 - DEBUG - https://api.telegram.org:443 "GET /bot1548279772:AAHFSr5sYKty6vQb7QK3i6Oa3Mm-8Z1LAi8/getUpdates?offset=1&timeout=20 HTTP/1.1" 200 23
 2023-12-19 10:18:28,017 - DEBUG - https://api.telegram.org:443 "GET /bot1548279772:AAHFSr5sYKty6vQb7QK3i6Oa3Mm-8Z1LAi8/getUpdates?offset=1&timeout=20 HTTP/1.1" 200 23
 2023-12-19 10:18:48,074 - DEBUG - https://api.telegram.org:443 "GET /bot1548279772:AAHFSr5sYKty6vQb7QK3i6Oa3Mm-8Z1LAi8/getUpdates?offset=1&timeout=20 HTTP/1.1" 200 23
 2023-12-19 10:19:08,129 - DEBUG - https://api.telegram.org:443 "GET /bot1548279772:AAHFSr5sYKty6vQb7QK3i6Oa3Mm-8Z1LAi8/getUpdates?offset=1&timeout=20 HTTP/1.1" 200 23
 2023-12-19 10:19:28,182 - DEBUG - https://api.telegram.org:443 "GET /bot1548279772:AAHFSr5sYKty6vQb7QK3i6Oa3Mm-8Z1LAi8/getUpdates?offset=1&timeout=20 HTTP/1.1" 200 23
 2023-12-19 10:19:48,234 - DEBUG - https://api.telegram.org:443 "GET /bot1548279772:AAHFSr5sYKty6vQb7QK3i6Oa3Mm-8Z1LAi8/getUpdates?offset=1&timeout=20 HTTP/1.1" 200 23
 2023-12-19 10:20:08,299 - DEBUG - https://api.telegram.org:443 "GET /bot1548279772:AAHFSr5sYKty6vQb7QK3i6Oa3Mm-8Z1LAi8/getUpdates?offset=1&timeout=20 HTTP/1.1" 200 23
 2023-12-19 10:20:28,358 - DEBUG - https://api.telegram.org:443 "GET /bot1548279772:AAHFSr5sYKty6vQb7QK3i6Oa3Mm-8Z1LAi8/getUpdates?offset=1&timeout=20 HTTP/1.1" 200 23
 2023-12-19 10:20:48,410 - DEBUG - https://api.telegram.org:443 "GET /bot1548279772:AAHFSr5sYKty6vQb7QK3i6Oa3Mm-8Z1LAi8/getUpdates?offset=1&timeout=20 HTTP/1.1" 200 23
 2023-12-19 10:20:48,411 - DEBUG - Starting new HTTPS connection (1): api.telegram.org:443
 2023-12-19 10:21:08,753 - DEBUG - https://api.telegram.org:443 "GET /bot1548279772:AAHFSr5sYKty6vQb7QK3i6Oa3Mm-8Z1LAi8/getUpdates?offset=1&timeout=20 HTTP/1.1" 200 23
 2023-12-19 10:21:28,809 - DEBUG - https://api.telegram.org:443 "GET /bot1548279772:AAHFSr5sYKty6vQb7QK3i6Oa3Mm-8Z1LAi8/getUpdates?offset=1&timeout=20 HTTP/1.1" 200 23
 2023-12-19 10:21:48,859 - DEBUG - https://api.telegram.org:443 "GET /bot1548279772:AAHFSr5sYKty6vQb7QK3i6Oa3Mm-8Z1LAi8/getUpdates?offset=1&timeout=20 HTTP/1.1" 200 23
 2023-12-19 10:22:08,913 - DEBUG - https://api.telegram.org:443 "GET /bot1548279772:AAHFSr5sYKty6vQb7QK3i6Oa3Mm-8Z1LAi8/getUpdates?offset=1&timeout=20 HTTP/1.1" 200 23
 2023-12-19 10:22:28,963 - DEBUG - https://api.telegram.org:443 "GET /bot1548279772:AAHFSr5sYKty6vQb7QK3i6Oa3Mm-8Z1LAi8/getUpdates?offset=1&timeout=20 HTTP/1.1" 200 23
 2023-12-19 10:22:49,015 - DEBUG - https://api.telegram.org:443 "GET /bot1548279772:AAHFSr5sYKty6vQb7QK3i6Oa3Mm-8Z1LAi8/getUpdates?offset=1&timeout=20 HTTP/1.1" 200 23
 2023-12-19 10:23:09,066 - DEBUG - https://api.telegram.org:443 "GET /bot1548279772:AAHFSr5sYKty6vQb7QK3i6Oa3Mm-8Z1LAi8/getUpdates?offset=1&timeout=20 HTTP/1.1" 200 23
 2023-12-19 10:23:29,121 - DEBUG - https://api.telegram.org:443 "GET /bot1548279772:AAHFSr5sYKty6vQb7QK3i6Oa3Mm-8Z1LAi8/getUpdates?offset=1&timeout=20 HTTP/1.1" 200 23
 2023-12-19 10:23:49,176 - DEBUG - https://api.telegram.org:443 "GET /bot1548279772:AAHFSr5sYKty6vQb7QK3i6Oa3Mm-8Z1LAi8/getUpdates?offset=1&timeout=20 HTTP/1.1" 200 23
 2023-12-19 10:24:09,227 - DEBUG - https://api.telegram.org:443 "GET /bot1548279772:AAHFSr5sYKty6vQb7QK3i6Oa3Mm-8Z1LAi8/getUpdates?offset=1&timeout=20 HTTP/1.1" 200 23
 2023-12-19 10:24:29,279 - DEBUG - https://api.telegram.org:443 "GET /bot1548279772:AAHFSr5sYKty6vQb7QK3i6Oa3Mm-8Z1LAi8/getUpdates?offset=1&timeout=20 HTTP/1.1" 200 23
 2023-12-19 10:24:49,331 - DEBUG - https://api.telegram.org:443 "GET /bot1548279772:AAHFSr5sYKty6vQb7QK3i6Oa3Mm-8Z1LAi8/getUpdates?offset=1&timeout=20 HTTP/1.1" 200 23
 2023-12-19 10:25:09,383 - DEBUG - https://api.telegram.org:443 "GET /bot1548279772:AAHFSr5sYKty6vQb7QK3i6Oa3Mm-8Z1LAi8/getUpdates?offset=1&timeout=20 HTTP/1.1" 200 23
 2023-12-19 10:25:29,434 - DEBUG - https://api.telegram.org:443 "GET /bot1548279772:AAHFSr5sYKty6vQb7QK3i6Oa3Mm-8Z1LAi8/getUpdates?offset=1&timeout=20 HTTP/1.1" 200 23
 2023-12-19 10:25:49,485 - DEBUG - https://api.telegram.org:443 "GET /bot1548279772:AAHFSr5sYKty6vQb7QK3i6Oa3Mm-8Z1LAi8/getUpdates?offset=1&timeout=20 HTTP/1.1" 200 23
 2023-12-19 10:26:09,537 - DEBUG - https://api.telegram.org:443 "GET /bot1548279772:AAHFSr5sYKty6vQb7QK3i6Oa3Mm-8Z1LAi8/getUpdates?offset=1&timeout=20 HTTP/1.1" 200 23
 2023-12-19 10:26:29,589 - DEBUG - https://api.telegram.org:443 "GET /bot1548279772:AAHFSr5sYKty6vQb7QK3i6Oa3Mm-8Z1LAi8/getUpdates?offset=1&timeout=20 HTTP/1.1" 200 23
 2023-12-19 10:26:49,642 - DEBUG - https://api.telegram.org:443 "GET /bot1548279772:AAHFSr5sYKty6vQb7QK3i6Oa3Mm-8Z1LAi8/getUpdates?offset=1&timeout=20 HTTP/1.1" 200 23
 2023-12-19 10:27:09,694 - DEBUG - https://api.telegram.org:443 "GET /bot1548279772:AAHFSr5sYKty6vQb7QK3i6Oa3Mm-8Z1LAi8/getUpdates?offset=1&timeout=20 HTTP/1.1" 200 23
 2023-12-19 10:27:29,745 - DEBUG - https://api.telegram.org:443 "GET /bot1548279772:AAHFSr5sYKty6vQb7QK3i6Oa3Mm-8Z1LAi8/getUpdates?offset=1&timeout=20 HTTP/1.1" 200 23
 2023-12-19 10:27:49,797 - DEBUG - https://api.telegram.org:443 "GET /bot1548279772:AAHFSr5sYKty6vQb7QK3i6Oa3Mm-8Z1LAi8/getUpdates?offset=1&timeout=20 HTTP/1.1" 200 23
 2023-12-19 10:28:09,848 - DEBUG - https://api.telegram.org:443 "GET /bot1548279772:AAHFSr5sYKty6vQb7QK3i6Oa3Mm-8Z1LAi8/getUpdates?offset=1&timeout=20 HTTP/1.1" 200 23
 2023-12-19 10:28:29,901 - DEBUG - https://api.telegram.org:443 "GET /bot1548279772:AAHFSr5sYKty6vQb7QK3i6Oa3Mm-8Z1LAi8/getUpdates?offset=1&timeout=20 HTTP/1.1" 200 23
 2023-12-19 10:28:49,953 - DEBUG - https://api.telegram.org:443 "GET /bot1548279772:AAHFSr5sYKty6vQb7QK3i6Oa3Mm-8Z1LAi8/getUpdates?offset=1&timeout=20 HTTP/1.1" 200 23
 2023-12-19 10:29:10,005 - DEBUG - https://api.telegram.org:443 "GET /bot1548279772:AAHFSr5sYKty6vQb7QK3i6Oa3Mm-8Z1LAi8/getUpdates?offset=1&timeout=20 HTTP/1.1" 200 23
 2023-12-19 10:29:30,057 - DEBUG - https://api.telegram.org:443 "GET /bot1548279772:AAHFSr5sYKty6vQb7QK3i6Oa3Mm-8Z1LAi8/getUpdates?offset=1&timeout=20 HTTP/1.1" 200 23
 2023-12-19 10:29:50,108 - DEBUG - https://api.telegram.org:443 "GET /bot1548279772:AAHFSr5sYKty6vQb7QK3i6Oa3Mm-8Z1LAi8/getUpdates?offset=1&timeout=20 HTTP/1.1" 200 23
 2023-12-19 10:30:10,160 - DEBUG - https://api.telegram.org:443 "GET /bot1548279772:AAHFSr5sYKty6vQb7QK3i6Oa3Mm-8Z1LAi8/getUpdates?offset=1&timeout=20 HTTP/1.1" 200 23
 2023-12-19 10:30:30,210 - DEBUG - https://api.telegram.org:443 "GET /bot1548279772:AAHFSr5sYKty6vQb7QK3i6Oa3Mm-8Z1LAi8/getUpdates?offset=1&timeout=20 HTTP/1.1" 200 23
 2023-12-19 10:30:50,262 - DEBUG - https://api.telegram.org:443 "GET /bot1548279772:AAHFSr5sYKty6vQb7QK3i6Oa3Mm-8Z1LAi8/getUpdates?offset=1&timeout=20 HTTP/1.1" 200 23
 2023-12-19 10:30:50,264 - DEBUG - Starting new HTTPS connection (1): api.telegram.org:443
 2023-12-19 10:31:10,599 - DEBUG - https://api.telegram.org:443 "GET /bot1548279772:AAHFSr5sYKty6vQb7QK3i6Oa3Mm-8Z1LAi8/getUpdates?offset=1&timeout=20 HTTP/1.1" 200 23
 2023-12-19 10:31:30,651 - DEBUG - https://api.telegram.org:443 "GET /bot1548279772:AAHFSr5sYKty6vQb7QK3i6Oa3Mm-8Z1LAi8/getUpdates?offset=1&timeout=20 HTTP/1.1" 200 23
 2023-12-19 10:31:50,704 - DEBUG - https://api.telegram.org:443 "GET /bot1548279772:AAHFSr5sYKty6vQb7QK3i6Oa3Mm-8Z1LAi8/getUpdates?offset=1&timeout=20 HTTP/1.1" 200 23
 2023-12-19 10:32:10,757 - DEBUG - https://api.telegram.org:443 "GET /bot1548279772:AAHFSr5sYKty6vQb7QK3i6Oa3Mm-8Z1LAi8/getUpdates?offset=1&timeout=20 HTTP/1.1" 200 23
 2023-12-19 10:32:30,816 - DEBUG - https://api.telegram.org:443 "GET /bot1548279772:AAHFSr5sYKty6vQb7QK3i6Oa3Mm-8Z1LAi8/getUpdates?offset=1&timeout=20 HTTP/1.1" 200 23
 2023-12-19 10:32:50,869 - DEBUG - https://api.telegram.org:443 "GET /bot1548279772:AAHFSr5sYKty6vQb7QK3i6Oa3Mm-8Z1LAi8/getUpdates?offset=1&timeout=20 HTTP/1.1" 200 23
 2023-12-19 10:33:10,926 - DEBUG - https://api.telegram.org:443 "GET /bot1548279772:AAHFSr5sYKty6vQb7QK3i6Oa3Mm-8Z1LAi8/getUpdates?offset=1&timeout=20 HTTP/1.1" 200 23
 2023-12-19 10:33:30,978 - DEBUG - https://api.telegram.org:443 "GET /bot1548279772:AAHFSr5sYKty6vQb7QK3i6Oa3Mm-8Z1LAi8/getUpdates?offset=1&timeout=20 HTTP/1.1" 200 23
 2023-12-19 10:33:51,032 - DEBUG - https://api.telegram.org:443 "GET /bot1548279772:AAHFSr5sYKty6vQb7QK3i6Oa3Mm-8Z1LAi8/getUpdates?offset=1&timeout=20 HTTP/1.1" 200 23
 2023-12-19 10:34:11,084 - DEBUG - https://api.telegram.org:443 "GET /bot1548279772:AAHFSr5sYKty6vQb7QK3i6Oa3Mm-8Z1LAi8/getUpdates?offset=1&timeout=20 HTTP/1.1" 200 23
 2023-12-19 10:34:31,137 - DEBUG - https://api.telegram.org:443 "GET /bot1548279772:AAHFSr5sYKty6vQb7QK3i6Oa3Mm-8Z1LAi8/getUpdates?offset=1&timeout=20 HTTP/1.1" 200 23
 2023-12-19 10:34:51,189 - DEBUG - https://api.telegram.org:443 "GET /bot1548279772:AAHFSr5sYKty6vQb7QK3i6Oa3Mm-8Z1LAi8/getUpdates?offset=1&timeout=20 HTTP/1.1" 200 23
 2023-12-19 10:35:11,241 - DEBUG - https://api.telegram.org:443 "GET /bot1548279772:AAHFSr5sYKty6vQb7QK3i6Oa3Mm-8Z1LAi8/getUpdates?offset=1&timeout=20 HTTP/1.1" 200 23
 2023-12-19 10:35:31,293 - DEBUG - https://api.telegram.org:443 "GET /bot1548279772:AAHFSr5sYKty6vQb7QK3i6Oa3Mm-8Z1LAi8/getUpdates?offset=1&timeout=20 HTTP/1.1" 200 23
 2023-12-19 10:35:51,347 - DEBUG - https://api.telegram.org:443 "GET /bot1548279772:AAHFSr5sYKty6vQb7QK3i6Oa3Mm-8Z1LAi8/getUpdates?offset=1&timeout=20 HTTP/1.1" 200 23
 2023-12-19 10:36:11,401 - DEBUG - https://api.telegram.org:443 "GET /bot1548279772:AAHFSr5sYKty6vQb7QK3i6Oa3Mm-8Z1LAi8/getUpdates?offset=1&timeout=20 HTTP/1.1" 200 23
 2023-12-19 10:36:31,452 - DEBUG - https://api.telegram.org:443 "GET /bot1548279772:AAHFSr5sYKty6vQb7QK3i6Oa3Mm-8Z1LAi8/getUpdates?offset=1&timeout=20 HTTP/1.1" 200 23
 2023-12-19 10:36:51,504 - DEBUG - https://api.telegram.org:443 "GET /bot1548279772:AAHFSr5sYKty6vQb7QK3i6Oa3Mm-8Z1LAi8/getUpdates?offset=1&timeout=20 HTTP/1.1" 200 23
 2023-12-19 10:37:11,558 - DEBUG - https://api.telegram.org:443 "GET /bot1548279772:AAHFSr5sYKty6vQb7QK3i6Oa3Mm-8Z1LAi8/getUpdates?offset=1&timeout=20 HTTP/1.1" 200 23
 2023-12-19 10:37:31,610 - DEBUG - https://api.telegram.org:443 "GET /bot1548279772:AAHFSr5sYKty6vQb7QK3i6Oa3Mm-8Z1LAi8/getUpdates?offset=1&timeout=20 HTTP/1.1" 200 23
 2023-12-19 10:37:51,663 - DEBUG - https://api.telegram.org:443 "GET /bot1548279772:AAHFSr5sYKty6vQb7QK3i6Oa3Mm-8Z1LAi8/getUpdates?offset=1&timeout=20 HTTP/1.1" 200 23
 2023-12-19 10:38:11,725 - DEBUG - https://api.telegram.org:443 "GET /bot1548279772:AAHFSr5sYKty6vQb7QK3i6Oa3Mm-8Z1LAi8/getUpdates?offset=1&timeout=20 HTTP/1.1" 200 23
 2023-12-19 10:38:31,784 - DEBUG - https://api.telegram.org:443 "GET /bot1548279772:AAHFSr5sYKty6vQb7QK3i6Oa3Mm-8Z1LAi8/getUpdates?offset=1&timeout=20 HTTP/1.1" 200 23
 2023-12-19 10:38:51,835 - DEBUG - https://api.telegram.org:443 "GET /bot1548279772:AAHFSr5sYKty6vQb7QK3i6Oa3Mm-8Z1LAi8/getUpdates?offset=1&timeout=20 HTTP/1.1" 200 23
 2023-12-19 10:39:11,903 - DEBUG - https://api.telegram.org:443 "GET /bot1548279772:AAHFSr5sYKty6vQb7QK3i6Oa3Mm-8Z1LAi8/getUpdates?offset=1&timeout=20 HTTP/1.1" 200 23
 2023-12-19 10:39:31,958 - DEBUG - https://api.telegram.org:443 "GET /bot1548279772:AAHFSr5sYKty6vQb7QK3i6Oa3Mm-8Z1LAi8/getUpdates?offset=1&timeout=20 HTTP/1.1" 200 23
 2023-12-19 10:39:52,013 - DEBUG - https://api.telegram.org:443 "GET /bot1548279772:AAHFSr5sYKty6vQb7QK3i6Oa3Mm-8Z1LAi8/getUpdates?offset=1&timeout=20 HTTP/1.1" 200 23
 2023-12-19 10:40:12,106 - DEBUG - https://api.telegram.org:443 "GET /bot1548279772:AAHFSr5sYKty6vQb7QK3i6Oa3Mm-8Z1LAi8/getUpdates?offset=1&timeout=20 HTTP/1.1" 200 23
 2023-12-19 10:40:32,163 - DEBUG - https://api.telegram.org:443 "GET /bot1548279772:AAHFSr5sYKty6vQb7QK3i6Oa3Mm-8Z1LAi8/getUpdates?offset=1&timeout=20 HTTP/1.1" 200 23
 2023-12-19 10:40:52,215 - DEBUG - https://api.telegram.org:443 "GET /bot1548279772:AAHFSr5sYKty6vQb7QK3i6Oa3Mm-8Z1LAi8/getUpdates?offset=1&timeout=20 HTTP/1.1" 200 23
 2023-12-19 10:40:52,216 - DEBUG - Starting new HTTPS connection (1): api.telegram.org:443
 2023-12-19 10:41:12,564 - DEBUG - https://api.telegram.org:443 "GET /bot1548279772:AAHFSr5sYKty6vQb7QK3i6Oa3Mm-8Z1LAi8/getUpdates?offset=1&timeout=20 HTTP/1.1" 200 23
 2023-12-19 10:41:32,621 - DEBUG - https://api.telegram.org:443 "GET /bot1548279772:AAHFSr5sYKty6vQb7QK3i6Oa3Mm-8Z1LAi8/getUpdates?offset=1&timeout=20 HTTP/1.1" 200 23
 2023-12-19 10:41:52,674 - DEBUG - https://api.telegram.org:443 "GET /bot1548279772:AAHFSr5sYKty6vQb7QK3i6Oa3Mm-8Z1LAi8/getUpdates?offset=1&timeout=20 HTTP/1.1" 200 23
 2023-12-19 10:42:00,774 - DEBUG - Running job Job(interval=1, unit=days, do=otkrytka1, args=(), kwargs={})
 2023-12-19 10:42:00,786 - DEBUG - Starting new HTTPS connection (1): api.telegram.org:443
 2023-12-19 10:42:01,393 - DEBUG - https://api.telegram.org:443 "POST /bot1548279772:AAHFSr5sYKty6vQb7QK3i6Oa3Mm-8Z1LAi8/sendPhoto?chat_id=-1001210129344 HTTP/1.1" 200 858
 2023-12-19 10:42:12,729 - DEBUG - https://api.telegram.org:443 "GET /bot1548279772:AAHFSr5sYKty6vQb7QK3i6Oa3Mm-8Z1LAi8/getUpdates?offset=1&timeout=20 HTTP/1.1" 200 23
 2023-12-19 10:42:32,784 - DEBUG - https://api.telegram.org:443 "GET /bot1548279772:AAHFSr5sYKty6vQb7QK3i6Oa3Mm-8Z1LAi8/getUpdates?offset=1&timeout=20 HTTP/1.1" 200 23
 2023-12-19 10:42:52,836 - DEBUG - https://api.telegram.org:443 "GET /bot1548279772:AAHFSr5sYKty6vQb7QK3i6Oa3Mm-8Z1LAi8/getUpdates?offset=1&timeout=20 HTTP/1.1" 200 23
 2023-12-19 10:43:12,888 - DEBUG - https://api.telegram.org:443 "GET /bot1548279772:AAHFSr5sYKty6vQb7QK3i6Oa3Mm-8Z1LAi8/getUpdates?offset=1&timeout=20 HTTP/1.1" 200 23
