 2023-12-22 13:29:19,441 - DEBUG - Starting new HTTPS connection (1): api.telegram.org:443
 2023-12-22 13:29:19,605 - DEBUG - https://api.telegram.org:443 "GET /bot1548279772:AAHFSr5sYKty6vQb7QK3i6Oa3Mm-8Z1LAi8/getUpdates?offset=1&timeout=20 HTTP/1.1" 200 2100
 2023-12-22 13:29:19,609 - DEBUG - Starting new HTTPS connection (1): api.telegram.org:443
 2023-12-22 13:29:19,610 - DEBUG - Starting new HTTPS connection (1): api.telegram.org:443
 2023-12-22 13:29:19,770 - DEBUG - https://api.telegram.org:443 "GET /bot1548279772:AAHFSr5sYKty6vQb7QK3i6Oa3Mm-8Z1LAi8/getMe HTTP/1.1" 200 197
 2023-12-22 13:29:19,794 - DEBUG - https://api.telegram.org:443 "POST /bot1548279772:AAHFSr5sYKty6vQb7QK3i6Oa3Mm-8Z1LAi8/sendMessage?chat_id=71931403&text=Hyv%C3%A4%C3%A4+ruokahalua%2C+Igor%21 HTTP/1.1" 200 306
 2023-12-22 13:29:19,850 - DEBUG - https://api.telegram.org:443 "POST /bot1548279772:AAHFSr5sYKty6vQb7QK3i6Oa3Mm-8Z1LAi8/sendMessage?chat_id=71931403&text=%D0%A2%D0%B5%D1%81%D1%82%D0%B8%D1%80%D0%BE%D0%B2%D1%89%D0%B8%D0%BA%D0%B8%21+%0A%40Igor_Kirichek%2C+%40lexm18%2C+%40from_time_to_time%2C+%40glatemalin%2C+%40inside4276%2C+%40Azamat_Gu%2C+%40lena596&parse_mode=html HTTP/1.1" 200 752
 2023-12-22 13:29:19,892 - DEBUG - https://api.telegram.org:443 "POST /bot1548279772:AAHFSr5sYKty6vQb7QK3i6Oa3Mm-8Z1LAi8/sendMessage?chat_id=71931403&text=Selamat+makan%2C+%D0%98%D0%B3%D0%BE%D1%80%D1%8F%D0%BC%D0%B1%D0%B0%21 HTTP/1.1" 200 337
 2023-12-22 13:29:19,942 - DEBUG - https://api.telegram.org:443 "POST /bot1548279772:AAHFSr5sYKty6vQb7QK3i6Oa3Mm-8Z1LAi8/sendMessage?chat_id=71931403&text=%D0%9F%D1%80%D0%B8%D1%8F%D1%82%D0%BD%D0%BE%D0%B3%D0%BE+%D0%B0%D0%BF%D0%BF%D0%B5%D1%82%D0%B8%D1%82%D0%B0%2C+%D0%98%D0%B3%D0%BE%D1%80%D1%8F%D0%BC%D0%B1%D0%B0%21 HTTP/1.1" 200 427
 2023-12-22 13:29:39,660 - DEBUG - https://api.telegram.org:443 "GET /bot1548279772:AAHFSr5sYKty6vQb7QK3i6Oa3Mm-8Z1LAi8/getUpdates?offset=417633222&timeout=20 HTTP/1.1" 200 23
 2023-12-22 13:29:46,377 - DEBUG - https://api.telegram.org:443 "GET /bot1548279772:AAHFSr5sYKty6vQb7QK3i6Oa3Mm-8Z1LAi8/getUpdates?offset=417633222&timeout=20 HTTP/1.1" 200 356
 2023-12-22 13:30:06,436 - DEBUG - https://api.telegram.org:443 "GET /bot1548279772:AAHFSr5sYKty6vQb7QK3i6Oa3Mm-8Z1LAi8/getUpdates?offset=417633223&timeout=20 HTTP/1.1" 200 23
 2023-12-22 13:30:26,488 - DEBUG - https://api.telegram.org:443 "GET /bot1548279772:AAHFSr5sYKty6vQb7QK3i6Oa3Mm-8Z1LAi8/getUpdates?offset=417633223&timeout=20 HTTP/1.1" 200 23
 2023-12-22 13:30:46,547 - DEBUG - https://api.telegram.org:443 "GET /bot1548279772:AAHFSr5sYKty6vQb7QK3i6Oa3Mm-8Z1LAi8/getUpdates?offset=417633223&timeout=20 HTTP/1.1" 200 23
 2023-12-22 13:31:06,601 - DEBUG - https://api.telegram.org:443 "GET /bot1548279772:AAHFSr5sYKty6vQb7QK3i6Oa3Mm-8Z1LAi8/getUpdates?offset=417633223&timeout=20 HTTP/1.1" 200 23
 2023-12-22 13:31:26,655 - DEBUG - https://api.telegram.org:443 "GET /bot1548279772:AAHFSr5sYKty6vQb7QK3i6Oa3Mm-8Z1LAi8/getUpdates?offset=417633223&timeout=20 HTTP/1.1" 200 23
 2023-12-22 13:31:46,708 - DEBUG - https://api.telegram.org:443 "GET /bot1548279772:AAHFSr5sYKty6vQb7QK3i6Oa3Mm-8Z1LAi8/getUpdates?offset=417633223&timeout=20 HTTP/1.1" 200 23
 2023-12-22 13:32:06,765 - DEBUG - https://api.telegram.org:443 "GET /bot1548279772:AAHFSr5sYKty6vQb7QK3i6Oa3Mm-8Z1LAi8/getUpdates?offset=417633223&timeout=20 HTTP/1.1" 200 23
 2023-12-22 13:32:26,819 - DEBUG - https://api.telegram.org:443 "GET /bot1548279772:AAHFSr5sYKty6vQb7QK3i6Oa3Mm-8Z1LAi8/getUpdates?offset=417633223&timeout=20 HTTP/1.1" 200 23
 2023-12-22 13:32:46,872 - DEBUG - https://api.telegram.org:443 "GET /bot1548279772:AAHFSr5sYKty6vQb7QK3i6Oa3Mm-8Z1LAi8/getUpdates?offset=417633223&timeout=20 HTTP/1.1" 200 23
 2023-12-22 13:33:06,924 - DEBUG - https://api.telegram.org:443 "GET /bot1548279772:AAHFSr5sYKty6vQb7QK3i6Oa3Mm-8Z1LAi8/getUpdates?offset=417633223&timeout=20 HTTP/1.1" 200 23
 2023-12-22 13:33:26,976 - DEBUG - https://api.telegram.org:443 "GET /bot1548279772:AAHFSr5sYKty6vQb7QK3i6Oa3Mm-8Z1LAi8/getUpdates?offset=417633223&timeout=20 HTTP/1.1" 200 23
 2023-12-22 13:33:47,030 - DEBUG - https://api.telegram.org:443 "GET /bot1548279772:AAHFSr5sYKty6vQb7QK3i6Oa3Mm-8Z1LAi8/getUpdates?offset=417633223&timeout=20 HTTP/1.1" 200 23
