 2023-12-18 10:04:07,585 - DEBUG - Starting new HTTPS connection (1): api.telegram.org:443
 2023-12-18 10:04:07,920 - DEBUG - https://api.telegram.org:443 "GET /bot1548279772:AAHFSr5sYKty6vQb7QK3i6Oa3Mm-8Z1LAi8/getMe HTTP/1.1" 200 197
 2023-12-18 10:04:07,922 - DEBUG - Starting new HTTPS connection (1): api.telegram.org:443
 2023-12-18 10:04:08,252 - DEBUG - https://api.telegram.org:443 "GET /bot1548279772:AAHFSr5sYKty6vQb7QK3i6Oa3Mm-8Z1LAi8/getUpdates?offset=1&timeout=20 HTTP/1.1" 200 1103
 2023-12-18 10:04:28,310 - DEBUG - https://api.telegram.org:443 "GET /bot1548279772:AAHFSr5sYKty6vQb7QK3i6Oa3Mm-8Z1LAi8/getUpdates?offset=417632146&timeout=20 HTTP/1.1" 200 23
 2023-12-18 10:04:48,367 - DEBUG - https://api.telegram.org:443 "GET /bot1548279772:AAHFSr5sYKty6vQb7QK3i6Oa3Mm-8Z1LAi8/getUpdates?offset=417632146&timeout=20 HTTP/1.1" 200 23
 2023-12-18 10:05:08,421 - DEBUG - https://api.telegram.org:443 "GET /bot1548279772:AAHFSr5sYKty6vQb7QK3i6Oa3Mm-8Z1LAi8/getUpdates?offset=417632146&timeout=20 HTTP/1.1" 200 23
 2023-12-18 10:05:28,486 - DEBUG - https://api.telegram.org:443 "GET /bot1548279772:AAHFSr5sYKty6vQb7QK3i6Oa3Mm-8Z1LAi8/getUpdates?offset=417632146&timeout=20 HTTP/1.1" 200 23
 2023-12-18 10:05:48,540 - DEBUG - https://api.telegram.org:443 "GET /bot1548279772:AAHFSr5sYKty6vQb7QK3i6Oa3Mm-8Z1LAi8/getUpdates?offset=417632146&timeout=20 HTTP/1.1" 200 23
 2023-12-18 10:06:08,592 - DEBUG - https://api.telegram.org:443 "GET /bot1548279772:AAHFSr5sYKty6vQb7QK3i6Oa3Mm-8Z1LAi8/getUpdates?offset=417632146&timeout=20 HTTP/1.1" 200 23
 2023-12-18 10:06:28,650 - DEBUG - https://api.telegram.org:443 "GET /bot1548279772:AAHFSr5sYKty6vQb7QK3i6Oa3Mm-8Z1LAi8/getUpdates?offset=417632146&timeout=20 HTTP/1.1" 200 23
 2023-12-18 10:06:48,723 - DEBUG - https://api.telegram.org:443 "GET /bot1548279772:AAHFSr5sYKty6vQb7QK3i6Oa3Mm-8Z1LAi8/getUpdates?offset=417632146&timeout=20 HTTP/1.1" 200 23
 2023-12-18 10:07:08,790 - DEBUG - https://api.telegram.org:443 "GET /bot1548279772:AAHFSr5sYKty6vQb7QK3i6Oa3Mm-8Z1LAi8/getUpdates?offset=417632146&timeout=20 HTTP/1.1" 200 23
 2023-12-18 10:07:28,842 - DEBUG - https://api.telegram.org:443 "GET /bot1548279772:AAHFSr5sYKty6vQb7QK3i6Oa3Mm-8Z1LAi8/getUpdates?offset=417632146&timeout=20 HTTP/1.1" 200 23
 2023-12-18 10:07:48,910 - DEBUG - https://api.telegram.org:443 "GET /bot1548279772:AAHFSr5sYKty6vQb7QK3i6Oa3Mm-8Z1LAi8/getUpdates?offset=417632146&timeout=20 HTTP/1.1" 200 23
 2023-12-18 10:08:08,963 - DEBUG - https://api.telegram.org:443 "GET /bot1548279772:AAHFSr5sYKty6vQb7QK3i6Oa3Mm-8Z1LAi8/getUpdates?offset=417632146&timeout=20 HTTP/1.1" 200 23
 2023-12-18 10:08:29,019 - DEBUG - https://api.telegram.org:443 "GET /bot1548279772:AAHFSr5sYKty6vQb7QK3i6Oa3Mm-8Z1LAi8/getUpdates?offset=417632146&timeout=20 HTTP/1.1" 200 23
 2023-12-18 10:08:49,076 - DEBUG - https://api.telegram.org:443 "GET /bot1548279772:AAHFSr5sYKty6vQb7QK3i6Oa3Mm-8Z1LAi8/getUpdates?offset=417632146&timeout=20 HTTP/1.1" 200 23
 2023-12-18 10:09:09,134 - DEBUG - https://api.telegram.org:443 "GET /bot1548279772:AAHFSr5sYKty6vQb7QK3i6Oa3Mm-8Z1LAi8/getUpdates?offset=417632146&timeout=20 HTTP/1.1" 200 23
 2023-12-18 10:09:29,187 - DEBUG - https://api.telegram.org:443 "GET /bot1548279772:AAHFSr5sYKty6vQb7QK3i6Oa3Mm-8Z1LAi8/getUpdates?offset=417632146&timeout=20 HTTP/1.1" 200 23
 2023-12-18 10:09:49,250 - DEBUG - https://api.telegram.org:443 "GET /bot1548279772:AAHFSr5sYKty6vQb7QK3i6Oa3Mm-8Z1LAi8/getUpdates?offset=417632146&timeout=20 HTTP/1.1" 200 23
 2023-12-18 10:10:09,308 - DEBUG - https://api.telegram.org:443 "GET /bot1548279772:AAHFSr5sYKty6vQb7QK3i6Oa3Mm-8Z1LAi8/getUpdates?offset=417632146&timeout=20 HTTP/1.1" 200 23
 2023-12-18 10:10:29,366 - DEBUG - https://api.telegram.org:443 "GET /bot1548279772:AAHFSr5sYKty6vQb7QK3i6Oa3Mm-8Z1LAi8/getUpdates?offset=417632146&timeout=20 HTTP/1.1" 200 23
 2023-12-18 10:10:49,423 - DEBUG - https://api.telegram.org:443 "GET /bot1548279772:AAHFSr5sYKty6vQb7QK3i6Oa3Mm-8Z1LAi8/getUpdates?offset=417632146&timeout=20 HTTP/1.1" 200 23
 2023-12-18 10:11:09,533 - DEBUG - https://api.telegram.org:443 "GET /bot1548279772:AAHFSr5sYKty6vQb7QK3i6Oa3Mm-8Z1LAi8/getUpdates?offset=417632146&timeout=20 HTTP/1.1" 200 23
 2023-12-18 10:11:22,527 - DEBUG - https://api.telegram.org:443 "GET /bot1548279772:AAHFSr5sYKty6vQb7QK3i6Oa3Mm-8Z1LAi8/getUpdates?offset=417632146&timeout=20 HTTP/1.1" 200 930
 2023-12-18 10:11:42,582 - DEBUG - https://api.telegram.org:443 "GET /bot1548279772:AAHFSr5sYKty6vQb7QK3i6Oa3Mm-8Z1LAi8/getUpdates?offset=417632147&timeout=20 HTTP/1.1" 200 23
 2023-12-18 10:12:02,642 - DEBUG - https://api.telegram.org:443 "GET /bot1548279772:AAHFSr5sYKty6vQb7QK3i6Oa3Mm-8Z1LAi8/getUpdates?offset=417632147&timeout=20 HTTP/1.1" 200 23
 2023-12-18 10:12:22,697 - DEBUG - https://api.telegram.org:443 "GET /bot1548279772:AAHFSr5sYKty6vQb7QK3i6Oa3Mm-8Z1LAi8/getUpdates?offset=417632147&timeout=20 HTTP/1.1" 200 23
 2023-12-18 10:12:42,758 - DEBUG - https://api.telegram.org:443 "GET /bot1548279772:AAHFSr5sYKty6vQb7QK3i6Oa3Mm-8Z1LAi8/getUpdates?offset=417632147&timeout=20 HTTP/1.1" 200 23
 2023-12-18 10:13:03,096 - DEBUG - https://api.telegram.org:443 "GET /bot1548279772:AAHFSr5sYKty6vQb7QK3i6Oa3Mm-8Z1LAi8/getUpdates?offset=417632147&timeout=20 HTTP/1.1" 200 23
 2023-12-18 10:13:23,156 - DEBUG - https://api.telegram.org:443 "GET /bot1548279772:AAHFSr5sYKty6vQb7QK3i6Oa3Mm-8Z1LAi8/getUpdates?offset=417632147&timeout=20 HTTP/1.1" 200 23
 2023-12-18 10:13:43,214 - DEBUG - https://api.telegram.org:443 "GET /bot1548279772:AAHFSr5sYKty6vQb7QK3i6Oa3Mm-8Z1LAi8/getUpdates?offset=417632147&timeout=20 HTTP/1.1" 200 23
 2023-12-18 10:14:03,274 - DEBUG - https://api.telegram.org:443 "GET /bot1548279772:AAHFSr5sYKty6vQb7QK3i6Oa3Mm-8Z1LAi8/getUpdates?offset=417632147&timeout=20 HTTP/1.1" 200 23
 2023-12-18 10:14:23,325 - DEBUG - https://api.telegram.org:443 "GET /bot1548279772:AAHFSr5sYKty6vQb7QK3i6Oa3Mm-8Z1LAi8/getUpdates?offset=417632147&timeout=20 HTTP/1.1" 200 23
 2023-12-18 10:14:23,327 - DEBUG - Starting new HTTPS connection (1): api.telegram.org:443
 2023-12-18 10:14:43,661 - DEBUG - https://api.telegram.org:443 "GET /bot1548279772:AAHFSr5sYKty6vQb7QK3i6Oa3Mm-8Z1LAi8/getUpdates?offset=417632147&timeout=20 HTTP/1.1" 200 23
 2023-12-18 10:15:03,723 - DEBUG - https://api.telegram.org:443 "GET /bot1548279772:AAHFSr5sYKty6vQb7QK3i6Oa3Mm-8Z1LAi8/getUpdates?offset=417632147&timeout=20 HTTP/1.1" 200 23
 2023-12-18 10:15:23,787 - DEBUG - https://api.telegram.org:443 "GET /bot1548279772:AAHFSr5sYKty6vQb7QK3i6Oa3Mm-8Z1LAi8/getUpdates?offset=417632147&timeout=20 HTTP/1.1" 200 23
 2023-12-18 10:15:43,841 - DEBUG - https://api.telegram.org:443 "GET /bot1548279772:AAHFSr5sYKty6vQb7QK3i6Oa3Mm-8Z1LAi8/getUpdates?offset=417632147&timeout=20 HTTP/1.1" 200 23
 2023-12-18 10:16:03,899 - DEBUG - https://api.telegram.org:443 "GET /bot1548279772:AAHFSr5sYKty6vQb7QK3i6Oa3Mm-8Z1LAi8/getUpdates?offset=417632147&timeout=20 HTTP/1.1" 200 23
 2023-12-18 10:16:23,961 - DEBUG - https://api.telegram.org:443 "GET /bot1548279772:AAHFSr5sYKty6vQb7QK3i6Oa3Mm-8Z1LAi8/getUpdates?offset=417632147&timeout=20 HTTP/1.1" 200 23
 2023-12-18 10:16:44,012 - DEBUG - https://api.telegram.org:443 "GET /bot1548279772:AAHFSr5sYKty6vQb7QK3i6Oa3Mm-8Z1LAi8/getUpdates?offset=417632147&timeout=20 HTTP/1.1" 200 23
 2023-12-18 10:17:04,067 - DEBUG - https://api.telegram.org:443 "GET /bot1548279772:AAHFSr5sYKty6vQb7QK3i6Oa3Mm-8Z1LAi8/getUpdates?offset=417632147&timeout=20 HTTP/1.1" 200 23
 2023-12-18 10:17:24,164 - DEBUG - https://api.telegram.org:443 "GET /bot1548279772:AAHFSr5sYKty6vQb7QK3i6Oa3Mm-8Z1LAi8/getUpdates?offset=417632147&timeout=20 HTTP/1.1" 200 23
 2023-12-18 10:17:44,230 - DEBUG - https://api.telegram.org:443 "GET /bot1548279772:AAHFSr5sYKty6vQb7QK3i6Oa3Mm-8Z1LAi8/getUpdates?offset=417632147&timeout=20 HTTP/1.1" 200 23
 2023-12-18 10:18:04,295 - DEBUG - https://api.telegram.org:443 "GET /bot1548279772:AAHFSr5sYKty6vQb7QK3i6Oa3Mm-8Z1LAi8/getUpdates?offset=417632147&timeout=20 HTTP/1.1" 200 23
 2023-12-18 10:18:24,349 - DEBUG - https://api.telegram.org:443 "GET /bot1548279772:AAHFSr5sYKty6vQb7QK3i6Oa3Mm-8Z1LAi8/getUpdates?offset=417632147&timeout=20 HTTP/1.1" 200 23
 2023-12-18 10:18:44,686 - DEBUG - https://api.telegram.org:443 "GET /bot1548279772:AAHFSr5sYKty6vQb7QK3i6Oa3Mm-8Z1LAi8/getUpdates?offset=417632147&timeout=20 HTTP/1.1" 200 23
 2023-12-18 10:19:04,778 - DEBUG - https://api.telegram.org:443 "GET /bot1548279772:AAHFSr5sYKty6vQb7QK3i6Oa3Mm-8Z1LAi8/getUpdates?offset=417632147&timeout=20 HTTP/1.1" 200 23
 2023-12-18 10:19:24,833 - DEBUG - https://api.telegram.org:443 "GET /bot1548279772:AAHFSr5sYKty6vQb7QK3i6Oa3Mm-8Z1LAi8/getUpdates?offset=417632147&timeout=20 HTTP/1.1" 200 23
 2023-12-18 10:19:44,901 - DEBUG - https://api.telegram.org:443 "GET /bot1548279772:AAHFSr5sYKty6vQb7QK3i6Oa3Mm-8Z1LAi8/getUpdates?offset=417632147&timeout=20 HTTP/1.1" 200 23
 2023-12-18 10:20:04,953 - DEBUG - https://api.telegram.org:443 "GET /bot1548279772:AAHFSr5sYKty6vQb7QK3i6Oa3Mm-8Z1LAi8/getUpdates?offset=417632147&timeout=20 HTTP/1.1" 200 23
 2023-12-18 10:20:25,009 - DEBUG - https://api.telegram.org:443 "GET /bot1548279772:AAHFSr5sYKty6vQb7QK3i6Oa3Mm-8Z1LAi8/getUpdates?offset=417632147&timeout=20 HTTP/1.1" 200 23
 2023-12-18 10:20:45,066 - DEBUG - https://api.telegram.org:443 "GET /bot1548279772:AAHFSr5sYKty6vQb7QK3i6Oa3Mm-8Z1LAi8/getUpdates?offset=417632147&timeout=20 HTTP/1.1" 200 23
 2023-12-18 10:20:54,408 - DEBUG - https://api.telegram.org:443 "GET /bot1548279772:AAHFSr5sYKty6vQb7QK3i6Oa3Mm-8Z1LAi8/getUpdates?offset=417632147&timeout=20 HTTP/1.1" 200 2311
 2023-12-18 10:21:14,473 - DEBUG - https://api.telegram.org:443 "GET /bot1548279772:AAHFSr5sYKty6vQb7QK3i6Oa3Mm-8Z1LAi8/getUpdates?offset=417632148&timeout=20 HTTP/1.1" 200 23
 2023-12-18 10:21:34,527 - DEBUG - https://api.telegram.org:443 "GET /bot1548279772:AAHFSr5sYKty6vQb7QK3i6Oa3Mm-8Z1LAi8/getUpdates?offset=417632148&timeout=20 HTTP/1.1" 200 23
 2023-12-18 10:21:54,588 - DEBUG - https://api.telegram.org:443 "GET /bot1548279772:AAHFSr5sYKty6vQb7QK3i6Oa3Mm-8Z1LAi8/getUpdates?offset=417632148&timeout=20 HTTP/1.1" 200 23
 2023-12-18 10:22:14,650 - DEBUG - https://api.telegram.org:443 "GET /bot1548279772:AAHFSr5sYKty6vQb7QK3i6Oa3Mm-8Z1LAi8/getUpdates?offset=417632148&timeout=20 HTTP/1.1" 200 23
 2023-12-18 10:22:34,708 - DEBUG - https://api.telegram.org:443 "GET /bot1548279772:AAHFSr5sYKty6vQb7QK3i6Oa3Mm-8Z1LAi8/getUpdates?offset=417632148&timeout=20 HTTP/1.1" 200 23
 2023-12-18 10:22:54,762 - DEBUG - https://api.telegram.org:443 "GET /bot1548279772:AAHFSr5sYKty6vQb7QK3i6Oa3Mm-8Z1LAi8/getUpdates?offset=417632148&timeout=20 HTTP/1.1" 200 23
 2023-12-18 10:23:14,818 - DEBUG - https://api.telegram.org:443 "GET /bot1548279772:AAHFSr5sYKty6vQb7QK3i6Oa3Mm-8Z1LAi8/getUpdates?offset=417632148&timeout=20 HTTP/1.1" 200 23
 2023-12-18 10:23:34,869 - DEBUG - https://api.telegram.org:443 "GET /bot1548279772:AAHFSr5sYKty6vQb7QK3i6Oa3Mm-8Z1LAi8/getUpdates?offset=417632148&timeout=20 HTTP/1.1" 200 23
 2023-12-18 10:23:54,922 - DEBUG - https://api.telegram.org:443 "GET /bot1548279772:AAHFSr5sYKty6vQb7QK3i6Oa3Mm-8Z1LAi8/getUpdates?offset=417632148&timeout=20 HTTP/1.1" 200 23
 2023-12-18 10:24:14,980 - DEBUG - https://api.telegram.org:443 "GET /bot1548279772:AAHFSr5sYKty6vQb7QK3i6Oa3Mm-8Z1LAi8/getUpdates?offset=417632148&timeout=20 HTTP/1.1" 200 23
 2023-12-18 10:24:35,046 - DEBUG - https://api.telegram.org:443 "GET /bot1548279772:AAHFSr5sYKty6vQb7QK3i6Oa3Mm-8Z1LAi8/getUpdates?offset=417632148&timeout=20 HTTP/1.1" 200 23
 2023-12-18 10:24:35,049 - DEBUG - Starting new HTTPS connection (1): api.telegram.org:443
 2023-12-18 10:24:55,387 - DEBUG - https://api.telegram.org:443 "GET /bot1548279772:AAHFSr5sYKty6vQb7QK3i6Oa3Mm-8Z1LAi8/getUpdates?offset=417632148&timeout=20 HTTP/1.1" 200 23
 2023-12-18 10:25:15,438 - DEBUG - https://api.telegram.org:443 "GET /bot1548279772:AAHFSr5sYKty6vQb7QK3i6Oa3Mm-8Z1LAi8/getUpdates?offset=417632148&timeout=20 HTTP/1.1" 200 23
 2023-12-18 10:25:35,490 - DEBUG - https://api.telegram.org:443 "GET /bot1548279772:AAHFSr5sYKty6vQb7QK3i6Oa3Mm-8Z1LAi8/getUpdates?offset=417632148&timeout=20 HTTP/1.1" 200 23
 2023-12-18 10:25:55,541 - DEBUG - https://api.telegram.org:443 "GET /bot1548279772:AAHFSr5sYKty6vQb7QK3i6Oa3Mm-8Z1LAi8/getUpdates?offset=417632148&timeout=20 HTTP/1.1" 200 23
 2023-12-18 10:26:15,594 - DEBUG - https://api.telegram.org:443 "GET /bot1548279772:AAHFSr5sYKty6vQb7QK3i6Oa3Mm-8Z1LAi8/getUpdates?offset=417632148&timeout=20 HTTP/1.1" 200 23
 2023-12-18 10:26:35,645 - DEBUG - https://api.telegram.org:443 "GET /bot1548279772:AAHFSr5sYKty6vQb7QK3i6Oa3Mm-8Z1LAi8/getUpdates?offset=417632148&timeout=20 HTTP/1.1" 200 23
 2023-12-18 10:26:55,697 - DEBUG - https://api.telegram.org:443 "GET /bot1548279772:AAHFSr5sYKty6vQb7QK3i6Oa3Mm-8Z1LAi8/getUpdates?offset=417632148&timeout=20 HTTP/1.1" 200 23
 2023-12-18 10:27:15,752 - DEBUG - https://api.telegram.org:443 "GET /bot1548279772:AAHFSr5sYKty6vQb7QK3i6Oa3Mm-8Z1LAi8/getUpdates?offset=417632148&timeout=20 HTTP/1.1" 200 23
 2023-12-18 10:27:35,804 - DEBUG - https://api.telegram.org:443 "GET /bot1548279772:AAHFSr5sYKty6vQb7QK3i6Oa3Mm-8Z1LAi8/getUpdates?offset=417632148&timeout=20 HTTP/1.1" 200 23
 2023-12-18 10:27:55,855 - DEBUG - https://api.telegram.org:443 "GET /bot1548279772:AAHFSr5sYKty6vQb7QK3i6Oa3Mm-8Z1LAi8/getUpdates?offset=417632148&timeout=20 HTTP/1.1" 200 23
 2023-12-18 10:28:15,906 - DEBUG - https://api.telegram.org:443 "GET /bot1548279772:AAHFSr5sYKty6vQb7QK3i6Oa3Mm-8Z1LAi8/getUpdates?offset=417632148&timeout=20 HTTP/1.1" 200 23
 2023-12-18 10:28:35,959 - DEBUG - https://api.telegram.org:443 "GET /bot1548279772:AAHFSr5sYKty6vQb7QK3i6Oa3Mm-8Z1LAi8/getUpdates?offset=417632148&timeout=20 HTTP/1.1" 200 23
 2023-12-18 10:28:56,010 - DEBUG - https://api.telegram.org:443 "GET /bot1548279772:AAHFSr5sYKty6vQb7QK3i6Oa3Mm-8Z1LAi8/getUpdates?offset=417632148&timeout=20 HTTP/1.1" 200 23
 2023-12-18 10:29:16,062 - DEBUG - https://api.telegram.org:443 "GET /bot1548279772:AAHFSr5sYKty6vQb7QK3i6Oa3Mm-8Z1LAi8/getUpdates?offset=417632148&timeout=20 HTTP/1.1" 200 23
 2023-12-18 10:29:36,113 - DEBUG - https://api.telegram.org:443 "GET /bot1548279772:AAHFSr5sYKty6vQb7QK3i6Oa3Mm-8Z1LAi8/getUpdates?offset=417632148&timeout=20 HTTP/1.1" 200 23
 2023-12-18 10:29:56,165 - DEBUG - https://api.telegram.org:443 "GET /bot1548279772:AAHFSr5sYKty6vQb7QK3i6Oa3Mm-8Z1LAi8/getUpdates?offset=417632148&timeout=20 HTTP/1.1" 200 23
 2023-12-18 10:30:16,217 - DEBUG - https://api.telegram.org:443 "GET /bot1548279772:AAHFSr5sYKty6vQb7QK3i6Oa3Mm-8Z1LAi8/getUpdates?offset=417632148&timeout=20 HTTP/1.1" 200 23
 2023-12-18 10:30:36,283 - DEBUG - https://api.telegram.org:443 "GET /bot1548279772:AAHFSr5sYKty6vQb7QK3i6Oa3Mm-8Z1LAi8/getUpdates?offset=417632148&timeout=20 HTTP/1.1" 200 23
 2023-12-18 10:30:56,334 - DEBUG - https://api.telegram.org:443 "GET /bot1548279772:AAHFSr5sYKty6vQb7QK3i6Oa3Mm-8Z1LAi8/getUpdates?offset=417632148&timeout=20 HTTP/1.1" 200 23
 2023-12-18 10:31:16,639 - DEBUG - https://api.telegram.org:443 "GET /bot1548279772:AAHFSr5sYKty6vQb7QK3i6Oa3Mm-8Z1LAi8/getUpdates?offset=417632148&timeout=20 HTTP/1.1" 200 23
 2023-12-18 10:31:36,691 - DEBUG - https://api.telegram.org:443 "GET /bot1548279772:AAHFSr5sYKty6vQb7QK3i6Oa3Mm-8Z1LAi8/getUpdates?offset=417632148&timeout=20 HTTP/1.1" 200 23
 2023-12-18 10:31:44,578 - DEBUG - https://api.telegram.org:443 "GET /bot1548279772:AAHFSr5sYKty6vQb7QK3i6Oa3Mm-8Z1LAi8/getUpdates?offset=417632148&timeout=20 HTTP/1.1" 200 462
 2023-12-18 10:31:44,588 - DEBUG - Starting new HTTPS connection (1): api.telegram.org:443
 2023-12-18 10:31:44,918 - DEBUG - https://api.telegram.org:443 "GET /bot1548279772:AAHFSr5sYKty6vQb7QK3i6Oa3Mm-8Z1LAi8/getMe HTTP/1.1" 200 197
 2023-12-18 10:31:45,049 - DEBUG - https://api.telegram.org:443 "POST /bot1548279772:AAHFSr5sYKty6vQb7QK3i6Oa3Mm-8Z1LAi8/sendMessage?chat_id=-1001210129344&text=%D0%9C%D0%98%D0%A2%D0%98%D0%9D%D0%93%21+%0A%40Igor_Kirichek%2C+%40lexm18%2C+%40from_time_to_time%2C+%40glatemalin%2C+%40inside4276%2C+%40Azamat_Gu%2C+%40lena596+%40ivleonov%2C+%40oblivantseva%2C+%40av_sorokin+%40chimir%2C+%40LM001048596B+%40mmeiko%2C+%40barysh_vn%2C+%40DmitryChernoyarov%2C+%40MaximB98%2C+%40tshloman%2C+%40nikitaSavvateev+%40Becky_Bones%2C+%40OlgaStupenkova&parse_mode=html HTTP/1.1" 200 1489
 2023-12-18 10:31:47,530 - DEBUG - https://api.telegram.org:443 "POST /bot1548279772:AAHFSr5sYKty6vQb7QK3i6Oa3Mm-8Z1LAi8/sendSticker?chat_id=-1001210129344 HTTP/1.1" 200 910
 2023-12-18 10:31:47,707 - DEBUG - https://api.telegram.org:443 "POST /bot1548279772:AAHFSr5sYKty6vQb7QK3i6Oa3Mm-8Z1LAi8/sendMessage?chat_id=-1001210129344&text=https%3A%2F%2Fmeet.google.com%2Fbxq-nsek-ept HTTP/1.1" 200 396
 2023-12-18 10:32:04,631 - DEBUG - https://api.telegram.org:443 "GET /bot1548279772:AAHFSr5sYKty6vQb7QK3i6Oa3Mm-8Z1LAi8/getUpdates?offset=417632149&timeout=20 HTTP/1.1" 200 23
 2023-12-18 10:32:24,682 - DEBUG - https://api.telegram.org:443 "GET /bot1548279772:AAHFSr5sYKty6vQb7QK3i6Oa3Mm-8Z1LAi8/getUpdates?offset=417632149&timeout=20 HTTP/1.1" 200 23
 2023-12-18 10:32:44,734 - DEBUG - https://api.telegram.org:443 "GET /bot1548279772:AAHFSr5sYKty6vQb7QK3i6Oa3Mm-8Z1LAi8/getUpdates?offset=417632149&timeout=20 HTTP/1.1" 200 23
 2023-12-18 10:33:04,787 - DEBUG - https://api.telegram.org:443 "GET /bot1548279772:AAHFSr5sYKty6vQb7QK3i6Oa3Mm-8Z1LAi8/getUpdates?offset=417632149&timeout=20 HTTP/1.1" 200 23
 2023-12-18 10:33:24,839 - DEBUG - https://api.telegram.org:443 "GET /bot1548279772:AAHFSr5sYKty6vQb7QK3i6Oa3Mm-8Z1LAi8/getUpdates?offset=417632149&timeout=20 HTTP/1.1" 200 23
 2023-12-18 10:33:44,891 - DEBUG - https://api.telegram.org:443 "GET /bot1548279772:AAHFSr5sYKty6vQb7QK3i6Oa3Mm-8Z1LAi8/getUpdates?offset=417632149&timeout=20 HTTP/1.1" 200 23
 2023-12-18 10:34:04,942 - DEBUG - https://api.telegram.org:443 "GET /bot1548279772:AAHFSr5sYKty6vQb7QK3i6Oa3Mm-8Z1LAi8/getUpdates?offset=417632149&timeout=20 HTTP/1.1" 200 23
 2023-12-18 10:34:24,995 - DEBUG - https://api.telegram.org:443 "GET /bot1548279772:AAHFSr5sYKty6vQb7QK3i6Oa3Mm-8Z1LAi8/getUpdates?offset=417632149&timeout=20 HTTP/1.1" 200 23
 2023-12-18 10:34:45,046 - DEBUG - https://api.telegram.org:443 "GET /bot1548279772:AAHFSr5sYKty6vQb7QK3i6Oa3Mm-8Z1LAi8/getUpdates?offset=417632149&timeout=20 HTTP/1.1" 200 23
 2023-12-18 10:34:45,048 - DEBUG - Starting new HTTPS connection (1): api.telegram.org:443
 2023-12-18 10:35:05,389 - DEBUG - https://api.telegram.org:443 "GET /bot1548279772:AAHFSr5sYKty6vQb7QK3i6Oa3Mm-8Z1LAi8/getUpdates?offset=417632149&timeout=20 HTTP/1.1" 200 23
 2023-12-18 10:35:25,442 - DEBUG - https://api.telegram.org:443 "GET /bot1548279772:AAHFSr5sYKty6vQb7QK3i6Oa3Mm-8Z1LAi8/getUpdates?offset=417632149&timeout=20 HTTP/1.1" 200 23
 2023-12-18 10:35:40,159 - DEBUG - https://api.telegram.org:443 "GET /bot1548279772:AAHFSr5sYKty6vQb7QK3i6Oa3Mm-8Z1LAi8/getUpdates?offset=417632149&timeout=20 HTTP/1.1" 200 553
