 2023-12-20 09:54:41,094 - DEBUG - Starting new HTTPS connection (1): api.telegram.org:443
 2023-12-20 09:54:41,462 - DEBUG - https://api.telegram.org:443 "GET /bot1548279772:AAHFSr5sYKty6vQb7QK3i6Oa3Mm-8Z1LAi8/getMe HTTP/1.1" 200 197
 2023-12-20 09:54:41,464 - DEBUG - Starting new HTTPS connection (1): api.telegram.org:443
 2023-12-20 09:55:01,855 - DEBUG - https://api.telegram.org:443 "GET /bot1548279772:AAHFSr5sYKty6vQb7QK3i6Oa3Mm-8Z1LAi8/getUpdates?offset=1&timeout=20 HTTP/1.1" 200 23
 2023-12-20 09:55:21,965 - DEBUG - https://api.telegram.org:443 "GET /bot1548279772:AAHFSr5sYKty6vQb7QK3i6Oa3Mm-8Z1LAi8/getUpdates?offset=1&timeout=20 HTTP/1.1" 200 23
 2023-12-20 09:55:42,027 - DEBUG - https://api.telegram.org:443 "GET /bot1548279772:AAHFSr5sYKty6vQb7QK3i6Oa3Mm-8Z1LAi8/getUpdates?offset=1&timeout=20 HTTP/1.1" 200 23
 2023-12-20 09:56:02,078 - DEBUG - https://api.telegram.org:443 "GET /bot1548279772:AAHFSr5sYKty6vQb7QK3i6Oa3Mm-8Z1LAi8/getUpdates?offset=1&timeout=20 HTTP/1.1" 200 23
 2023-12-20 09:56:22,133 - DEBUG - https://api.telegram.org:443 "GET /bot1548279772:AAHFSr5sYKty6vQb7QK3i6Oa3Mm-8Z1LAi8/getUpdates?offset=1&timeout=20 HTTP/1.1" 200 23
 2023-12-20 09:56:42,213 - DEBUG - https://api.telegram.org:443 "GET /bot1548279772:AAHFSr5sYKty6vQb7QK3i6Oa3Mm-8Z1LAi8/getUpdates?offset=1&timeout=20 HTTP/1.1" 200 23
 2023-12-20 09:57:02,266 - DEBUG - https://api.telegram.org:443 "GET /bot1548279772:AAHFSr5sYKty6vQb7QK3i6Oa3Mm-8Z1LAi8/getUpdates?offset=1&timeout=20 HTTP/1.1" 200 23
 2023-12-20 09:57:02,267 - DEBUG - Resetting dropped connection: api.telegram.org
 2023-12-20 09:57:22,594 - DEBUG - https://api.telegram.org:443 "GET /bot1548279772:AAHFSr5sYKty6vQb7QK3i6Oa3Mm-8Z1LAi8/getUpdates?offset=1&timeout=20 HTTP/1.1" 200 23
 2023-12-20 09:57:42,648 - DEBUG - https://api.telegram.org:443 "GET /bot1548279772:AAHFSr5sYKty6vQb7QK3i6Oa3Mm-8Z1LAi8/getUpdates?offset=1&timeout=20 HTTP/1.1" 200 23
 2023-12-20 09:58:02,701 - DEBUG - https://api.telegram.org:443 "GET /bot1548279772:AAHFSr5sYKty6vQb7QK3i6Oa3Mm-8Z1LAi8/getUpdates?offset=1&timeout=20 HTTP/1.1" 200 23
 2023-12-20 09:58:22,756 - DEBUG - https://api.telegram.org:443 "GET /bot1548279772:AAHFSr5sYKty6vQb7QK3i6Oa3Mm-8Z1LAi8/getUpdates?offset=1&timeout=20 HTTP/1.1" 200 23
 2023-12-20 09:58:42,807 - DEBUG - https://api.telegram.org:443 "GET /bot1548279772:AAHFSr5sYKty6vQb7QK3i6Oa3Mm-8Z1LAi8/getUpdates?offset=1&timeout=20 HTTP/1.1" 200 23
 2023-12-20 09:59:02,859 - DEBUG - https://api.telegram.org:443 "GET /bot1548279772:AAHFSr5sYKty6vQb7QK3i6Oa3Mm-8Z1LAi8/getUpdates?offset=1&timeout=20 HTTP/1.1" 200 23
 2023-12-20 09:59:22,910 - DEBUG - https://api.telegram.org:443 "GET /bot1548279772:AAHFSr5sYKty6vQb7QK3i6Oa3Mm-8Z1LAi8/getUpdates?offset=1&timeout=20 HTTP/1.1" 200 23
 2023-12-20 09:59:42,962 - DEBUG - https://api.telegram.org:443 "GET /bot1548279772:AAHFSr5sYKty6vQb7QK3i6Oa3Mm-8Z1LAi8/getUpdates?offset=1&timeout=20 HTTP/1.1" 200 23
 2023-12-20 10:00:00,713 - DEBUG - Running job Job(interval=1, unit=days, do=otkrytka1, args=(), kwargs={})
 2023-12-20 10:00:00,727 - DEBUG - Starting new HTTPS connection (1): api.telegram.org:443
 2023-12-20 10:00:01,727 - DEBUG - https://api.telegram.org:443 "POST /bot1548279772:AAHFSr5sYKty6vQb7QK3i6Oa3Mm-8Z1LAi8/sendPhoto?chat_id=-1001210129344 HTTP/1.1" 200 1045
 2023-12-20 10:00:03,019 - DEBUG - https://api.telegram.org:443 "GET /bot1548279772:AAHFSr5sYKty6vQb7QK3i6Oa3Mm-8Z1LAi8/getUpdates?offset=1&timeout=20 HTTP/1.1" 200 23
 2023-12-20 10:00:23,081 - DEBUG - https://api.telegram.org:443 "GET /bot1548279772:AAHFSr5sYKty6vQb7QK3i6Oa3Mm-8Z1LAi8/getUpdates?offset=1&timeout=20 HTTP/1.1" 200 23
 2023-12-20 10:00:43,135 - DEBUG - https://api.telegram.org:443 "GET /bot1548279772:AAHFSr5sYKty6vQb7QK3i6Oa3Mm-8Z1LAi8/getUpdates?offset=1&timeout=20 HTTP/1.1" 200 23
 2023-12-20 10:01:03,192 - DEBUG - https://api.telegram.org:443 "GET /bot1548279772:AAHFSr5sYKty6vQb7QK3i6Oa3Mm-8Z1LAi8/getUpdates?offset=1&timeout=20 HTTP/1.1" 200 23
 2023-12-20 10:01:23,251 - DEBUG - https://api.telegram.org:443 "GET /bot1548279772:AAHFSr5sYKty6vQb7QK3i6Oa3Mm-8Z1LAi8/getUpdates?offset=1&timeout=20 HTTP/1.1" 200 23
 2023-12-20 10:01:43,303 - DEBUG - https://api.telegram.org:443 "GET /bot1548279772:AAHFSr5sYKty6vQb7QK3i6Oa3Mm-8Z1LAi8/getUpdates?offset=1&timeout=20 HTTP/1.1" 200 23
 2023-12-20 10:02:03,354 - DEBUG - https://api.telegram.org:443 "GET /bot1548279772:AAHFSr5sYKty6vQb7QK3i6Oa3Mm-8Z1LAi8/getUpdates?offset=1&timeout=20 HTTP/1.1" 200 23
 2023-12-20 10:02:23,405 - DEBUG - https://api.telegram.org:443 "GET /bot1548279772:AAHFSr5sYKty6vQb7QK3i6Oa3Mm-8Z1LAi8/getUpdates?offset=1&timeout=20 HTTP/1.1" 200 23
 2023-12-20 10:02:43,457 - DEBUG - https://api.telegram.org:443 "GET /bot1548279772:AAHFSr5sYKty6vQb7QK3i6Oa3Mm-8Z1LAi8/getUpdates?offset=1&timeout=20 HTTP/1.1" 200 23
 2023-12-20 10:03:03,511 - DEBUG - https://api.telegram.org:443 "GET /bot1548279772:AAHFSr5sYKty6vQb7QK3i6Oa3Mm-8Z1LAi8/getUpdates?offset=1&timeout=20 HTTP/1.1" 200 23
 2023-12-20 10:03:23,562 - DEBUG - https://api.telegram.org:443 "GET /bot1548279772:AAHFSr5sYKty6vQb7QK3i6Oa3Mm-8Z1LAi8/getUpdates?offset=1&timeout=20 HTTP/1.1" 200 23
 2023-12-20 10:03:43,615 - DEBUG - https://api.telegram.org:443 "GET /bot1548279772:AAHFSr5sYKty6vQb7QK3i6Oa3Mm-8Z1LAi8/getUpdates?offset=1&timeout=20 HTTP/1.1" 200 23
 2023-12-20 10:04:03,665 - DEBUG - https://api.telegram.org:443 "GET /bot1548279772:AAHFSr5sYKty6vQb7QK3i6Oa3Mm-8Z1LAi8/getUpdates?offset=1&timeout=20 HTTP/1.1" 200 23
 2023-12-20 10:04:23,717 - DEBUG - https://api.telegram.org:443 "GET /bot1548279772:AAHFSr5sYKty6vQb7QK3i6Oa3Mm-8Z1LAi8/getUpdates?offset=1&timeout=20 HTTP/1.1" 200 23
 2023-12-20 10:04:43,769 - DEBUG - https://api.telegram.org:443 "GET /bot1548279772:AAHFSr5sYKty6vQb7QK3i6Oa3Mm-8Z1LAi8/getUpdates?offset=1&timeout=20 HTTP/1.1" 200 23
 2023-12-20 10:04:43,771 - DEBUG - Starting new HTTPS connection (1): api.telegram.org:443
 2023-12-20 10:05:04,087 - DEBUG - https://api.telegram.org:443 "GET /bot1548279772:AAHFSr5sYKty6vQb7QK3i6Oa3Mm-8Z1LAi8/getUpdates?offset=1&timeout=20 HTTP/1.1" 200 23
 2023-12-20 10:05:24,137 - DEBUG - https://api.telegram.org:443 "GET /bot1548279772:AAHFSr5sYKty6vQb7QK3i6Oa3Mm-8Z1LAi8/getUpdates?offset=1&timeout=20 HTTP/1.1" 200 23
 2023-12-20 10:05:44,188 - DEBUG - https://api.telegram.org:443 "GET /bot1548279772:AAHFSr5sYKty6vQb7QK3i6Oa3Mm-8Z1LAi8/getUpdates?offset=1&timeout=20 HTTP/1.1" 200 23
 2023-12-20 10:06:04,237 - DEBUG - https://api.telegram.org:443 "GET /bot1548279772:AAHFSr5sYKty6vQb7QK3i6Oa3Mm-8Z1LAi8/getUpdates?offset=1&timeout=20 HTTP/1.1" 200 23
 2023-12-20 10:06:24,287 - DEBUG - https://api.telegram.org:443 "GET /bot1548279772:AAHFSr5sYKty6vQb7QK3i6Oa3Mm-8Z1LAi8/getUpdates?offset=1&timeout=20 HTTP/1.1" 200 23
 2023-12-20 10:06:44,336 - DEBUG - https://api.telegram.org:443 "GET /bot1548279772:AAHFSr5sYKty6vQb7QK3i6Oa3Mm-8Z1LAi8/getUpdates?offset=1&timeout=20 HTTP/1.1" 200 23
 2023-12-20 10:07:04,391 - DEBUG - https://api.telegram.org:443 "GET /bot1548279772:AAHFSr5sYKty6vQb7QK3i6Oa3Mm-8Z1LAi8/getUpdates?offset=1&timeout=20 HTTP/1.1" 200 23
 2023-12-20 10:07:24,454 - DEBUG - https://api.telegram.org:443 "GET /bot1548279772:AAHFSr5sYKty6vQb7QK3i6Oa3Mm-8Z1LAi8/getUpdates?offset=1&timeout=20 HTTP/1.1" 200 23
 2023-12-20 10:07:44,504 - DEBUG - https://api.telegram.org:443 "GET /bot1548279772:AAHFSr5sYKty6vQb7QK3i6Oa3Mm-8Z1LAi8/getUpdates?offset=1&timeout=20 HTTP/1.1" 200 23
 2023-12-20 10:08:04,554 - DEBUG - https://api.telegram.org:443 "GET /bot1548279772:AAHFSr5sYKty6vQb7QK3i6Oa3Mm-8Z1LAi8/getUpdates?offset=1&timeout=20 HTTP/1.1" 200 23
 2023-12-20 10:08:24,603 - DEBUG - https://api.telegram.org:443 "GET /bot1548279772:AAHFSr5sYKty6vQb7QK3i6Oa3Mm-8Z1LAi8/getUpdates?offset=1&timeout=20 HTTP/1.1" 200 23
 2023-12-20 10:08:44,654 - DEBUG - https://api.telegram.org:443 "GET /bot1548279772:AAHFSr5sYKty6vQb7QK3i6Oa3Mm-8Z1LAi8/getUpdates?offset=1&timeout=20 HTTP/1.1" 200 23
 2023-12-20 10:09:04,704 - DEBUG - https://api.telegram.org:443 "GET /bot1548279772:AAHFSr5sYKty6vQb7QK3i6Oa3Mm-8Z1LAi8/getUpdates?offset=1&timeout=20 HTTP/1.1" 200 23
 2023-12-20 10:09:24,754 - DEBUG - https://api.telegram.org:443 "GET /bot1548279772:AAHFSr5sYKty6vQb7QK3i6Oa3Mm-8Z1LAi8/getUpdates?offset=1&timeout=20 HTTP/1.1" 200 23
 2023-12-20 10:09:44,806 - DEBUG - https://api.telegram.org:443 "GET /bot1548279772:AAHFSr5sYKty6vQb7QK3i6Oa3Mm-8Z1LAi8/getUpdates?offset=1&timeout=20 HTTP/1.1" 200 23
 2023-12-20 10:10:04,859 - DEBUG - https://api.telegram.org:443 "GET /bot1548279772:AAHFSr5sYKty6vQb7QK3i6Oa3Mm-8Z1LAi8/getUpdates?offset=1&timeout=20 HTTP/1.1" 200 23
 2023-12-20 10:10:24,910 - DEBUG - https://api.telegram.org:443 "GET /bot1548279772:AAHFSr5sYKty6vQb7QK3i6Oa3Mm-8Z1LAi8/getUpdates?offset=1&timeout=20 HTTP/1.1" 200 23
 2023-12-20 10:10:44,962 - DEBUG - https://api.telegram.org:443 "GET /bot1548279772:AAHFSr5sYKty6vQb7QK3i6Oa3Mm-8Z1LAi8/getUpdates?offset=1&timeout=20 HTTP/1.1" 200 23
 2023-12-20 10:11:05,014 - DEBUG - https://api.telegram.org:443 "GET /bot1548279772:AAHFSr5sYKty6vQb7QK3i6Oa3Mm-8Z1LAi8/getUpdates?offset=1&timeout=20 HTTP/1.1" 200 23
