 2023-12-20 17:58:50,188 - DEBUG - Starting new HTTPS connection (1): api.telegram.org:443
 2023-12-20 17:58:50,377 - DEBUG - https://api.telegram.org:443 "GET /bot1548279772:AAHFSr5sYKty6vQb7QK3i6Oa3Mm-8Z1LAi8/getUpdates?offset=1&timeout=20 HTTP/1.1" 200 425
 2023-12-20 17:58:50,379 - DEBUG - Starting new HTTPS connection (1): api.telegram.org:443
 2023-12-20 17:58:50,546 - DEBUG - https://api.telegram.org:443 "GET /bot1548279772:AAHFSr5sYKty6vQb7QK3i6Oa3Mm-8Z1LAi8/getMe HTTP/1.1" 200 197
 2023-12-20 17:58:50,643 - DEBUG - https://api.telegram.org:443 "POST /bot1548279772:AAHFSr5sYKty6vQb7QK3i6Oa3Mm-8Z1LAi8/sendMessage?chat_id=71931403&text=%D0%A2%D0%B5%D1%81%D1%82%D0%B8%D1%80%D0%BE%D0%B2%D1%89%D0%B8%D0%BA%D0%B8%21+%0A%40Igor_Kirichek%2C+%40lexm18%2C+%40from_time_to_time%2C+%40glatemalin%2C+%40inside4276%2C+%40Azamat_Gu%2C+%40lena596&parse_mode=html HTTP/1.1" 200 752
 2023-12-20 17:59:10,432 - DEBUG - https://api.telegram.org:443 "GET /bot1548279772:AAHFSr5sYKty6vQb7QK3i6Oa3Mm-8Z1LAi8/getUpdates?offset=417632809&timeout=20 HTTP/1.1" 200 23
 2023-12-20 17:59:30,493 - DEBUG - https://api.telegram.org:443 "GET /bot1548279772:AAHFSr5sYKty6vQb7QK3i6Oa3Mm-8Z1LAi8/getUpdates?offset=417632809&timeout=20 HTTP/1.1" 200 23
 2023-12-20 17:59:50,467 - DEBUG - https://api.telegram.org:443 "GET /bot1548279772:AAHFSr5sYKty6vQb7QK3i6Oa3Mm-8Z1LAi8/getUpdates?offset=417632809&timeout=20 HTTP/1.1" 200 1044
 2023-12-20 17:59:50,559 - DEBUG - https://api.telegram.org:443 "POST /bot1548279772:AAHFSr5sYKty6vQb7QK3i6Oa3Mm-8Z1LAi8/sendMessage?chat_id=110309785&text=%D0%9F%D1%80%D0%B8%D1%98%D0%B0%D1%82%D0%BD%D0%BE+%D1%98%D0%B0%D0%B4%D0%B5%D1%9A%D0%B5%2C+%D0%90%D0%BD%D0%B0%D1%81%D1%82%D0%B0%D1%81%D0%B8%D1%8F%21 HTTP/1.1" 200 473
 2023-12-20 18:00:10,524 - DEBUG - https://api.telegram.org:443 "GET /bot1548279772:AAHFSr5sYKty6vQb7QK3i6Oa3Mm-8Z1LAi8/getUpdates?offset=417632810&timeout=20 HTTP/1.1" 200 23
 2023-12-20 18:00:30,586 - DEBUG - https://api.telegram.org:443 "GET /bot1548279772:AAHFSr5sYKty6vQb7QK3i6Oa3Mm-8Z1LAi8/getUpdates?offset=417632810&timeout=20 HTTP/1.1" 200 23
 2023-12-20 18:00:50,644 - DEBUG - https://api.telegram.org:443 "GET /bot1548279772:AAHFSr5sYKty6vQb7QK3i6Oa3Mm-8Z1LAi8/getUpdates?offset=417632810&timeout=20 HTTP/1.1" 200 23
 2023-12-20 18:01:10,702 - DEBUG - https://api.telegram.org:443 "GET /bot1548279772:AAHFSr5sYKty6vQb7QK3i6Oa3Mm-8Z1LAi8/getUpdates?offset=417632810&timeout=20 HTTP/1.1" 200 23
 2023-12-20 18:01:30,762 - DEBUG - https://api.telegram.org:443 "GET /bot1548279772:AAHFSr5sYKty6vQb7QK3i6Oa3Mm-8Z1LAi8/getUpdates?offset=417632810&timeout=20 HTTP/1.1" 200 23
 2023-12-20 18:01:50,820 - DEBUG - https://api.telegram.org:443 "GET /bot1548279772:AAHFSr5sYKty6vQb7QK3i6Oa3Mm-8Z1LAi8/getUpdates?offset=417632810&timeout=20 HTTP/1.1" 200 23
 2023-12-20 18:02:10,880 - DEBUG - https://api.telegram.org:443 "GET /bot1548279772:AAHFSr5sYKty6vQb7QK3i6Oa3Mm-8Z1LAi8/getUpdates?offset=417632810&timeout=20 HTTP/1.1" 200 23
 2023-12-20 18:02:30,933 - DEBUG - https://api.telegram.org:443 "GET /bot1548279772:AAHFSr5sYKty6vQb7QK3i6Oa3Mm-8Z1LAi8/getUpdates?offset=417632810&timeout=20 HTTP/1.1" 200 23
 2023-12-20 18:02:50,986 - DEBUG - https://api.telegram.org:443 "GET /bot1548279772:AAHFSr5sYKty6vQb7QK3i6Oa3Mm-8Z1LAi8/getUpdates?offset=417632810&timeout=20 HTTP/1.1" 200 23
 2023-12-20 18:03:11,041 - DEBUG - https://api.telegram.org:443 "GET /bot1548279772:AAHFSr5sYKty6vQb7QK3i6Oa3Mm-8Z1LAi8/getUpdates?offset=417632810&timeout=20 HTTP/1.1" 200 23
 2023-12-20 18:03:31,095 - DEBUG - https://api.telegram.org:443 "GET /bot1548279772:AAHFSr5sYKty6vQb7QK3i6Oa3Mm-8Z1LAi8/getUpdates?offset=417632810&timeout=20 HTTP/1.1" 200 23
 2023-12-20 18:03:51,157 - DEBUG - https://api.telegram.org:443 "GET /bot1548279772:AAHFSr5sYKty6vQb7QK3i6Oa3Mm-8Z1LAi8/getUpdates?offset=417632810&timeout=20 HTTP/1.1" 200 23
 2023-12-20 18:04:11,217 - DEBUG - https://api.telegram.org:443 "GET /bot1548279772:AAHFSr5sYKty6vQb7QK3i6Oa3Mm-8Z1LAi8/getUpdates?offset=417632810&timeout=20 HTTP/1.1" 200 23
 2023-12-20 18:04:31,271 - DEBUG - https://api.telegram.org:443 "GET /bot1548279772:AAHFSr5sYKty6vQb7QK3i6Oa3Mm-8Z1LAi8/getUpdates?offset=417632810&timeout=20 HTTP/1.1" 200 23
 2023-12-20 18:04:51,329 - DEBUG - https://api.telegram.org:443 "GET /bot1548279772:AAHFSr5sYKty6vQb7QK3i6Oa3Mm-8Z1LAi8/getUpdates?offset=417632810&timeout=20 HTTP/1.1" 200 23
 2023-12-20 18:05:11,393 - DEBUG - https://api.telegram.org:443 "GET /bot1548279772:AAHFSr5sYKty6vQb7QK3i6Oa3Mm-8Z1LAi8/getUpdates?offset=417632810&timeout=20 HTTP/1.1" 200 23
 2023-12-20 18:05:31,447 - DEBUG - https://api.telegram.org:443 "GET /bot1548279772:AAHFSr5sYKty6vQb7QK3i6Oa3Mm-8Z1LAi8/getUpdates?offset=417632810&timeout=20 HTTP/1.1" 200 23
 2023-12-20 18:05:51,500 - DEBUG - https://api.telegram.org:443 "GET /bot1548279772:AAHFSr5sYKty6vQb7QK3i6Oa3Mm-8Z1LAi8/getUpdates?offset=417632810&timeout=20 HTTP/1.1" 200 23
 2023-12-20 18:06:11,562 - DEBUG - https://api.telegram.org:443 "GET /bot1548279772:AAHFSr5sYKty6vQb7QK3i6Oa3Mm-8Z1LAi8/getUpdates?offset=417632810&timeout=20 HTTP/1.1" 200 23
 2023-12-20 18:06:31,621 - DEBUG - https://api.telegram.org:443 "GET /bot1548279772:AAHFSr5sYKty6vQb7QK3i6Oa3Mm-8Z1LAi8/getUpdates?offset=417632810&timeout=20 HTTP/1.1" 200 23
