 2023-12-22 13:18:27,960 - DEBUG - Starting new HTTPS connection (1): api.telegram.org:443
 2023-12-22 13:18:28,142 - DEBUG - https://api.telegram.org:443 "GET /bot1548279772:AAHFSr5sYKty6vQb7QK3i6Oa3Mm-8Z1LAi8/getUpdates?offset=1&timeout=20 HTTP/1.1" 200 1399
 2023-12-22 13:18:28,145 - DEBUG - Starting new HTTPS connection (1): api.telegram.org:443
 2023-12-22 13:18:28,305 - DEBUG - https://api.telegram.org:443 "GET /bot1548279772:AAHFSr5sYKty6vQb7QK3i6Oa3Mm-8Z1LAi8/getMe HTTP/1.1" 200 197
 2023-12-22 13:18:28,440 - DEBUG - https://api.telegram.org:443 "POST /bot1548279772:AAHFSr5sYKty6vQb7QK3i6Oa3Mm-8Z1LAi8/sendMessage?chat_id=71931403&text=%D0%A2%D0%B5%D1%81%D1%82%D0%B8%D1%80%D0%BE%D0%B2%D1%89%D0%B8%D0%BA%D0%B8%21+%0A%40Igor_Kirichek%2C+%40lexm18%2C+%40from_time_to_time%2C+%40glatemalin%2C+%40inside4276%2C+%40Azamat_Gu%2C+%40lena596&parse_mode=html HTTP/1.1" 200 752
 2023-12-22 13:18:33,935 - DEBUG - https://api.telegram.org:443 "GET /bot1548279772:AAHFSr5sYKty6vQb7QK3i6Oa3Mm-8Z1LAi8/getUpdates?offset=417633207&timeout=20 HTTP/1.1" 200 988
 2023-12-22 13:18:43,172 - DEBUG - Starting new HTTPS connection (1): api.telegram.org:443
 2023-12-22 13:18:43,340 - DEBUG - https://api.telegram.org:443 "GET /bot1548279772:AAHFSr5sYKty6vQb7QK3i6Oa3Mm-8Z1LAi8/getUpdates?offset=417633208&timeout=20 HTTP/1.1" 200 996
 2023-12-22 13:18:58,177 - DEBUG - Starting new HTTPS connection (1): api.telegram.org:443
 2023-12-22 13:18:58,335 - DEBUG - https://api.telegram.org:443 "GET /bot1548279772:AAHFSr5sYKty6vQb7QK3i6Oa3Mm-8Z1LAi8/getUpdates?offset=417633209&timeout=20 HTTP/1.1" 200 949
 2023-12-22 13:18:58,413 - DEBUG - https://api.telegram.org:443 "POST /bot1548279772:AAHFSr5sYKty6vQb7QK3i6Oa3Mm-8Z1LAi8/sendMessage?chat_id=71931403&text=Gero+apetito%2C+Igor%21 HTTP/1.1" 200 292
 2023-12-22 13:19:13,188 - DEBUG - Starting new HTTPS connection (1): api.telegram.org:443
 2023-12-22 13:19:13,350 - DEBUG - https://api.telegram.org:443 "GET /bot1548279772:AAHFSr5sYKty6vQb7QK3i6Oa3Mm-8Z1LAi8/getUpdates?offset=417633210&timeout=20 HTTP/1.1" 200 766
 2023-12-22 13:19:13,355 - DEBUG - Starting new HTTPS connection (1): api.telegram.org:443
 2023-12-22 13:19:13,440 - DEBUG - https://api.telegram.org:443 "POST /bot1548279772:AAHFSr5sYKty6vQb7QK3i6Oa3Mm-8Z1LAi8/sendMessage?chat_id=71931403&text=Dobr%C3%BA+chu%C5%A5%2C+%D0%98%D0%B3%D0%BE%D1%80%D1%8F%D0%BC%D0%B1%D0%B0%21 HTTP/1.1" 200 344
 2023-12-22 13:19:13,542 - DEBUG - https://api.telegram.org:443 "POST /bot1548279772:AAHFSr5sYKty6vQb7QK3i6Oa3Mm-8Z1LAi8/sendMessage?chat_id=71931403&text=+%D9%86%D9%88%D8%B4%D9%89+%D8%AC%D8%A7%D9%86%2C+%D0%98%D0%B3%D0%BE%D1%80%D1%8F%D0%BC%D0%B1%D0%B0%21 HTTP/1.1" 200 367
 2023-12-22 13:19:15,755 - DEBUG - https://api.telegram.org:443 "GET /bot1548279772:AAHFSr5sYKty6vQb7QK3i6Oa3Mm-8Z1LAi8/getUpdates?offset=417633212&timeout=20 HTTP/1.1" 200 394
 2023-12-22 13:19:15,837 - DEBUG - https://api.telegram.org:443 "POST /bot1548279772:AAHFSr5sYKty6vQb7QK3i6Oa3Mm-8Z1LAi8/sendMessage?chat_id=71931403&text=Bom+apetite%2C+%D0%98%D0%B3%D0%BE%D1%80%D1%8F%D0%BC%D0%B1%D0%B0%21 HTTP/1.1" 200 335
 2023-12-22 13:19:17,539 - DEBUG - https://api.telegram.org:443 "GET /bot1548279772:AAHFSr5sYKty6vQb7QK3i6Oa3Mm-8Z1LAi8/getUpdates?offset=417633213&timeout=20 HTTP/1.1" 200 996
 2023-12-22 13:19:30,099 - DEBUG - https://api.telegram.org:443 "GET /bot1548279772:AAHFSr5sYKty6vQb7QK3i6Oa3Mm-8Z1LAi8/getUpdates?offset=417633214&timeout=20 HTTP/1.1" 200 946
 2023-12-22 13:19:30,238 - DEBUG - https://api.telegram.org:443 "POST /bot1548279772:AAHFSr5sYKty6vQb7QK3i6Oa3Mm-8Z1LAi8/sendMessage?chat_id=71931403&text=Buen+provecho%2C+Igor%21 HTTP/1.1" 200 293
 2023-12-22 13:19:32,552 - DEBUG - Starting new HTTPS connection (1): api.telegram.org:443
 2023-12-22 13:19:37,773 - DEBUG - https://api.telegram.org:443 "GET /bot1548279772:AAHFSr5sYKty6vQb7QK3i6Oa3Mm-8Z1LAi8/getUpdates?offset=417633215&timeout=20 HTTP/1.1" 200 1024
 2023-12-22 13:19:52,792 - DEBUG - Starting new HTTPS connection (1): api.telegram.org:443
 2023-12-22 13:19:52,958 - DEBUG - https://api.telegram.org:443 "GET /bot1548279772:AAHFSr5sYKty6vQb7QK3i6Oa3Mm-8Z1LAi8/getUpdates?offset=417633216&timeout=20 HTTP/1.1" 409 143
 2023-12-22 13:20:12,961 - DEBUG - https://api.telegram.org:443 "GET /bot1548279772:AAHFSr5sYKty6vQb7QK3i6Oa3Mm-8Z1LAi8/getUpdates?offset=417633216&timeout=20 HTTP/1.1" 200 23
