 2023-12-18 10:41:13,852 - DEBUG - Starting new HTTPS connection (1): api.telegram.org:443
 2023-12-18 10:41:34,084 - DEBUG - https://api.telegram.org:443 "GET /bot1548279772:AAHFSr5sYKty6vQb7QK3i6Oa3Mm-8Z1LAi8/getUpdates?offset=1&timeout=20 HTTP/1.1" 200 23
 2023-12-18 10:41:54,175 - DEBUG - https://api.telegram.org:443 "GET /bot1548279772:AAHFSr5sYKty6vQb7QK3i6Oa3Mm-8Z1LAi8/getUpdates?offset=1&timeout=20 HTTP/1.1" 200 23
 2023-12-18 10:42:00,086 - DEBUG - Running job Job(interval=1, unit=days, do=otkrytka1, args=(), kwargs={})
 2023-12-18 10:42:00,095 - DEBUG - Starting new HTTPS connection (1): api.telegram.org:443
 2023-12-18 10:42:00,578 - DEBUG - https://api.telegram.org:443 "POST /bot1548279772:AAHFSr5sYKty6vQb7QK3i6Oa3Mm-8Z1LAi8/sendPhoto?chat_id=-1001210129344 HTTP/1.1" 200 859
 2023-12-18 10:42:14,250 - DEBUG - https://api.telegram.org:443 "GET /bot1548279772:AAHFSr5sYKty6vQb7QK3i6Oa3Mm-8Z1LAi8/getUpdates?offset=1&timeout=20 HTTP/1.1" 200 23
 2023-12-18 10:42:34,321 - DEBUG - https://api.telegram.org:443 "GET /bot1548279772:AAHFSr5sYKty6vQb7QK3i6Oa3Mm-8Z1LAi8/getUpdates?offset=1&timeout=20 HTTP/1.1" 200 23
 2023-12-18 10:42:49,113 - DEBUG - https://api.telegram.org:443 "GET /bot1548279772:AAHFSr5sYKty6vQb7QK3i6Oa3Mm-8Z1LAi8/getUpdates?offset=1&timeout=20 HTTP/1.1" 200 411
 2023-12-18 10:43:05,566 - DEBUG - https://api.telegram.org:443 "GET /bot1548279772:AAHFSr5sYKty6vQb7QK3i6Oa3Mm-8Z1LAi8/getUpdates?offset=417632155&timeout=20 HTTP/1.1" 200 820
 2023-12-18 10:43:24,786 - DEBUG - https://api.telegram.org:443 "GET /bot1548279772:AAHFSr5sYKty6vQb7QK3i6Oa3Mm-8Z1LAi8/getUpdates?offset=417632156&timeout=20 HTTP/1.1" 200 850
 2023-12-18 10:43:44,878 - DEBUG - https://api.telegram.org:443 "GET /bot1548279772:AAHFSr5sYKty6vQb7QK3i6Oa3Mm-8Z1LAi8/getUpdates?offset=417632157&timeout=20 HTTP/1.1" 200 23
 2023-12-18 10:44:04,957 - DEBUG - https://api.telegram.org:443 "GET /bot1548279772:AAHFSr5sYKty6vQb7QK3i6Oa3Mm-8Z1LAi8/getUpdates?offset=417632157&timeout=20 HTTP/1.1" 200 23
 2023-12-18 10:44:08,405 - DEBUG - https://api.telegram.org:443 "GET /bot1548279772:AAHFSr5sYKty6vQb7QK3i6Oa3Mm-8Z1LAi8/getUpdates?offset=417632157&timeout=20 HTTP/1.1" 200 1502
 2023-12-18 10:44:28,469 - DEBUG - https://api.telegram.org:443 "GET /bot1548279772:AAHFSr5sYKty6vQb7QK3i6Oa3Mm-8Z1LAi8/getUpdates?offset=417632158&timeout=20 HTTP/1.1" 200 23
 2023-12-18 10:44:48,539 - DEBUG - https://api.telegram.org:443 "GET /bot1548279772:AAHFSr5sYKty6vQb7QK3i6Oa3Mm-8Z1LAi8/getUpdates?offset=417632158&timeout=20 HTTP/1.1" 200 23
 2023-12-18 10:45:08,601 - DEBUG - https://api.telegram.org:443 "GET /bot1548279772:AAHFSr5sYKty6vQb7QK3i6Oa3Mm-8Z1LAi8/getUpdates?offset=417632158&timeout=20 HTTP/1.1" 200 23
 2023-12-18 10:45:28,672 - DEBUG - https://api.telegram.org:443 "GET /bot1548279772:AAHFSr5sYKty6vQb7QK3i6Oa3Mm-8Z1LAi8/getUpdates?offset=417632158&timeout=20 HTTP/1.1" 200 23
 2023-12-18 10:45:48,763 - DEBUG - https://api.telegram.org:443 "GET /bot1548279772:AAHFSr5sYKty6vQb7QK3i6Oa3Mm-8Z1LAi8/getUpdates?offset=417632158&timeout=20 HTTP/1.1" 200 23
 2023-12-18 10:46:08,846 - DEBUG - https://api.telegram.org:443 "GET /bot1548279772:AAHFSr5sYKty6vQb7QK3i6Oa3Mm-8Z1LAi8/getUpdates?offset=417632158&timeout=20 HTTP/1.1" 200 23
 2023-12-18 10:46:28,918 - DEBUG - https://api.telegram.org:443 "GET /bot1548279772:AAHFSr5sYKty6vQb7QK3i6Oa3Mm-8Z1LAi8/getUpdates?offset=417632158&timeout=20 HTTP/1.1" 200 23
 2023-12-18 10:46:49,018 - DEBUG - https://api.telegram.org:443 "GET /bot1548279772:AAHFSr5sYKty6vQb7QK3i6Oa3Mm-8Z1LAi8/getUpdates?offset=417632158&timeout=20 HTTP/1.1" 200 23
 2023-12-18 10:47:09,095 - DEBUG - https://api.telegram.org:443 "GET /bot1548279772:AAHFSr5sYKty6vQb7QK3i6Oa3Mm-8Z1LAi8/getUpdates?offset=417632158&timeout=20 HTTP/1.1" 200 23
 2023-12-18 10:47:29,185 - DEBUG - https://api.telegram.org:443 "GET /bot1548279772:AAHFSr5sYKty6vQb7QK3i6Oa3Mm-8Z1LAi8/getUpdates?offset=417632158&timeout=20 HTTP/1.1" 200 23
 2023-12-18 10:47:49,323 - DEBUG - https://api.telegram.org:443 "GET /bot1548279772:AAHFSr5sYKty6vQb7QK3i6Oa3Mm-8Z1LAi8/getUpdates?offset=417632158&timeout=20 HTTP/1.1" 200 23
 2023-12-18 10:48:09,404 - DEBUG - https://api.telegram.org:443 "GET /bot1548279772:AAHFSr5sYKty6vQb7QK3i6Oa3Mm-8Z1LAi8/getUpdates?offset=417632158&timeout=20 HTTP/1.1" 200 23
 2023-12-18 10:48:29,479 - DEBUG - https://api.telegram.org:443 "GET /bot1548279772:AAHFSr5sYKty6vQb7QK3i6Oa3Mm-8Z1LAi8/getUpdates?offset=417632158&timeout=20 HTTP/1.1" 200 23
 2023-12-18 10:48:49,563 - DEBUG - https://api.telegram.org:443 "GET /bot1548279772:AAHFSr5sYKty6vQb7QK3i6Oa3Mm-8Z1LAi8/getUpdates?offset=417632158&timeout=20 HTTP/1.1" 200 23
 2023-12-18 10:49:09,848 - DEBUG - https://api.telegram.org:443 "GET /bot1548279772:AAHFSr5sYKty6vQb7QK3i6Oa3Mm-8Z1LAi8/getUpdates?offset=417632158&timeout=20 HTTP/1.1" 200 23
 2023-12-18 10:49:29,922 - DEBUG - https://api.telegram.org:443 "GET /bot1548279772:AAHFSr5sYKty6vQb7QK3i6Oa3Mm-8Z1LAi8/getUpdates?offset=417632158&timeout=20 HTTP/1.1" 200 23
 2023-12-18 10:49:49,999 - DEBUG - https://api.telegram.org:443 "GET /bot1548279772:AAHFSr5sYKty6vQb7QK3i6Oa3Mm-8Z1LAi8/getUpdates?offset=417632158&timeout=20 HTTP/1.1" 200 23
 2023-12-18 10:50:10,058 - DEBUG - https://api.telegram.org:443 "GET /bot1548279772:AAHFSr5sYKty6vQb7QK3i6Oa3Mm-8Z1LAi8/getUpdates?offset=417632158&timeout=20 HTTP/1.1" 200 23
 2023-12-18 10:50:30,132 - DEBUG - https://api.telegram.org:443 "GET /bot1548279772:AAHFSr5sYKty6vQb7QK3i6Oa3Mm-8Z1LAi8/getUpdates?offset=417632158&timeout=20 HTTP/1.1" 200 23
 2023-12-18 10:50:50,225 - DEBUG - https://api.telegram.org:443 "GET /bot1548279772:AAHFSr5sYKty6vQb7QK3i6Oa3Mm-8Z1LAi8/getUpdates?offset=417632158&timeout=20 HTTP/1.1" 200 23
 2023-12-18 10:51:09,751 - DEBUG - https://api.telegram.org:443 "GET /bot1548279772:AAHFSr5sYKty6vQb7QK3i6Oa3Mm-8Z1LAi8/getUpdates?offset=417632158&timeout=20 HTTP/1.1" 200 576
 2023-12-18 10:51:16,414 - DEBUG - https://api.telegram.org:443 "GET /bot1548279772:AAHFSr5sYKty6vQb7QK3i6Oa3Mm-8Z1LAi8/getUpdates?offset=417632159&timeout=20 HTTP/1.1" 200 537
 2023-12-18 10:51:36,490 - DEBUG - https://api.telegram.org:443 "GET /bot1548279772:AAHFSr5sYKty6vQb7QK3i6Oa3Mm-8Z1LAi8/getUpdates?offset=417632160&timeout=20 HTTP/1.1" 200 23
 2023-12-18 10:51:42,510 - DEBUG - https://api.telegram.org:443 "GET /bot1548279772:AAHFSr5sYKty6vQb7QK3i6Oa3Mm-8Z1LAi8/getUpdates?offset=417632160&timeout=20 HTTP/1.1" 200 639
 2023-12-18 10:52:02,598 - DEBUG - https://api.telegram.org:443 "GET /bot1548279772:AAHFSr5sYKty6vQb7QK3i6Oa3Mm-8Z1LAi8/getUpdates?offset=417632161&timeout=20 HTTP/1.1" 200 23
 2023-12-18 10:52:04,897 - DEBUG - https://api.telegram.org:443 "GET /bot1548279772:AAHFSr5sYKty6vQb7QK3i6Oa3Mm-8Z1LAi8/getUpdates?offset=417632161&timeout=20 HTTP/1.1" 200 1127
 2023-12-18 10:52:14,413 - DEBUG - https://api.telegram.org:443 "GET /bot1548279772:AAHFSr5sYKty6vQb7QK3i6Oa3Mm-8Z1LAi8/getUpdates?offset=417632162&timeout=20 HTTP/1.1" 200 1048
 2023-12-18 10:52:34,488 - DEBUG - https://api.telegram.org:443 "GET /bot1548279772:AAHFSr5sYKty6vQb7QK3i6Oa3Mm-8Z1LAi8/getUpdates?offset=417632163&timeout=20 HTTP/1.1" 200 23
 2023-12-18 10:52:54,578 - DEBUG - https://api.telegram.org:443 "GET /bot1548279772:AAHFSr5sYKty6vQb7QK3i6Oa3Mm-8Z1LAi8/getUpdates?offset=417632163&timeout=20 HTTP/1.1" 200 23
 2023-12-18 10:53:14,657 - DEBUG - https://api.telegram.org:443 "GET /bot1548279772:AAHFSr5sYKty6vQb7QK3i6Oa3Mm-8Z1LAi8/getUpdates?offset=417632163&timeout=20 HTTP/1.1" 200 23
 2023-12-18 10:53:34,770 - DEBUG - https://api.telegram.org:443 "GET /bot1548279772:AAHFSr5sYKty6vQb7QK3i6Oa3Mm-8Z1LAi8/getUpdates?offset=417632163&timeout=20 HTTP/1.1" 200 23
 2023-12-18 10:53:54,834 - DEBUG - https://api.telegram.org:443 "GET /bot1548279772:AAHFSr5sYKty6vQb7QK3i6Oa3Mm-8Z1LAi8/getUpdates?offset=417632163&timeout=20 HTTP/1.1" 200 23
 2023-12-18 10:54:14,922 - DEBUG - https://api.telegram.org:443 "GET /bot1548279772:AAHFSr5sYKty6vQb7QK3i6Oa3Mm-8Z1LAi8/getUpdates?offset=417632163&timeout=20 HTTP/1.1" 200 23
 2023-12-18 10:54:35,011 - DEBUG - https://api.telegram.org:443 "GET /bot1548279772:AAHFSr5sYKty6vQb7QK3i6Oa3Mm-8Z1LAi8/getUpdates?offset=417632163&timeout=20 HTTP/1.1" 200 23
 2023-12-18 10:54:55,088 - DEBUG - https://api.telegram.org:443 "GET /bot1548279772:AAHFSr5sYKty6vQb7QK3i6Oa3Mm-8Z1LAi8/getUpdates?offset=417632163&timeout=20 HTTP/1.1" 200 23
 2023-12-18 10:55:15,150 - DEBUG - https://api.telegram.org:443 "GET /bot1548279772:AAHFSr5sYKty6vQb7QK3i6Oa3Mm-8Z1LAi8/getUpdates?offset=417632163&timeout=20 HTTP/1.1" 200 23
 2023-12-18 10:55:35,217 - DEBUG - https://api.telegram.org:443 "GET /bot1548279772:AAHFSr5sYKty6vQb7QK3i6Oa3Mm-8Z1LAi8/getUpdates?offset=417632163&timeout=20 HTTP/1.1" 200 23
 2023-12-18 10:55:55,285 - DEBUG - https://api.telegram.org:443 "GET /bot1548279772:AAHFSr5sYKty6vQb7QK3i6Oa3Mm-8Z1LAi8/getUpdates?offset=417632163&timeout=20 HTTP/1.1" 200 23
 2023-12-18 10:56:15,353 - DEBUG - https://api.telegram.org:443 "GET /bot1548279772:AAHFSr5sYKty6vQb7QK3i6Oa3Mm-8Z1LAi8/getUpdates?offset=417632163&timeout=20 HTTP/1.1" 200 23
 2023-12-18 10:56:35,430 - DEBUG - https://api.telegram.org:443 "GET /bot1548279772:AAHFSr5sYKty6vQb7QK3i6Oa3Mm-8Z1LAi8/getUpdates?offset=417632163&timeout=20 HTTP/1.1" 200 23
 2023-12-18 10:56:55,504 - DEBUG - https://api.telegram.org:443 "GET /bot1548279772:AAHFSr5sYKty6vQb7QK3i6Oa3Mm-8Z1LAi8/getUpdates?offset=417632163&timeout=20 HTTP/1.1" 200 23
 2023-12-18 10:57:15,567 - DEBUG - https://api.telegram.org:443 "GET /bot1548279772:AAHFSr5sYKty6vQb7QK3i6Oa3Mm-8Z1LAi8/getUpdates?offset=417632163&timeout=20 HTTP/1.1" 200 23
 2023-12-18 10:57:35,640 - DEBUG - https://api.telegram.org:443 "GET /bot1548279772:AAHFSr5sYKty6vQb7QK3i6Oa3Mm-8Z1LAi8/getUpdates?offset=417632163&timeout=20 HTTP/1.1" 200 23
 2023-12-18 10:57:55,713 - DEBUG - https://api.telegram.org:443 "GET /bot1548279772:AAHFSr5sYKty6vQb7QK3i6Oa3Mm-8Z1LAi8/getUpdates?offset=417632163&timeout=20 HTTP/1.1" 200 23
 2023-12-18 10:58:15,797 - DEBUG - https://api.telegram.org:443 "GET /bot1548279772:AAHFSr5sYKty6vQb7QK3i6Oa3Mm-8Z1LAi8/getUpdates?offset=417632163&timeout=20 HTTP/1.1" 200 23
 2023-12-18 10:58:35,878 - DEBUG - https://api.telegram.org:443 "GET /bot1548279772:AAHFSr5sYKty6vQb7QK3i6Oa3Mm-8Z1LAi8/getUpdates?offset=417632163&timeout=20 HTTP/1.1" 200 23
 2023-12-18 10:58:55,954 - DEBUG - https://api.telegram.org:443 "GET /bot1548279772:AAHFSr5sYKty6vQb7QK3i6Oa3Mm-8Z1LAi8/getUpdates?offset=417632163&timeout=20 HTTP/1.1" 200 23
 2023-12-18 10:59:16,034 - DEBUG - https://api.telegram.org:443 "GET /bot1548279772:AAHFSr5sYKty6vQb7QK3i6Oa3Mm-8Z1LAi8/getUpdates?offset=417632163&timeout=20 HTTP/1.1" 200 23
 2023-12-18 10:59:36,125 - DEBUG - https://api.telegram.org:443 "GET /bot1548279772:AAHFSr5sYKty6vQb7QK3i6Oa3Mm-8Z1LAi8/getUpdates?offset=417632163&timeout=20 HTTP/1.1" 200 23
 2023-12-18 10:59:56,195 - DEBUG - https://api.telegram.org:443 "GET /bot1548279772:AAHFSr5sYKty6vQb7QK3i6Oa3Mm-8Z1LAi8/getUpdates?offset=417632163&timeout=20 HTTP/1.1" 200 23
 2023-12-18 11:00:16,278 - DEBUG - https://api.telegram.org:443 "GET /bot1548279772:AAHFSr5sYKty6vQb7QK3i6Oa3Mm-8Z1LAi8/getUpdates?offset=417632163&timeout=20 HTTP/1.1" 200 23
 2023-12-18 11:00:36,369 - DEBUG - https://api.telegram.org:443 "GET /bot1548279772:AAHFSr5sYKty6vQb7QK3i6Oa3Mm-8Z1LAi8/getUpdates?offset=417632163&timeout=20 HTTP/1.1" 200 23
 2023-12-18 11:00:56,444 - DEBUG - https://api.telegram.org:443 "GET /bot1548279772:AAHFSr5sYKty6vQb7QK3i6Oa3Mm-8Z1LAi8/getUpdates?offset=417632163&timeout=20 HTTP/1.1" 200 23
 2023-12-18 11:01:16,514 - DEBUG - https://api.telegram.org:443 "GET /bot1548279772:AAHFSr5sYKty6vQb7QK3i6Oa3Mm-8Z1LAi8/getUpdates?offset=417632163&timeout=20 HTTP/1.1" 200 23
 2023-12-18 11:01:36,589 - DEBUG - https://api.telegram.org:443 "GET /bot1548279772:AAHFSr5sYKty6vQb7QK3i6Oa3Mm-8Z1LAi8/getUpdates?offset=417632163&timeout=20 HTTP/1.1" 200 23
 2023-12-18 11:01:56,662 - DEBUG - https://api.telegram.org:443 "GET /bot1548279772:AAHFSr5sYKty6vQb7QK3i6Oa3Mm-8Z1LAi8/getUpdates?offset=417632163&timeout=20 HTTP/1.1" 200 23
 2023-12-18 11:02:16,735 - DEBUG - https://api.telegram.org:443 "GET /bot1548279772:AAHFSr5sYKty6vQb7QK3i6Oa3Mm-8Z1LAi8/getUpdates?offset=417632163&timeout=20 HTTP/1.1" 200 23
 2023-12-18 11:02:36,810 - DEBUG - https://api.telegram.org:443 "GET /bot1548279772:AAHFSr5sYKty6vQb7QK3i6Oa3Mm-8Z1LAi8/getUpdates?offset=417632163&timeout=20 HTTP/1.1" 200 23
 2023-12-18 11:02:56,873 - DEBUG - https://api.telegram.org:443 "GET /bot1548279772:AAHFSr5sYKty6vQb7QK3i6Oa3Mm-8Z1LAi8/getUpdates?offset=417632163&timeout=20 HTTP/1.1" 200 23
 2023-12-18 11:03:16,942 - DEBUG - https://api.telegram.org:443 "GET /bot1548279772:AAHFSr5sYKty6vQb7QK3i6Oa3Mm-8Z1LAi8/getUpdates?offset=417632163&timeout=20 HTTP/1.1" 200 23
 2023-12-18 11:03:37,030 - DEBUG - https://api.telegram.org:443 "GET /bot1548279772:AAHFSr5sYKty6vQb7QK3i6Oa3Mm-8Z1LAi8/getUpdates?offset=417632163&timeout=20 HTTP/1.1" 200 23
 2023-12-18 11:03:57,127 - DEBUG - https://api.telegram.org:443 "GET /bot1548279772:AAHFSr5sYKty6vQb7QK3i6Oa3Mm-8Z1LAi8/getUpdates?offset=417632163&timeout=20 HTTP/1.1" 200 23
 2023-12-18 11:04:17,203 - DEBUG - https://api.telegram.org:443 "GET /bot1548279772:AAHFSr5sYKty6vQb7QK3i6Oa3Mm-8Z1LAi8/getUpdates?offset=417632163&timeout=20 HTTP/1.1" 200 23
 2023-12-18 11:04:37,278 - DEBUG - https://api.telegram.org:443 "GET /bot1548279772:AAHFSr5sYKty6vQb7QK3i6Oa3Mm-8Z1LAi8/getUpdates?offset=417632163&timeout=20 HTTP/1.1" 200 23
 2023-12-18 11:04:57,362 - DEBUG - https://api.telegram.org:443 "GET /bot1548279772:AAHFSr5sYKty6vQb7QK3i6Oa3Mm-8Z1LAi8/getUpdates?offset=417632163&timeout=20 HTTP/1.1" 200 23
 2023-12-18 11:05:17,453 - DEBUG - https://api.telegram.org:443 "GET /bot1548279772:AAHFSr5sYKty6vQb7QK3i6Oa3Mm-8Z1LAi8/getUpdates?offset=417632163&timeout=20 HTTP/1.1" 200 23
 2023-12-18 11:05:37,531 - DEBUG - https://api.telegram.org:443 "GET /bot1548279772:AAHFSr5sYKty6vQb7QK3i6Oa3Mm-8Z1LAi8/getUpdates?offset=417632163&timeout=20 HTTP/1.1" 200 23
 2023-12-18 11:05:57,627 - DEBUG - https://api.telegram.org:443 "GET /bot1548279772:AAHFSr5sYKty6vQb7QK3i6Oa3Mm-8Z1LAi8/getUpdates?offset=417632163&timeout=20 HTTP/1.1" 200 23
 2023-12-18 11:06:17,706 - DEBUG - https://api.telegram.org:443 "GET /bot1548279772:AAHFSr5sYKty6vQb7QK3i6Oa3Mm-8Z1LAi8/getUpdates?offset=417632163&timeout=20 HTTP/1.1" 200 23
 2023-12-18 11:06:37,775 - DEBUG - https://api.telegram.org:443 "GET /bot1548279772:AAHFSr5sYKty6vQb7QK3i6Oa3Mm-8Z1LAi8/getUpdates?offset=417632163&timeout=20 HTTP/1.1" 200 23
 2023-12-18 11:06:57,867 - DEBUG - https://api.telegram.org:443 "GET /bot1548279772:AAHFSr5sYKty6vQb7QK3i6Oa3Mm-8Z1LAi8/getUpdates?offset=417632163&timeout=20 HTTP/1.1" 200 23
 2023-12-18 11:07:17,938 - DEBUG - https://api.telegram.org:443 "GET /bot1548279772:AAHFSr5sYKty6vQb7QK3i6Oa3Mm-8Z1LAi8/getUpdates?offset=417632163&timeout=20 HTTP/1.1" 200 23
 2023-12-18 11:07:38,025 - DEBUG - https://api.telegram.org:443 "GET /bot1548279772:AAHFSr5sYKty6vQb7QK3i6Oa3Mm-8Z1LAi8/getUpdates?offset=417632163&timeout=20 HTTP/1.1" 200 23
 2023-12-18 11:07:58,098 - DEBUG - https://api.telegram.org:443 "GET /bot1548279772:AAHFSr5sYKty6vQb7QK3i6Oa3Mm-8Z1LAi8/getUpdates?offset=417632163&timeout=20 HTTP/1.1" 200 23
 2023-12-18 11:08:18,181 - DEBUG - https://api.telegram.org:443 "GET /bot1548279772:AAHFSr5sYKty6vQb7QK3i6Oa3Mm-8Z1LAi8/getUpdates?offset=417632163&timeout=20 HTTP/1.1" 200 23
 2023-12-18 11:08:38,255 - DEBUG - https://api.telegram.org:443 "GET /bot1548279772:AAHFSr5sYKty6vQb7QK3i6Oa3Mm-8Z1LAi8/getUpdates?offset=417632163&timeout=20 HTTP/1.1" 200 23
 2023-12-18 11:08:58,326 - DEBUG - https://api.telegram.org:443 "GET /bot1548279772:AAHFSr5sYKty6vQb7QK3i6Oa3Mm-8Z1LAi8/getUpdates?offset=417632163&timeout=20 HTTP/1.1" 200 23
 2023-12-18 11:09:18,472 - DEBUG - https://api.telegram.org:443 "GET /bot1548279772:AAHFSr5sYKty6vQb7QK3i6Oa3Mm-8Z1LAi8/getUpdates?offset=417632163&timeout=20 HTTP/1.1" 200 23
 2023-12-18 11:09:38,549 - DEBUG - https://api.telegram.org:443 "GET /bot1548279772:AAHFSr5sYKty6vQb7QK3i6Oa3Mm-8Z1LAi8/getUpdates?offset=417632163&timeout=20 HTTP/1.1" 200 23
 2023-12-18 11:09:58,619 - DEBUG - https://api.telegram.org:443 "GET /bot1548279772:AAHFSr5sYKty6vQb7QK3i6Oa3Mm-8Z1LAi8/getUpdates?offset=417632163&timeout=20 HTTP/1.1" 200 23
 2023-12-18 11:10:18,694 - DEBUG - https://api.telegram.org:443 "GET /bot1548279772:AAHFSr5sYKty6vQb7QK3i6Oa3Mm-8Z1LAi8/getUpdates?offset=417632163&timeout=20 HTTP/1.1" 200 23
 2023-12-18 11:10:38,808 - DEBUG - https://api.telegram.org:443 "GET /bot1548279772:AAHFSr5sYKty6vQb7QK3i6Oa3Mm-8Z1LAi8/getUpdates?offset=417632163&timeout=20 HTTP/1.1" 200 23
 2023-12-18 11:10:58,873 - DEBUG - https://api.telegram.org:443 "GET /bot1548279772:AAHFSr5sYKty6vQb7QK3i6Oa3Mm-8Z1LAi8/getUpdates?offset=417632163&timeout=20 HTTP/1.1" 200 23
 2023-12-18 11:11:18,958 - DEBUG - https://api.telegram.org:443 "GET /bot1548279772:AAHFSr5sYKty6vQb7QK3i6Oa3Mm-8Z1LAi8/getUpdates?offset=417632163&timeout=20 HTTP/1.1" 200 23
 2023-12-18 11:11:39,028 - DEBUG - https://api.telegram.org:443 "GET /bot1548279772:AAHFSr5sYKty6vQb7QK3i6Oa3Mm-8Z1LAi8/getUpdates?offset=417632163&timeout=20 HTTP/1.1" 200 23
 2023-12-18 11:11:59,109 - DEBUG - https://api.telegram.org:443 "GET /bot1548279772:AAHFSr5sYKty6vQb7QK3i6Oa3Mm-8Z1LAi8/getUpdates?offset=417632163&timeout=20 HTTP/1.1" 200 23
 2023-12-18 11:12:19,189 - DEBUG - https://api.telegram.org:443 "GET /bot1548279772:AAHFSr5sYKty6vQb7QK3i6Oa3Mm-8Z1LAi8/getUpdates?offset=417632163&timeout=20 HTTP/1.1" 200 23
 2023-12-18 11:12:39,261 - DEBUG - https://api.telegram.org:443 "GET /bot1548279772:AAHFSr5sYKty6vQb7QK3i6Oa3Mm-8Z1LAi8/getUpdates?offset=417632163&timeout=20 HTTP/1.1" 200 23
 2023-12-18 11:12:59,332 - DEBUG - https://api.telegram.org:443 "GET /bot1548279772:AAHFSr5sYKty6vQb7QK3i6Oa3Mm-8Z1LAi8/getUpdates?offset=417632163&timeout=20 HTTP/1.1" 200 23
 2023-12-18 11:13:19,411 - DEBUG - https://api.telegram.org:443 "GET /bot1548279772:AAHFSr5sYKty6vQb7QK3i6Oa3Mm-8Z1LAi8/getUpdates?offset=417632163&timeout=20 HTTP/1.1" 200 23
 2023-12-18 11:13:19,412 - DEBUG - Resetting dropped connection: api.telegram.org
 2023-12-18 11:13:39,621 - DEBUG - https://api.telegram.org:443 "GET /bot1548279772:AAHFSr5sYKty6vQb7QK3i6Oa3Mm-8Z1LAi8/getUpdates?offset=417632163&timeout=20 HTTP/1.1" 200 23
 2023-12-18 11:13:59,685 - DEBUG - https://api.telegram.org:443 "GET /bot1548279772:AAHFSr5sYKty6vQb7QK3i6Oa3Mm-8Z1LAi8/getUpdates?offset=417632163&timeout=20 HTTP/1.1" 200 23
 2023-12-18 11:14:19,746 - DEBUG - https://api.telegram.org:443 "GET /bot1548279772:AAHFSr5sYKty6vQb7QK3i6Oa3Mm-8Z1LAi8/getUpdates?offset=417632163&timeout=20 HTTP/1.1" 200 23
 2023-12-18 11:14:39,811 - DEBUG - https://api.telegram.org:443 "GET /bot1548279772:AAHFSr5sYKty6vQb7QK3i6Oa3Mm-8Z1LAi8/getUpdates?offset=417632163&timeout=20 HTTP/1.1" 200 23
 2023-12-18 11:14:59,875 - DEBUG - https://api.telegram.org:443 "GET /bot1548279772:AAHFSr5sYKty6vQb7QK3i6Oa3Mm-8Z1LAi8/getUpdates?offset=417632163&timeout=20 HTTP/1.1" 200 23
 2023-12-18 11:15:19,948 - DEBUG - https://api.telegram.org:443 "GET /bot1548279772:AAHFSr5sYKty6vQb7QK3i6Oa3Mm-8Z1LAi8/getUpdates?offset=417632163&timeout=20 HTTP/1.1" 200 23
 2023-12-18 11:15:40,004 - DEBUG - https://api.telegram.org:443 "GET /bot1548279772:AAHFSr5sYKty6vQb7QK3i6Oa3Mm-8Z1LAi8/getUpdates?offset=417632163&timeout=20 HTTP/1.1" 200 23
 2023-12-18 11:16:00,066 - DEBUG - https://api.telegram.org:443 "GET /bot1548279772:AAHFSr5sYKty6vQb7QK3i6Oa3Mm-8Z1LAi8/getUpdates?offset=417632163&timeout=20 HTTP/1.1" 200 23
 2023-12-18 11:16:20,123 - DEBUG - https://api.telegram.org:443 "GET /bot1548279772:AAHFSr5sYKty6vQb7QK3i6Oa3Mm-8Z1LAi8/getUpdates?offset=417632163&timeout=20 HTTP/1.1" 200 23
 2023-12-18 11:16:40,194 - DEBUG - https://api.telegram.org:443 "GET /bot1548279772:AAHFSr5sYKty6vQb7QK3i6Oa3Mm-8Z1LAi8/getUpdates?offset=417632163&timeout=20 HTTP/1.1" 200 23
 2023-12-18 11:17:00,260 - DEBUG - https://api.telegram.org:443 "GET /bot1548279772:AAHFSr5sYKty6vQb7QK3i6Oa3Mm-8Z1LAi8/getUpdates?offset=417632163&timeout=20 HTTP/1.1" 200 23
 2023-12-18 11:17:20,338 - DEBUG - https://api.telegram.org:443 "GET /bot1548279772:AAHFSr5sYKty6vQb7QK3i6Oa3Mm-8Z1LAi8/getUpdates?offset=417632163&timeout=20 HTTP/1.1" 200 23
 2023-12-18 11:17:40,409 - DEBUG - https://api.telegram.org:443 "GET /bot1548279772:AAHFSr5sYKty6vQb7QK3i6Oa3Mm-8Z1LAi8/getUpdates?offset=417632163&timeout=20 HTTP/1.1" 200 23
 2023-12-18 11:18:00,477 - DEBUG - https://api.telegram.org:443 "GET /bot1548279772:AAHFSr5sYKty6vQb7QK3i6Oa3Mm-8Z1LAi8/getUpdates?offset=417632163&timeout=20 HTTP/1.1" 200 23
 2023-12-18 11:18:20,535 - DEBUG - https://api.telegram.org:443 "GET /bot1548279772:AAHFSr5sYKty6vQb7QK3i6Oa3Mm-8Z1LAi8/getUpdates?offset=417632163&timeout=20 HTTP/1.1" 200 23
 2023-12-18 11:18:40,591 - DEBUG - https://api.telegram.org:443 "GET /bot1548279772:AAHFSr5sYKty6vQb7QK3i6Oa3Mm-8Z1LAi8/getUpdates?offset=417632163&timeout=20 HTTP/1.1" 200 23
 2023-12-18 11:19:00,654 - DEBUG - https://api.telegram.org:443 "GET /bot1548279772:AAHFSr5sYKty6vQb7QK3i6Oa3Mm-8Z1LAi8/getUpdates?offset=417632163&timeout=20 HTTP/1.1" 200 23
 2023-12-18 11:19:20,726 - DEBUG - https://api.telegram.org:443 "GET /bot1548279772:AAHFSr5sYKty6vQb7QK3i6Oa3Mm-8Z1LAi8/getUpdates?offset=417632163&timeout=20 HTTP/1.1" 200 23
 2023-12-18 11:19:40,786 - DEBUG - https://api.telegram.org:443 "GET /bot1548279772:AAHFSr5sYKty6vQb7QK3i6Oa3Mm-8Z1LAi8/getUpdates?offset=417632163&timeout=20 HTTP/1.1" 200 23
 2023-12-18 11:20:01,440 - DEBUG - https://api.telegram.org:443 "GET /bot1548279772:AAHFSr5sYKty6vQb7QK3i6Oa3Mm-8Z1LAi8/getUpdates?offset=417632163&timeout=20 HTTP/1.1" 200 23
 2023-12-18 11:20:21,499 - DEBUG - https://api.telegram.org:443 "GET /bot1548279772:AAHFSr5sYKty6vQb7QK3i6Oa3Mm-8Z1LAi8/getUpdates?offset=417632163&timeout=20 HTTP/1.1" 200 23
 2023-12-18 11:20:41,560 - DEBUG - https://api.telegram.org:443 "GET /bot1548279772:AAHFSr5sYKty6vQb7QK3i6Oa3Mm-8Z1LAi8/getUpdates?offset=417632163&timeout=20 HTTP/1.1" 200 23
 2023-12-18 11:21:01,613 - DEBUG - https://api.telegram.org:443 "GET /bot1548279772:AAHFSr5sYKty6vQb7QK3i6Oa3Mm-8Z1LAi8/getUpdates?offset=417632163&timeout=20 HTTP/1.1" 200 23
 2023-12-18 11:21:21,690 - DEBUG - https://api.telegram.org:443 "GET /bot1548279772:AAHFSr5sYKty6vQb7QK3i6Oa3Mm-8Z1LAi8/getUpdates?offset=417632163&timeout=20 HTTP/1.1" 200 23
 2023-12-18 11:21:41,747 - DEBUG - https://api.telegram.org:443 "GET /bot1548279772:AAHFSr5sYKty6vQb7QK3i6Oa3Mm-8Z1LAi8/getUpdates?offset=417632163&timeout=20 HTTP/1.1" 200 23
 2023-12-18 11:22:01,805 - DEBUG - https://api.telegram.org:443 "GET /bot1548279772:AAHFSr5sYKty6vQb7QK3i6Oa3Mm-8Z1LAi8/getUpdates?offset=417632163&timeout=20 HTTP/1.1" 200 23
 2023-12-18 11:22:21,873 - DEBUG - https://api.telegram.org:443 "GET /bot1548279772:AAHFSr5sYKty6vQb7QK3i6Oa3Mm-8Z1LAi8/getUpdates?offset=417632163&timeout=20 HTTP/1.1" 200 23
 2023-12-18 11:22:41,931 - DEBUG - https://api.telegram.org:443 "GET /bot1548279772:AAHFSr5sYKty6vQb7QK3i6Oa3Mm-8Z1LAi8/getUpdates?offset=417632163&timeout=20 HTTP/1.1" 200 23
 2023-12-18 11:23:01,986 - DEBUG - https://api.telegram.org:443 "GET /bot1548279772:AAHFSr5sYKty6vQb7QK3i6Oa3Mm-8Z1LAi8/getUpdates?offset=417632163&timeout=20 HTTP/1.1" 200 23
 2023-12-18 11:23:22,057 - DEBUG - https://api.telegram.org:443 "GET /bot1548279772:AAHFSr5sYKty6vQb7QK3i6Oa3Mm-8Z1LAi8/getUpdates?offset=417632163&timeout=20 HTTP/1.1" 200 23
 2023-12-18 11:23:42,114 - DEBUG - https://api.telegram.org:443 "GET /bot1548279772:AAHFSr5sYKty6vQb7QK3i6Oa3Mm-8Z1LAi8/getUpdates?offset=417632163&timeout=20 HTTP/1.1" 200 23
 2023-12-18 11:24:02,171 - DEBUG - https://api.telegram.org:443 "GET /bot1548279772:AAHFSr5sYKty6vQb7QK3i6Oa3Mm-8Z1LAi8/getUpdates?offset=417632163&timeout=20 HTTP/1.1" 200 23
 2023-12-18 11:24:22,232 - DEBUG - https://api.telegram.org:443 "GET /bot1548279772:AAHFSr5sYKty6vQb7QK3i6Oa3Mm-8Z1LAi8/getUpdates?offset=417632163&timeout=20 HTTP/1.1" 200 23
 2023-12-18 11:24:42,296 - DEBUG - https://api.telegram.org:443 "GET /bot1548279772:AAHFSr5sYKty6vQb7QK3i6Oa3Mm-8Z1LAi8/getUpdates?offset=417632163&timeout=20 HTTP/1.1" 200 23
 2023-12-18 11:25:02,350 - DEBUG - https://api.telegram.org:443 "GET /bot1548279772:AAHFSr5sYKty6vQb7QK3i6Oa3Mm-8Z1LAi8/getUpdates?offset=417632163&timeout=20 HTTP/1.1" 200 23
 2023-12-18 11:25:22,405 - DEBUG - https://api.telegram.org:443 "GET /bot1548279772:AAHFSr5sYKty6vQb7QK3i6Oa3Mm-8Z1LAi8/getUpdates?offset=417632163&timeout=20 HTTP/1.1" 200 23
 2023-12-18 11:25:42,496 - DEBUG - https://api.telegram.org:443 "GET /bot1548279772:AAHFSr5sYKty6vQb7QK3i6Oa3Mm-8Z1LAi8/getUpdates?offset=417632163&timeout=20 HTTP/1.1" 200 23
 2023-12-18 11:26:02,552 - DEBUG - https://api.telegram.org:443 "GET /bot1548279772:AAHFSr5sYKty6vQb7QK3i6Oa3Mm-8Z1LAi8/getUpdates?offset=417632163&timeout=20 HTTP/1.1" 200 23
 2023-12-18 11:26:22,611 - DEBUG - https://api.telegram.org:443 "GET /bot1548279772:AAHFSr5sYKty6vQb7QK3i6Oa3Mm-8Z1LAi8/getUpdates?offset=417632163&timeout=20 HTTP/1.1" 200 23
 2023-12-18 11:26:42,671 - DEBUG - https://api.telegram.org:443 "GET /bot1548279772:AAHFSr5sYKty6vQb7QK3i6Oa3Mm-8Z1LAi8/getUpdates?offset=417632163&timeout=20 HTTP/1.1" 200 23
 2023-12-18 11:27:02,723 - DEBUG - https://api.telegram.org:443 "GET /bot1548279772:AAHFSr5sYKty6vQb7QK3i6Oa3Mm-8Z1LAi8/getUpdates?offset=417632163&timeout=20 HTTP/1.1" 200 23
 2023-12-18 11:27:22,779 - DEBUG - https://api.telegram.org:443 "GET /bot1548279772:AAHFSr5sYKty6vQb7QK3i6Oa3Mm-8Z1LAi8/getUpdates?offset=417632163&timeout=20 HTTP/1.1" 200 23
 2023-12-18 11:27:42,847 - DEBUG - https://api.telegram.org:443 "GET /bot1548279772:AAHFSr5sYKty6vQb7QK3i6Oa3Mm-8Z1LAi8/getUpdates?offset=417632163&timeout=20 HTTP/1.1" 200 23
 2023-12-18 11:28:02,911 - DEBUG - https://api.telegram.org:443 "GET /bot1548279772:AAHFSr5sYKty6vQb7QK3i6Oa3Mm-8Z1LAi8/getUpdates?offset=417632163&timeout=20 HTTP/1.1" 200 23
 2023-12-18 11:28:22,968 - DEBUG - https://api.telegram.org:443 "GET /bot1548279772:AAHFSr5sYKty6vQb7QK3i6Oa3Mm-8Z1LAi8/getUpdates?offset=417632163&timeout=20 HTTP/1.1" 200 23
 2023-12-18 11:28:43,050 - DEBUG - https://api.telegram.org:443 "GET /bot1548279772:AAHFSr5sYKty6vQb7QK3i6Oa3Mm-8Z1LAi8/getUpdates?offset=417632163&timeout=20 HTTP/1.1" 200 23
 2023-12-18 11:29:03,106 - DEBUG - https://api.telegram.org:443 "GET /bot1548279772:AAHFSr5sYKty6vQb7QK3i6Oa3Mm-8Z1LAi8/getUpdates?offset=417632163&timeout=20 HTTP/1.1" 200 23
 2023-12-18 11:29:23,176 - DEBUG - https://api.telegram.org:443 "GET /bot1548279772:AAHFSr5sYKty6vQb7QK3i6Oa3Mm-8Z1LAi8/getUpdates?offset=417632163&timeout=20 HTTP/1.1" 200 23
 2023-12-18 11:29:43,228 - DEBUG - https://api.telegram.org:443 "GET /bot1548279772:AAHFSr5sYKty6vQb7QK3i6Oa3Mm-8Z1LAi8/getUpdates?offset=417632163&timeout=20 HTTP/1.1" 200 23
 2023-12-18 11:30:03,308 - DEBUG - https://api.telegram.org:443 "GET /bot1548279772:AAHFSr5sYKty6vQb7QK3i6Oa3Mm-8Z1LAi8/getUpdates?offset=417632163&timeout=20 HTTP/1.1" 200 23
 2023-12-18 11:30:23,362 - DEBUG - https://api.telegram.org:443 "GET /bot1548279772:AAHFSr5sYKty6vQb7QK3i6Oa3Mm-8Z1LAi8/getUpdates?offset=417632163&timeout=20 HTTP/1.1" 200 23
 2023-12-18 11:30:43,414 - DEBUG - https://api.telegram.org:443 "GET /bot1548279772:AAHFSr5sYKty6vQb7QK3i6Oa3Mm-8Z1LAi8/getUpdates?offset=417632163&timeout=20 HTTP/1.1" 200 23
 2023-12-18 11:31:03,469 - DEBUG - https://api.telegram.org:443 "GET /bot1548279772:AAHFSr5sYKty6vQb7QK3i6Oa3Mm-8Z1LAi8/getUpdates?offset=417632163&timeout=20 HTTP/1.1" 200 23
 2023-12-18 11:31:23,524 - DEBUG - https://api.telegram.org:443 "GET /bot1548279772:AAHFSr5sYKty6vQb7QK3i6Oa3Mm-8Z1LAi8/getUpdates?offset=417632163&timeout=20 HTTP/1.1" 200 23
 2023-12-18 11:31:43,847 - DEBUG - https://api.telegram.org:443 "GET /bot1548279772:AAHFSr5sYKty6vQb7QK3i6Oa3Mm-8Z1LAi8/getUpdates?offset=417632163&timeout=20 HTTP/1.1" 200 23
 2023-12-18 11:32:03,903 - DEBUG - https://api.telegram.org:443 "GET /bot1548279772:AAHFSr5sYKty6vQb7QK3i6Oa3Mm-8Z1LAi8/getUpdates?offset=417632163&timeout=20 HTTP/1.1" 200 23
 2023-12-18 11:32:23,959 - DEBUG - https://api.telegram.org:443 "GET /bot1548279772:AAHFSr5sYKty6vQb7QK3i6Oa3Mm-8Z1LAi8/getUpdates?offset=417632163&timeout=20 HTTP/1.1" 200 23
 2023-12-18 11:32:44,020 - DEBUG - https://api.telegram.org:443 "GET /bot1548279772:AAHFSr5sYKty6vQb7QK3i6Oa3Mm-8Z1LAi8/getUpdates?offset=417632163&timeout=20 HTTP/1.1" 200 23
 2023-12-18 11:33:04,091 - DEBUG - https://api.telegram.org:443 "GET /bot1548279772:AAHFSr5sYKty6vQb7QK3i6Oa3Mm-8Z1LAi8/getUpdates?offset=417632163&timeout=20 HTTP/1.1" 200 23
 2023-12-18 11:33:24,144 - DEBUG - https://api.telegram.org:443 "GET /bot1548279772:AAHFSr5sYKty6vQb7QK3i6Oa3Mm-8Z1LAi8/getUpdates?offset=417632163&timeout=20 HTTP/1.1" 200 23
 2023-12-18 11:33:44,204 - DEBUG - https://api.telegram.org:443 "GET /bot1548279772:AAHFSr5sYKty6vQb7QK3i6Oa3Mm-8Z1LAi8/getUpdates?offset=417632163&timeout=20 HTTP/1.1" 200 23
 2023-12-18 11:34:04,493 - DEBUG - https://api.telegram.org:443 "GET /bot1548279772:AAHFSr5sYKty6vQb7QK3i6Oa3Mm-8Z1LAi8/getUpdates?offset=417632163&timeout=20 HTTP/1.1" 200 23
 2023-12-18 11:34:24,547 - DEBUG - https://api.telegram.org:443 "GET /bot1548279772:AAHFSr5sYKty6vQb7QK3i6Oa3Mm-8Z1LAi8/getUpdates?offset=417632163&timeout=20 HTTP/1.1" 200 23
 2023-12-18 11:34:44,610 - DEBUG - https://api.telegram.org:443 "GET /bot1548279772:AAHFSr5sYKty6vQb7QK3i6Oa3Mm-8Z1LAi8/getUpdates?offset=417632163&timeout=20 HTTP/1.1" 200 23
 2023-12-18 11:35:04,674 - DEBUG - https://api.telegram.org:443 "GET /bot1548279772:AAHFSr5sYKty6vQb7QK3i6Oa3Mm-8Z1LAi8/getUpdates?offset=417632163&timeout=20 HTTP/1.1" 200 23
 2023-12-18 11:35:24,726 - DEBUG - https://api.telegram.org:443 "GET /bot1548279772:AAHFSr5sYKty6vQb7QK3i6Oa3Mm-8Z1LAi8/getUpdates?offset=417632163&timeout=20 HTTP/1.1" 200 23
 2023-12-18 11:35:44,788 - DEBUG - https://api.telegram.org:443 "GET /bot1548279772:AAHFSr5sYKty6vQb7QK3i6Oa3Mm-8Z1LAi8/getUpdates?offset=417632163&timeout=20 HTTP/1.1" 200 23
 2023-12-18 11:36:04,843 - DEBUG - https://api.telegram.org:443 "GET /bot1548279772:AAHFSr5sYKty6vQb7QK3i6Oa3Mm-8Z1LAi8/getUpdates?offset=417632163&timeout=20 HTTP/1.1" 200 23
 2023-12-18 11:36:24,902 - DEBUG - https://api.telegram.org:443 "GET /bot1548279772:AAHFSr5sYKty6vQb7QK3i6Oa3Mm-8Z1LAi8/getUpdates?offset=417632163&timeout=20 HTTP/1.1" 200 23
 2023-12-18 11:36:44,955 - DEBUG - https://api.telegram.org:443 "GET /bot1548279772:AAHFSr5sYKty6vQb7QK3i6Oa3Mm-8Z1LAi8/getUpdates?offset=417632163&timeout=20 HTTP/1.1" 200 23
 2023-12-18 11:37:05,038 - DEBUG - https://api.telegram.org:443 "GET /bot1548279772:AAHFSr5sYKty6vQb7QK3i6Oa3Mm-8Z1LAi8/getUpdates?offset=417632163&timeout=20 HTTP/1.1" 200 23
 2023-12-18 11:37:25,091 - DEBUG - https://api.telegram.org:443 "GET /bot1548279772:AAHFSr5sYKty6vQb7QK3i6Oa3Mm-8Z1LAi8/getUpdates?offset=417632163&timeout=20 HTTP/1.1" 200 23
 2023-12-18 11:37:45,148 - DEBUG - https://api.telegram.org:443 "GET /bot1548279772:AAHFSr5sYKty6vQb7QK3i6Oa3Mm-8Z1LAi8/getUpdates?offset=417632163&timeout=20 HTTP/1.1" 200 23
 2023-12-18 11:38:05,204 - DEBUG - https://api.telegram.org:443 "GET /bot1548279772:AAHFSr5sYKty6vQb7QK3i6Oa3Mm-8Z1LAi8/getUpdates?offset=417632163&timeout=20 HTTP/1.1" 200 23
 2023-12-18 11:38:25,261 - DEBUG - https://api.telegram.org:443 "GET /bot1548279772:AAHFSr5sYKty6vQb7QK3i6Oa3Mm-8Z1LAi8/getUpdates?offset=417632163&timeout=20 HTTP/1.1" 200 23
 2023-12-18 11:38:45,329 - DEBUG - https://api.telegram.org:443 "GET /bot1548279772:AAHFSr5sYKty6vQb7QK3i6Oa3Mm-8Z1LAi8/getUpdates?offset=417632163&timeout=20 HTTP/1.1" 200 23
 2023-12-18 11:39:05,388 - DEBUG - https://api.telegram.org:443 "GET /bot1548279772:AAHFSr5sYKty6vQb7QK3i6Oa3Mm-8Z1LAi8/getUpdates?offset=417632163&timeout=20 HTTP/1.1" 200 23
 2023-12-18 11:39:25,444 - DEBUG - https://api.telegram.org:443 "GET /bot1548279772:AAHFSr5sYKty6vQb7QK3i6Oa3Mm-8Z1LAi8/getUpdates?offset=417632163&timeout=20 HTTP/1.1" 200 23
 2023-12-18 11:39:45,498 - DEBUG - https://api.telegram.org:443 "GET /bot1548279772:AAHFSr5sYKty6vQb7QK3i6Oa3Mm-8Z1LAi8/getUpdates?offset=417632163&timeout=20 HTTP/1.1" 200 23
 2023-12-18 11:40:05,556 - DEBUG - https://api.telegram.org:443 "GET /bot1548279772:AAHFSr5sYKty6vQb7QK3i6Oa3Mm-8Z1LAi8/getUpdates?offset=417632163&timeout=20 HTTP/1.1" 200 23
 2023-12-18 11:40:12,885 - DEBUG - https://api.telegram.org:443 "GET /bot1548279772:AAHFSr5sYKty6vQb7QK3i6Oa3Mm-8Z1LAi8/getUpdates?offset=417632163&timeout=20 HTTP/1.1" 200 1213
 2023-12-18 11:40:32,959 - DEBUG - https://api.telegram.org:443 "GET /bot1548279772:AAHFSr5sYKty6vQb7QK3i6Oa3Mm-8Z1LAi8/getUpdates?offset=417632164&timeout=20 HTTP/1.1" 200 23
 2023-12-18 11:40:53,016 - DEBUG - https://api.telegram.org:443 "GET /bot1548279772:AAHFSr5sYKty6vQb7QK3i6Oa3Mm-8Z1LAi8/getUpdates?offset=417632164&timeout=20 HTTP/1.1" 200 23
 2023-12-18 11:41:13,070 - DEBUG - https://api.telegram.org:443 "GET /bot1548279772:AAHFSr5sYKty6vQb7QK3i6Oa3Mm-8Z1LAi8/getUpdates?offset=417632164&timeout=20 HTTP/1.1" 200 23
 2023-12-18 11:41:33,128 - DEBUG - https://api.telegram.org:443 "GET /bot1548279772:AAHFSr5sYKty6vQb7QK3i6Oa3Mm-8Z1LAi8/getUpdates?offset=417632164&timeout=20 HTTP/1.1" 200 23
 2023-12-18 11:41:53,181 - DEBUG - https://api.telegram.org:443 "GET /bot1548279772:AAHFSr5sYKty6vQb7QK3i6Oa3Mm-8Z1LAi8/getUpdates?offset=417632164&timeout=20 HTTP/1.1" 200 23
 2023-12-18 11:42:13,239 - DEBUG - https://api.telegram.org:443 "GET /bot1548279772:AAHFSr5sYKty6vQb7QK3i6Oa3Mm-8Z1LAi8/getUpdates?offset=417632164&timeout=20 HTTP/1.1" 200 23
 2023-12-18 11:42:33,293 - DEBUG - https://api.telegram.org:443 "GET /bot1548279772:AAHFSr5sYKty6vQb7QK3i6Oa3Mm-8Z1LAi8/getUpdates?offset=417632164&timeout=20 HTTP/1.1" 200 23
 2023-12-18 11:42:53,345 - DEBUG - https://api.telegram.org:443 "GET /bot1548279772:AAHFSr5sYKty6vQb7QK3i6Oa3Mm-8Z1LAi8/getUpdates?offset=417632164&timeout=20 HTTP/1.1" 200 23
 2023-12-18 11:43:11,082 - DEBUG - https://api.telegram.org:443 "GET /bot1548279772:AAHFSr5sYKty6vQb7QK3i6Oa3Mm-8Z1LAi8/getUpdates?offset=417632164&timeout=20 HTTP/1.1" 200 1692
 2023-12-18 11:43:25,138 - DEBUG - https://api.telegram.org:443 "GET /bot1548279772:AAHFSr5sYKty6vQb7QK3i6Oa3Mm-8Z1LAi8/getUpdates?offset=417632165&timeout=20 HTTP/1.1" 200 402
 2023-12-18 11:43:45,195 - DEBUG - https://api.telegram.org:443 "GET /bot1548279772:AAHFSr5sYKty6vQb7QK3i6Oa3Mm-8Z1LAi8/getUpdates?offset=417632166&timeout=20 HTTP/1.1" 200 23
 2023-12-18 11:44:05,289 - DEBUG - https://api.telegram.org:443 "GET /bot1548279772:AAHFSr5sYKty6vQb7QK3i6Oa3Mm-8Z1LAi8/getUpdates?offset=417632166&timeout=20 HTTP/1.1" 200 23
 2023-12-18 11:44:25,683 - DEBUG - https://api.telegram.org:443 "GET /bot1548279772:AAHFSr5sYKty6vQb7QK3i6Oa3Mm-8Z1LAi8/getUpdates?offset=417632166&timeout=20 HTTP/1.1" 200 23
 2023-12-18 11:44:45,740 - DEBUG - https://api.telegram.org:443 "GET /bot1548279772:AAHFSr5sYKty6vQb7QK3i6Oa3Mm-8Z1LAi8/getUpdates?offset=417632166&timeout=20 HTTP/1.1" 200 23
 2023-12-18 11:45:05,796 - DEBUG - https://api.telegram.org:443 "GET /bot1548279772:AAHFSr5sYKty6vQb7QK3i6Oa3Mm-8Z1LAi8/getUpdates?offset=417632166&timeout=20 HTTP/1.1" 200 23
 2023-12-18 11:45:25,859 - DEBUG - https://api.telegram.org:443 "GET /bot1548279772:AAHFSr5sYKty6vQb7QK3i6Oa3Mm-8Z1LAi8/getUpdates?offset=417632166&timeout=20 HTTP/1.1" 200 23
 2023-12-18 11:45:45,919 - DEBUG - https://api.telegram.org:443 "GET /bot1548279772:AAHFSr5sYKty6vQb7QK3i6Oa3Mm-8Z1LAi8/getUpdates?offset=417632166&timeout=20 HTTP/1.1" 200 23
 2023-12-18 11:46:06,364 - DEBUG - https://api.telegram.org:443 "GET /bot1548279772:AAHFSr5sYKty6vQb7QK3i6Oa3Mm-8Z1LAi8/getUpdates?offset=417632166&timeout=20 HTTP/1.1" 200 23
 2023-12-18 11:46:26,457 - DEBUG - https://api.telegram.org:443 "GET /bot1548279772:AAHFSr5sYKty6vQb7QK3i6Oa3Mm-8Z1LAi8/getUpdates?offset=417632166&timeout=20 HTTP/1.1" 200 23
 2023-12-18 11:46:26,459 - DEBUG - Resetting dropped connection: api.telegram.org
 2023-12-18 11:46:46,636 - DEBUG - https://api.telegram.org:443 "GET /bot1548279772:AAHFSr5sYKty6vQb7QK3i6Oa3Mm-8Z1LAi8/getUpdates?offset=417632166&timeout=20 HTTP/1.1" 200 23
 2023-12-18 11:47:06,691 - DEBUG - https://api.telegram.org:443 "GET /bot1548279772:AAHFSr5sYKty6vQb7QK3i6Oa3Mm-8Z1LAi8/getUpdates?offset=417632166&timeout=20 HTTP/1.1" 200 23
 2023-12-18 11:47:26,745 - DEBUG - https://api.telegram.org:443 "GET /bot1548279772:AAHFSr5sYKty6vQb7QK3i6Oa3Mm-8Z1LAi8/getUpdates?offset=417632166&timeout=20 HTTP/1.1" 200 23
 2023-12-18 11:47:46,798 - DEBUG - https://api.telegram.org:443 "GET /bot1548279772:AAHFSr5sYKty6vQb7QK3i6Oa3Mm-8Z1LAi8/getUpdates?offset=417632166&timeout=20 HTTP/1.1" 200 23
 2023-12-18 11:48:06,853 - DEBUG - https://api.telegram.org:443 "GET /bot1548279772:AAHFSr5sYKty6vQb7QK3i6Oa3Mm-8Z1LAi8/getUpdates?offset=417632166&timeout=20 HTTP/1.1" 200 23
 2023-12-18 11:48:26,909 - DEBUG - https://api.telegram.org:443 "GET /bot1548279772:AAHFSr5sYKty6vQb7QK3i6Oa3Mm-8Z1LAi8/getUpdates?offset=417632166&timeout=20 HTTP/1.1" 200 23
 2023-12-18 11:48:46,962 - DEBUG - https://api.telegram.org:443 "GET /bot1548279772:AAHFSr5sYKty6vQb7QK3i6Oa3Mm-8Z1LAi8/getUpdates?offset=417632166&timeout=20 HTTP/1.1" 200 23
 2023-12-18 11:49:07,024 - DEBUG - https://api.telegram.org:443 "GET /bot1548279772:AAHFSr5sYKty6vQb7QK3i6Oa3Mm-8Z1LAi8/getUpdates?offset=417632166&timeout=20 HTTP/1.1" 200 23
 2023-12-18 11:49:27,085 - DEBUG - https://api.telegram.org:443 "GET /bot1548279772:AAHFSr5sYKty6vQb7QK3i6Oa3Mm-8Z1LAi8/getUpdates?offset=417632166&timeout=20 HTTP/1.1" 200 23
 2023-12-18 11:49:47,136 - DEBUG - https://api.telegram.org:443 "GET /bot1548279772:AAHFSr5sYKty6vQb7QK3i6Oa3Mm-8Z1LAi8/getUpdates?offset=417632166&timeout=20 HTTP/1.1" 200 23
 2023-12-18 11:50:07,188 - DEBUG - https://api.telegram.org:443 "GET /bot1548279772:AAHFSr5sYKty6vQb7QK3i6Oa3Mm-8Z1LAi8/getUpdates?offset=417632166&timeout=20 HTTP/1.1" 200 23
 2023-12-18 11:50:27,243 - DEBUG - https://api.telegram.org:443 "GET /bot1548279772:AAHFSr5sYKty6vQb7QK3i6Oa3Mm-8Z1LAi8/getUpdates?offset=417632166&timeout=20 HTTP/1.1" 200 23
 2023-12-18 11:50:47,297 - DEBUG - https://api.telegram.org:443 "GET /bot1548279772:AAHFSr5sYKty6vQb7QK3i6Oa3Mm-8Z1LAi8/getUpdates?offset=417632166&timeout=20 HTTP/1.1" 200 23
 2023-12-18 11:51:07,360 - DEBUG - https://api.telegram.org:443 "GET /bot1548279772:AAHFSr5sYKty6vQb7QK3i6Oa3Mm-8Z1LAi8/getUpdates?offset=417632166&timeout=20 HTTP/1.1" 200 23
 2023-12-18 11:51:27,421 - DEBUG - https://api.telegram.org:443 "GET /bot1548279772:AAHFSr5sYKty6vQb7QK3i6Oa3Mm-8Z1LAi8/getUpdates?offset=417632166&timeout=20 HTTP/1.1" 200 23
 2023-12-18 11:51:47,482 - DEBUG - https://api.telegram.org:443 "GET /bot1548279772:AAHFSr5sYKty6vQb7QK3i6Oa3Mm-8Z1LAi8/getUpdates?offset=417632166&timeout=20 HTTP/1.1" 200 23
 2023-12-18 11:52:07,539 - DEBUG - https://api.telegram.org:443 "GET /bot1548279772:AAHFSr5sYKty6vQb7QK3i6Oa3Mm-8Z1LAi8/getUpdates?offset=417632166&timeout=20 HTTP/1.1" 200 23
 2023-12-18 11:52:27,591 - DEBUG - https://api.telegram.org:443 "GET /bot1548279772:AAHFSr5sYKty6vQb7QK3i6Oa3Mm-8Z1LAi8/getUpdates?offset=417632166&timeout=20 HTTP/1.1" 200 23
 2023-12-18 11:52:47,650 - DEBUG - https://api.telegram.org:443 "GET /bot1548279772:AAHFSr5sYKty6vQb7QK3i6Oa3Mm-8Z1LAi8/getUpdates?offset=417632166&timeout=20 HTTP/1.1" 200 23
 2023-12-18 11:53:07,708 - DEBUG - https://api.telegram.org:443 "GET /bot1548279772:AAHFSr5sYKty6vQb7QK3i6Oa3Mm-8Z1LAi8/getUpdates?offset=417632166&timeout=20 HTTP/1.1" 200 23
 2023-12-18 11:53:27,760 - DEBUG - https://api.telegram.org:443 "GET /bot1548279772:AAHFSr5sYKty6vQb7QK3i6Oa3Mm-8Z1LAi8/getUpdates?offset=417632166&timeout=20 HTTP/1.1" 200 23
 2023-12-18 11:53:47,817 - DEBUG - https://api.telegram.org:443 "GET /bot1548279772:AAHFSr5sYKty6vQb7QK3i6Oa3Mm-8Z1LAi8/getUpdates?offset=417632166&timeout=20 HTTP/1.1" 200 23
 2023-12-18 11:54:07,871 - DEBUG - https://api.telegram.org:443 "GET /bot1548279772:AAHFSr5sYKty6vQb7QK3i6Oa3Mm-8Z1LAi8/getUpdates?offset=417632166&timeout=20 HTTP/1.1" 200 23
 2023-12-18 11:54:27,928 - DEBUG - https://api.telegram.org:443 "GET /bot1548279772:AAHFSr5sYKty6vQb7QK3i6Oa3Mm-8Z1LAi8/getUpdates?offset=417632166&timeout=20 HTTP/1.1" 200 23
 2023-12-18 11:54:47,989 - DEBUG - https://api.telegram.org:443 "GET /bot1548279772:AAHFSr5sYKty6vQb7QK3i6Oa3Mm-8Z1LAi8/getUpdates?offset=417632166&timeout=20 HTTP/1.1" 200 23
 2023-12-18 11:55:08,072 - DEBUG - https://api.telegram.org:443 "GET /bot1548279772:AAHFSr5sYKty6vQb7QK3i6Oa3Mm-8Z1LAi8/getUpdates?offset=417632166&timeout=20 HTTP/1.1" 200 23
 2023-12-18 11:55:28,151 - DEBUG - https://api.telegram.org:443 "GET /bot1548279772:AAHFSr5sYKty6vQb7QK3i6Oa3Mm-8Z1LAi8/getUpdates?offset=417632166&timeout=20 HTTP/1.1" 200 23
 2023-12-18 11:55:48,214 - DEBUG - https://api.telegram.org:443 "GET /bot1548279772:AAHFSr5sYKty6vQb7QK3i6Oa3Mm-8Z1LAi8/getUpdates?offset=417632166&timeout=20 HTTP/1.1" 200 23
 2023-12-18 11:56:08,283 - DEBUG - https://api.telegram.org:443 "GET /bot1548279772:AAHFSr5sYKty6vQb7QK3i6Oa3Mm-8Z1LAi8/getUpdates?offset=417632166&timeout=20 HTTP/1.1" 200 23
 2023-12-18 11:56:28,335 - DEBUG - https://api.telegram.org:443 "GET /bot1548279772:AAHFSr5sYKty6vQb7QK3i6Oa3Mm-8Z1LAi8/getUpdates?offset=417632166&timeout=20 HTTP/1.1" 200 23
 2023-12-18 11:56:48,392 - DEBUG - https://api.telegram.org:443 "GET /bot1548279772:AAHFSr5sYKty6vQb7QK3i6Oa3Mm-8Z1LAi8/getUpdates?offset=417632166&timeout=20 HTTP/1.1" 200 23
 2023-12-18 11:57:08,449 - DEBUG - https://api.telegram.org:443 "GET /bot1548279772:AAHFSr5sYKty6vQb7QK3i6Oa3Mm-8Z1LAi8/getUpdates?offset=417632166&timeout=20 HTTP/1.1" 200 23
 2023-12-18 11:57:28,501 - DEBUG - https://api.telegram.org:443 "GET /bot1548279772:AAHFSr5sYKty6vQb7QK3i6Oa3Mm-8Z1LAi8/getUpdates?offset=417632166&timeout=20 HTTP/1.1" 200 23
 2023-12-18 11:57:48,594 - DEBUG - https://api.telegram.org:443 "GET /bot1548279772:AAHFSr5sYKty6vQb7QK3i6Oa3Mm-8Z1LAi8/getUpdates?offset=417632166&timeout=20 HTTP/1.1" 200 23
 2023-12-18 11:58:08,646 - DEBUG - https://api.telegram.org:443 "GET /bot1548279772:AAHFSr5sYKty6vQb7QK3i6Oa3Mm-8Z1LAi8/getUpdates?offset=417632166&timeout=20 HTTP/1.1" 200 23
 2023-12-18 11:58:28,698 - DEBUG - https://api.telegram.org:443 "GET /bot1548279772:AAHFSr5sYKty6vQb7QK3i6Oa3Mm-8Z1LAi8/getUpdates?offset=417632166&timeout=20 HTTP/1.1" 200 23
 2023-12-18 11:58:48,751 - DEBUG - https://api.telegram.org:443 "GET /bot1548279772:AAHFSr5sYKty6vQb7QK3i6Oa3Mm-8Z1LAi8/getUpdates?offset=417632166&timeout=20 HTTP/1.1" 200 23
 2023-12-18 11:59:08,804 - DEBUG - https://api.telegram.org:443 "GET /bot1548279772:AAHFSr5sYKty6vQb7QK3i6Oa3Mm-8Z1LAi8/getUpdates?offset=417632166&timeout=20 HTTP/1.1" 200 23
 2023-12-18 11:59:28,870 - DEBUG - https://api.telegram.org:443 "GET /bot1548279772:AAHFSr5sYKty6vQb7QK3i6Oa3Mm-8Z1LAi8/getUpdates?offset=417632166&timeout=20 HTTP/1.1" 200 23
 2023-12-18 11:59:48,924 - DEBUG - https://api.telegram.org:443 "GET /bot1548279772:AAHFSr5sYKty6vQb7QK3i6Oa3Mm-8Z1LAi8/getUpdates?offset=417632166&timeout=20 HTTP/1.1" 200 23
 2023-12-18 12:00:08,983 - DEBUG - https://api.telegram.org:443 "GET /bot1548279772:AAHFSr5sYKty6vQb7QK3i6Oa3Mm-8Z1LAi8/getUpdates?offset=417632166&timeout=20 HTTP/1.1" 200 23
 2023-12-18 12:00:29,033 - DEBUG - https://api.telegram.org:443 "GET /bot1548279772:AAHFSr5sYKty6vQb7QK3i6Oa3Mm-8Z1LAi8/getUpdates?offset=417632166&timeout=20 HTTP/1.1" 200 23
 2023-12-18 12:00:49,092 - DEBUG - https://api.telegram.org:443 "GET /bot1548279772:AAHFSr5sYKty6vQb7QK3i6Oa3Mm-8Z1LAi8/getUpdates?offset=417632166&timeout=20 HTTP/1.1" 200 23
 2023-12-18 12:01:09,149 - DEBUG - https://api.telegram.org:443 "GET /bot1548279772:AAHFSr5sYKty6vQb7QK3i6Oa3Mm-8Z1LAi8/getUpdates?offset=417632166&timeout=20 HTTP/1.1" 200 23
 2023-12-18 12:01:29,203 - DEBUG - https://api.telegram.org:443 "GET /bot1548279772:AAHFSr5sYKty6vQb7QK3i6Oa3Mm-8Z1LAi8/getUpdates?offset=417632166&timeout=20 HTTP/1.1" 200 23
 2023-12-18 12:01:49,256 - DEBUG - https://api.telegram.org:443 "GET /bot1548279772:AAHFSr5sYKty6vQb7QK3i6Oa3Mm-8Z1LAi8/getUpdates?offset=417632166&timeout=20 HTTP/1.1" 200 23
 2023-12-18 12:02:09,309 - DEBUG - https://api.telegram.org:443 "GET /bot1548279772:AAHFSr5sYKty6vQb7QK3i6Oa3Mm-8Z1LAi8/getUpdates?offset=417632166&timeout=20 HTTP/1.1" 200 23
 2023-12-18 12:02:29,367 - DEBUG - https://api.telegram.org:443 "GET /bot1548279772:AAHFSr5sYKty6vQb7QK3i6Oa3Mm-8Z1LAi8/getUpdates?offset=417632166&timeout=20 HTTP/1.1" 200 23
 2023-12-18 12:02:49,424 - DEBUG - https://api.telegram.org:443 "GET /bot1548279772:AAHFSr5sYKty6vQb7QK3i6Oa3Mm-8Z1LAi8/getUpdates?offset=417632166&timeout=20 HTTP/1.1" 200 23
 2023-12-18 12:03:09,476 - DEBUG - https://api.telegram.org:443 "GET /bot1548279772:AAHFSr5sYKty6vQb7QK3i6Oa3Mm-8Z1LAi8/getUpdates?offset=417632166&timeout=20 HTTP/1.1" 200 23
 2023-12-18 12:03:29,530 - DEBUG - https://api.telegram.org:443 "GET /bot1548279772:AAHFSr5sYKty6vQb7QK3i6Oa3Mm-8Z1LAi8/getUpdates?offset=417632166&timeout=20 HTTP/1.1" 200 23
 2023-12-18 12:03:49,584 - DEBUG - https://api.telegram.org:443 "GET /bot1548279772:AAHFSr5sYKty6vQb7QK3i6Oa3Mm-8Z1LAi8/getUpdates?offset=417632166&timeout=20 HTTP/1.1" 200 23
 2023-12-18 12:04:09,638 - DEBUG - https://api.telegram.org:443 "GET /bot1548279772:AAHFSr5sYKty6vQb7QK3i6Oa3Mm-8Z1LAi8/getUpdates?offset=417632166&timeout=20 HTTP/1.1" 200 23
 2023-12-18 12:04:29,694 - DEBUG - https://api.telegram.org:443 "GET /bot1548279772:AAHFSr5sYKty6vQb7QK3i6Oa3Mm-8Z1LAi8/getUpdates?offset=417632166&timeout=20 HTTP/1.1" 200 23
 2023-12-18 12:04:49,758 - DEBUG - https://api.telegram.org:443 "GET /bot1548279772:AAHFSr5sYKty6vQb7QK3i6Oa3Mm-8Z1LAi8/getUpdates?offset=417632166&timeout=20 HTTP/1.1" 200 23
 2023-12-18 12:05:09,823 - DEBUG - https://api.telegram.org:443 "GET /bot1548279772:AAHFSr5sYKty6vQb7QK3i6Oa3Mm-8Z1LAi8/getUpdates?offset=417632166&timeout=20 HTTP/1.1" 200 23
 2023-12-18 12:05:29,875 - DEBUG - https://api.telegram.org:443 "GET /bot1548279772:AAHFSr5sYKty6vQb7QK3i6Oa3Mm-8Z1LAi8/getUpdates?offset=417632166&timeout=20 HTTP/1.1" 200 23
 2023-12-18 12:05:49,935 - DEBUG - https://api.telegram.org:443 "GET /bot1548279772:AAHFSr5sYKty6vQb7QK3i6Oa3Mm-8Z1LAi8/getUpdates?offset=417632166&timeout=20 HTTP/1.1" 200 23
 2023-12-18 12:06:09,991 - DEBUG - https://api.telegram.org:443 "GET /bot1548279772:AAHFSr5sYKty6vQb7QK3i6Oa3Mm-8Z1LAi8/getUpdates?offset=417632166&timeout=20 HTTP/1.1" 200 23
 2023-12-18 12:06:30,047 - DEBUG - https://api.telegram.org:443 "GET /bot1548279772:AAHFSr5sYKty6vQb7QK3i6Oa3Mm-8Z1LAi8/getUpdates?offset=417632166&timeout=20 HTTP/1.1" 200 23
 2023-12-18 12:06:50,105 - DEBUG - https://api.telegram.org:443 "GET /bot1548279772:AAHFSr5sYKty6vQb7QK3i6Oa3Mm-8Z1LAi8/getUpdates?offset=417632166&timeout=20 HTTP/1.1" 200 23
 2023-12-18 12:07:10,156 - DEBUG - https://api.telegram.org:443 "GET /bot1548279772:AAHFSr5sYKty6vQb7QK3i6Oa3Mm-8Z1LAi8/getUpdates?offset=417632166&timeout=20 HTTP/1.1" 200 23
 2023-12-18 12:07:30,229 - DEBUG - https://api.telegram.org:443 "GET /bot1548279772:AAHFSr5sYKty6vQb7QK3i6Oa3Mm-8Z1LAi8/getUpdates?offset=417632166&timeout=20 HTTP/1.1" 200 23
 2023-12-18 12:07:50,286 - DEBUG - https://api.telegram.org:443 "GET /bot1548279772:AAHFSr5sYKty6vQb7QK3i6Oa3Mm-8Z1LAi8/getUpdates?offset=417632166&timeout=20 HTTP/1.1" 200 23
 2023-12-18 12:08:10,346 - DEBUG - https://api.telegram.org:443 "GET /bot1548279772:AAHFSr5sYKty6vQb7QK3i6Oa3Mm-8Z1LAi8/getUpdates?offset=417632166&timeout=20 HTTP/1.1" 200 23
 2023-12-18 12:08:30,411 - DEBUG - https://api.telegram.org:443 "GET /bot1548279772:AAHFSr5sYKty6vQb7QK3i6Oa3Mm-8Z1LAi8/getUpdates?offset=417632166&timeout=20 HTTP/1.1" 200 23
 2023-12-18 12:08:50,462 - DEBUG - https://api.telegram.org:443 "GET /bot1548279772:AAHFSr5sYKty6vQb7QK3i6Oa3Mm-8Z1LAi8/getUpdates?offset=417632166&timeout=20 HTTP/1.1" 200 23
 2023-12-18 12:09:10,516 - DEBUG - https://api.telegram.org:443 "GET /bot1548279772:AAHFSr5sYKty6vQb7QK3i6Oa3Mm-8Z1LAi8/getUpdates?offset=417632166&timeout=20 HTTP/1.1" 200 23
 2023-12-18 12:09:11,315 - DEBUG - https://api.telegram.org:443 "GET /bot1548279772:AAHFSr5sYKty6vQb7QK3i6Oa3Mm-8Z1LAi8/getUpdates?offset=417632166&timeout=20 HTTP/1.1" 200 582
 2023-12-18 12:09:31,369 - DEBUG - https://api.telegram.org:443 "GET /bot1548279772:AAHFSr5sYKty6vQb7QK3i6Oa3Mm-8Z1LAi8/getUpdates?offset=417632167&timeout=20 HTTP/1.1" 200 23
 2023-12-18 12:09:51,422 - DEBUG - https://api.telegram.org:443 "GET /bot1548279772:AAHFSr5sYKty6vQb7QK3i6Oa3Mm-8Z1LAi8/getUpdates?offset=417632167&timeout=20 HTTP/1.1" 200 23
 2023-12-18 12:10:11,477 - DEBUG - https://api.telegram.org:443 "GET /bot1548279772:AAHFSr5sYKty6vQb7QK3i6Oa3Mm-8Z1LAi8/getUpdates?offset=417632167&timeout=20 HTTP/1.1" 200 23
 2023-12-18 12:10:31,532 - DEBUG - https://api.telegram.org:443 "GET /bot1548279772:AAHFSr5sYKty6vQb7QK3i6Oa3Mm-8Z1LAi8/getUpdates?offset=417632167&timeout=20 HTTP/1.1" 200 23
 2023-12-18 12:10:51,586 - DEBUG - https://api.telegram.org:443 "GET /bot1548279772:AAHFSr5sYKty6vQb7QK3i6Oa3Mm-8Z1LAi8/getUpdates?offset=417632167&timeout=20 HTTP/1.1" 200 23
 2023-12-18 12:11:11,651 - DEBUG - https://api.telegram.org:443 "GET /bot1548279772:AAHFSr5sYKty6vQb7QK3i6Oa3Mm-8Z1LAi8/getUpdates?offset=417632167&timeout=20 HTTP/1.1" 200 23
 2023-12-18 12:11:31,713 - DEBUG - https://api.telegram.org:443 "GET /bot1548279772:AAHFSr5sYKty6vQb7QK3i6Oa3Mm-8Z1LAi8/getUpdates?offset=417632167&timeout=20 HTTP/1.1" 200 23
 2023-12-18 12:11:51,764 - DEBUG - https://api.telegram.org:443 "GET /bot1548279772:AAHFSr5sYKty6vQb7QK3i6Oa3Mm-8Z1LAi8/getUpdates?offset=417632167&timeout=20 HTTP/1.1" 200 23
 2023-12-18 12:12:11,821 - DEBUG - https://api.telegram.org:443 "GET /bot1548279772:AAHFSr5sYKty6vQb7QK3i6Oa3Mm-8Z1LAi8/getUpdates?offset=417632167&timeout=20 HTTP/1.1" 200 23
 2023-12-18 12:12:31,871 - DEBUG - https://api.telegram.org:443 "GET /bot1548279772:AAHFSr5sYKty6vQb7QK3i6Oa3Mm-8Z1LAi8/getUpdates?offset=417632167&timeout=20 HTTP/1.1" 200 23
 2023-12-18 12:12:51,937 - DEBUG - https://api.telegram.org:443 "GET /bot1548279772:AAHFSr5sYKty6vQb7QK3i6Oa3Mm-8Z1LAi8/getUpdates?offset=417632167&timeout=20 HTTP/1.1" 200 23
 2023-12-18 12:13:07,212 - DEBUG - https://api.telegram.org:443 "GET /bot1548279772:AAHFSr5sYKty6vQb7QK3i6Oa3Mm-8Z1LAi8/getUpdates?offset=417632167&timeout=20 HTTP/1.1" 200 570
 2023-12-18 12:13:27,270 - DEBUG - https://api.telegram.org:443 "GET /bot1548279772:AAHFSr5sYKty6vQb7QK3i6Oa3Mm-8Z1LAi8/getUpdates?offset=417632168&timeout=20 HTTP/1.1" 200 23
 2023-12-18 12:13:47,321 - DEBUG - https://api.telegram.org:443 "GET /bot1548279772:AAHFSr5sYKty6vQb7QK3i6Oa3Mm-8Z1LAi8/getUpdates?offset=417632168&timeout=20 HTTP/1.1" 200 23
 2023-12-18 12:14:07,384 - DEBUG - https://api.telegram.org:443 "GET /bot1548279772:AAHFSr5sYKty6vQb7QK3i6Oa3Mm-8Z1LAi8/getUpdates?offset=417632168&timeout=20 HTTP/1.1" 200 23
 2023-12-18 12:14:27,440 - DEBUG - https://api.telegram.org:443 "GET /bot1548279772:AAHFSr5sYKty6vQb7QK3i6Oa3Mm-8Z1LAi8/getUpdates?offset=417632168&timeout=20 HTTP/1.1" 200 23
 2023-12-18 12:14:47,496 - DEBUG - https://api.telegram.org:443 "GET /bot1548279772:AAHFSr5sYKty6vQb7QK3i6Oa3Mm-8Z1LAi8/getUpdates?offset=417632168&timeout=20 HTTP/1.1" 200 23
 2023-12-18 12:15:07,563 - DEBUG - https://api.telegram.org:443 "GET /bot1548279772:AAHFSr5sYKty6vQb7QK3i6Oa3Mm-8Z1LAi8/getUpdates?offset=417632168&timeout=20 HTTP/1.1" 200 23
 2023-12-18 12:15:27,618 - DEBUG - https://api.telegram.org:443 "GET /bot1548279772:AAHFSr5sYKty6vQb7QK3i6Oa3Mm-8Z1LAi8/getUpdates?offset=417632168&timeout=20 HTTP/1.1" 200 23
 2023-12-18 12:15:47,677 - DEBUG - https://api.telegram.org:443 "GET /bot1548279772:AAHFSr5sYKty6vQb7QK3i6Oa3Mm-8Z1LAi8/getUpdates?offset=417632168&timeout=20 HTTP/1.1" 200 23
 2023-12-18 12:16:07,745 - DEBUG - https://api.telegram.org:443 "GET /bot1548279772:AAHFSr5sYKty6vQb7QK3i6Oa3Mm-8Z1LAi8/getUpdates?offset=417632168&timeout=20 HTTP/1.1" 200 23
 2023-12-18 12:16:27,801 - DEBUG - https://api.telegram.org:443 "GET /bot1548279772:AAHFSr5sYKty6vQb7QK3i6Oa3Mm-8Z1LAi8/getUpdates?offset=417632168&timeout=20 HTTP/1.1" 200 23
 2023-12-18 12:16:47,861 - DEBUG - https://api.telegram.org:443 "GET /bot1548279772:AAHFSr5sYKty6vQb7QK3i6Oa3Mm-8Z1LAi8/getUpdates?offset=417632168&timeout=20 HTTP/1.1" 200 23
 2023-12-18 12:17:07,916 - DEBUG - https://api.telegram.org:443 "GET /bot1548279772:AAHFSr5sYKty6vQb7QK3i6Oa3Mm-8Z1LAi8/getUpdates?offset=417632168&timeout=20 HTTP/1.1" 200 23
 2023-12-18 12:17:27,980 - DEBUG - https://api.telegram.org:443 "GET /bot1548279772:AAHFSr5sYKty6vQb7QK3i6Oa3Mm-8Z1LAi8/getUpdates?offset=417632168&timeout=20 HTTP/1.1" 200 23
 2023-12-18 12:17:48,033 - DEBUG - https://api.telegram.org:443 "GET /bot1548279772:AAHFSr5sYKty6vQb7QK3i6Oa3Mm-8Z1LAi8/getUpdates?offset=417632168&timeout=20 HTTP/1.1" 200 23
 2023-12-18 12:18:08,094 - DEBUG - https://api.telegram.org:443 "GET /bot1548279772:AAHFSr5sYKty6vQb7QK3i6Oa3Mm-8Z1LAi8/getUpdates?offset=417632168&timeout=20 HTTP/1.1" 200 23
 2023-12-18 12:18:28,145 - DEBUG - https://api.telegram.org:443 "GET /bot1548279772:AAHFSr5sYKty6vQb7QK3i6Oa3Mm-8Z1LAi8/getUpdates?offset=417632168&timeout=20 HTTP/1.1" 200 23
 2023-12-18 12:18:48,204 - DEBUG - https://api.telegram.org:443 "GET /bot1548279772:AAHFSr5sYKty6vQb7QK3i6Oa3Mm-8Z1LAi8/getUpdates?offset=417632168&timeout=20 HTTP/1.1" 200 23
 2023-12-18 12:18:55,728 - DEBUG - https://api.telegram.org:443 "GET /bot1548279772:AAHFSr5sYKty6vQb7QK3i6Oa3Mm-8Z1LAi8/getUpdates?offset=417632168&timeout=20 HTTP/1.1" 200 758
 2023-12-18 12:19:15,785 - DEBUG - https://api.telegram.org:443 "GET /bot1548279772:AAHFSr5sYKty6vQb7QK3i6Oa3Mm-8Z1LAi8/getUpdates?offset=417632169&timeout=20 HTTP/1.1" 200 23
 2023-12-18 12:19:15,787 - DEBUG - Resetting dropped connection: api.telegram.org
 2023-12-18 12:19:35,964 - DEBUG - https://api.telegram.org:443 "GET /bot1548279772:AAHFSr5sYKty6vQb7QK3i6Oa3Mm-8Z1LAi8/getUpdates?offset=417632169&timeout=20 HTTP/1.1" 200 23
 2023-12-18 12:19:56,024 - DEBUG - https://api.telegram.org:443 "GET /bot1548279772:AAHFSr5sYKty6vQb7QK3i6Oa3Mm-8Z1LAi8/getUpdates?offset=417632169&timeout=20 HTTP/1.1" 200 23
 2023-12-18 12:20:16,080 - DEBUG - https://api.telegram.org:443 "GET /bot1548279772:AAHFSr5sYKty6vQb7QK3i6Oa3Mm-8Z1LAi8/getUpdates?offset=417632169&timeout=20 HTTP/1.1" 200 23
 2023-12-18 12:20:36,137 - DEBUG - https://api.telegram.org:443 "GET /bot1548279772:AAHFSr5sYKty6vQb7QK3i6Oa3Mm-8Z1LAi8/getUpdates?offset=417632169&timeout=20 HTTP/1.1" 200 23
