 2023-12-18 14:53:12,003 - DEBUG - Starting new HTTPS connection (1): api.telegram.org:443
 2023-12-18 14:53:17,920 - DEBUG - https://api.telegram.org:443 "GET /bot1548279772:AAHFSr5sYKty6vQb7QK3i6Oa3Mm-8Z1LAi8/getUpdates?offset=1&timeout=20 HTTP/1.1" 200 946
 2023-12-18 14:53:35,792 - DEBUG - https://api.telegram.org:443 "GET /bot1548279772:AAHFSr5sYKty6vQb7QK3i6Oa3Mm-8Z1LAi8/getUpdates?offset=417632287&timeout=20 HTTP/1.1" 200 1106
 2023-12-18 14:53:35,795 - ERROR - Infinity polling exception: 'NoneType' object has no attribute 'file_size'
 2023-12-18 14:53:38,811 - DEBUG - Starting new HTTPS connection (1): api.telegram.org:443
 2023-12-18 14:53:38,974 - DEBUG - https://api.telegram.org:443 "GET /bot1548279772:AAHFSr5sYKty6vQb7QK3i6Oa3Mm-8Z1LAi8/getUpdates?offset=417632288&timeout=20 HTTP/1.1" 409 143
 2023-12-18 14:53:58,610 - DEBUG - https://api.telegram.org:443 "GET /bot1548279772:AAHFSr5sYKty6vQb7QK3i6Oa3Mm-8Z1LAi8/getUpdates?offset=417632288&timeout=20 HTTP/1.1" 200 1175
 2023-12-18 14:53:58,612 - ERROR - Infinity polling exception: 'NoneType' object has no attribute 'file_size'
 2023-12-18 14:54:01,623 - DEBUG - Starting new HTTPS connection (1): api.telegram.org:443
 2023-12-18 14:54:01,790 - DEBUG - https://api.telegram.org:443 "GET /bot1548279772:AAHFSr5sYKty6vQb7QK3i6Oa3Mm-8Z1LAi8/getUpdates?offset=417632289&timeout=20 HTTP/1.1" 409 143
 2023-12-18 14:54:21,790 - DEBUG - https://api.telegram.org:443 "GET /bot1548279772:AAHFSr5sYKty6vQb7QK3i6Oa3Mm-8Z1LAi8/getUpdates?offset=417632289&timeout=20 HTTP/1.1" 200 23
 2023-12-18 14:54:41,841 - DEBUG - https://api.telegram.org:443 "GET /bot1548279772:AAHFSr5sYKty6vQb7QK3i6Oa3Mm-8Z1LAi8/getUpdates?offset=417632289&timeout=20 HTTP/1.1" 200 23
 2023-12-18 14:55:01,892 - DEBUG - https://api.telegram.org:443 "GET /bot1548279772:AAHFSr5sYKty6vQb7QK3i6Oa3Mm-8Z1LAi8/getUpdates?offset=417632289&timeout=20 HTTP/1.1" 200 23
 2023-12-18 14:55:21,943 - DEBUG - https://api.telegram.org:443 "GET /bot1548279772:AAHFSr5sYKty6vQb7QK3i6Oa3Mm-8Z1LAi8/getUpdates?offset=417632289&timeout=20 HTTP/1.1" 200 23
 2023-12-18 14:55:24,450 - DEBUG - https://api.telegram.org:443 "GET /bot1548279772:AAHFSr5sYKty6vQb7QK3i6Oa3Mm-8Z1LAi8/getUpdates?offset=417632289&timeout=20 HTTP/1.1" 200 423
 2023-12-18 14:55:24,466 - DEBUG - Starting new HTTPS connection (1): api.telegram.org:443
 2023-12-18 14:55:24,677 - DEBUG - https://api.telegram.org:443 "POST /bot1548279772:AAHFSr5sYKty6vQb7QK3i6Oa3Mm-8Z1LAi8/sendMessage?chat_id=-1001210129344&text=%D8%A8+%D8%A7%D9%84%D9%87%D9%86%D8%A7%D8%A1+%D9%88%D8%A7%D9%84%D8%B4%D9%81%D8%A7%D8%A1+%2F+%D8%A8%D8%A7%D9%84%D9%87%D9%86%D8%A7+%D9%88%D8%A7%D9%84%D8%B4%D9%81%21%2C+%D0%90%D0%B7%D0%B0%D0%BC%D0%B0%D1%82%21 HTTP/1.1" 200 505
 2023-12-18 14:55:25,236 - DEBUG - https://api.telegram.org:443 "POST /bot1548279772:AAHFSr5sYKty6vQb7QK3i6Oa3Mm-8Z1LAi8/sendAnimation?chat_id=-1001210129344 HTTP/1.1" 200 1506
 2023-12-18 14:55:44,500 - DEBUG - https://api.telegram.org:443 "GET /bot1548279772:AAHFSr5sYKty6vQb7QK3i6Oa3Mm-8Z1LAi8/getUpdates?offset=417632290&timeout=20 HTTP/1.1" 200 23
 2023-12-18 14:56:04,550 - DEBUG - https://api.telegram.org:443 "GET /bot1548279772:AAHFSr5sYKty6vQb7QK3i6Oa3Mm-8Z1LAi8/getUpdates?offset=417632290&timeout=20 HTTP/1.1" 200 23
 2023-12-18 14:56:24,601 - DEBUG - https://api.telegram.org:443 "GET /bot1548279772:AAHFSr5sYKty6vQb7QK3i6Oa3Mm-8Z1LAi8/getUpdates?offset=417632290&timeout=20 HTTP/1.1" 200 23
 2023-12-18 14:56:44,652 - DEBUG - https://api.telegram.org:443 "GET /bot1548279772:AAHFSr5sYKty6vQb7QK3i6Oa3Mm-8Z1LAi8/getUpdates?offset=417632290&timeout=20 HTTP/1.1" 200 23
 2023-12-18 14:57:04,702 - DEBUG - https://api.telegram.org:443 "GET /bot1548279772:AAHFSr5sYKty6vQb7QK3i6Oa3Mm-8Z1LAi8/getUpdates?offset=417632290&timeout=20 HTTP/1.1" 200 23
 2023-12-18 14:57:24,751 - DEBUG - https://api.telegram.org:443 "GET /bot1548279772:AAHFSr5sYKty6vQb7QK3i6Oa3Mm-8Z1LAi8/getUpdates?offset=417632290&timeout=20 HTTP/1.1" 200 23
 2023-12-18 14:57:44,802 - DEBUG - https://api.telegram.org:443 "GET /bot1548279772:AAHFSr5sYKty6vQb7QK3i6Oa3Mm-8Z1LAi8/getUpdates?offset=417632290&timeout=20 HTTP/1.1" 200 23
 2023-12-18 14:58:04,851 - DEBUG - https://api.telegram.org:443 "GET /bot1548279772:AAHFSr5sYKty6vQb7QK3i6Oa3Mm-8Z1LAi8/getUpdates?offset=417632290&timeout=20 HTTP/1.1" 200 23
 2023-12-18 14:58:24,902 - DEBUG - https://api.telegram.org:443 "GET /bot1548279772:AAHFSr5sYKty6vQb7QK3i6Oa3Mm-8Z1LAi8/getUpdates?offset=417632290&timeout=20 HTTP/1.1" 200 23
 2023-12-18 14:58:44,953 - DEBUG - https://api.telegram.org:443 "GET /bot1548279772:AAHFSr5sYKty6vQb7QK3i6Oa3Mm-8Z1LAi8/getUpdates?offset=417632290&timeout=20 HTTP/1.1" 200 23
 2023-12-18 14:59:05,003 - DEBUG - https://api.telegram.org:443 "GET /bot1548279772:AAHFSr5sYKty6vQb7QK3i6Oa3Mm-8Z1LAi8/getUpdates?offset=417632290&timeout=20 HTTP/1.1" 200 23
 2023-12-18 14:59:25,054 - DEBUG - https://api.telegram.org:443 "GET /bot1548279772:AAHFSr5sYKty6vQb7QK3i6Oa3Mm-8Z1LAi8/getUpdates?offset=417632290&timeout=20 HTTP/1.1" 200 23
 2023-12-18 14:59:45,104 - DEBUG - https://api.telegram.org:443 "GET /bot1548279772:AAHFSr5sYKty6vQb7QK3i6Oa3Mm-8Z1LAi8/getUpdates?offset=417632290&timeout=20 HTTP/1.1" 200 23
 2023-12-18 15:00:05,154 - DEBUG - https://api.telegram.org:443 "GET /bot1548279772:AAHFSr5sYKty6vQb7QK3i6Oa3Mm-8Z1LAi8/getUpdates?offset=417632290&timeout=20 HTTP/1.1" 200 23
 2023-12-18 15:00:25,208 - DEBUG - https://api.telegram.org:443 "GET /bot1548279772:AAHFSr5sYKty6vQb7QK3i6Oa3Mm-8Z1LAi8/getUpdates?offset=417632290&timeout=20 HTTP/1.1" 200 23
 2023-12-18 15:00:45,261 - DEBUG - https://api.telegram.org:443 "GET /bot1548279772:AAHFSr5sYKty6vQb7QK3i6Oa3Mm-8Z1LAi8/getUpdates?offset=417632290&timeout=20 HTTP/1.1" 200 23
 2023-12-18 15:01:05,566 - DEBUG - https://api.telegram.org:443 "GET /bot1548279772:AAHFSr5sYKty6vQb7QK3i6Oa3Mm-8Z1LAi8/getUpdates?offset=417632290&timeout=20 HTTP/1.1" 200 23
 2023-12-18 15:01:25,616 - DEBUG - https://api.telegram.org:443 "GET /bot1548279772:AAHFSr5sYKty6vQb7QK3i6Oa3Mm-8Z1LAi8/getUpdates?offset=417632290&timeout=20 HTTP/1.1" 200 23
 2023-12-18 15:01:45,667 - DEBUG - https://api.telegram.org:443 "GET /bot1548279772:AAHFSr5sYKty6vQb7QK3i6Oa3Mm-8Z1LAi8/getUpdates?offset=417632290&timeout=20 HTTP/1.1" 200 23
 2023-12-18 15:02:05,718 - DEBUG - https://api.telegram.org:443 "GET /bot1548279772:AAHFSr5sYKty6vQb7QK3i6Oa3Mm-8Z1LAi8/getUpdates?offset=417632290&timeout=20 HTTP/1.1" 200 23
 2023-12-18 15:02:25,768 - DEBUG - https://api.telegram.org:443 "GET /bot1548279772:AAHFSr5sYKty6vQb7QK3i6Oa3Mm-8Z1LAi8/getUpdates?offset=417632290&timeout=20 HTTP/1.1" 200 23
 2023-12-18 15:02:37,157 - DEBUG - https://api.telegram.org:443 "GET /bot1548279772:AAHFSr5sYKty6vQb7QK3i6Oa3Mm-8Z1LAi8/getUpdates?offset=417632290&timeout=20 HTTP/1.1" 200 724
 2023-12-18 15:02:57,207 - DEBUG - https://api.telegram.org:443 "GET /bot1548279772:AAHFSr5sYKty6vQb7QK3i6Oa3Mm-8Z1LAi8/getUpdates?offset=417632291&timeout=20 HTTP/1.1" 200 23
 2023-12-18 15:03:17,257 - DEBUG - https://api.telegram.org:443 "GET /bot1548279772:AAHFSr5sYKty6vQb7QK3i6Oa3Mm-8Z1LAi8/getUpdates?offset=417632291&timeout=20 HTTP/1.1" 200 23
 2023-12-18 15:03:37,309 - DEBUG - https://api.telegram.org:443 "GET /bot1548279772:AAHFSr5sYKty6vQb7QK3i6Oa3Mm-8Z1LAi8/getUpdates?offset=417632291&timeout=20 HTTP/1.1" 200 23
 2023-12-18 15:03:57,360 - DEBUG - https://api.telegram.org:443 "GET /bot1548279772:AAHFSr5sYKty6vQb7QK3i6Oa3Mm-8Z1LAi8/getUpdates?offset=417632291&timeout=20 HTTP/1.1" 200 23
 2023-12-18 15:04:13,882 - DEBUG - https://api.telegram.org:443 "GET /bot1548279772:AAHFSr5sYKty6vQb7QK3i6Oa3Mm-8Z1LAi8/getUpdates?offset=417632291&timeout=20 HTTP/1.1" 200 1528
 2023-12-18 15:04:33,934 - DEBUG - https://api.telegram.org:443 "GET /bot1548279772:AAHFSr5sYKty6vQb7QK3i6Oa3Mm-8Z1LAi8/getUpdates?offset=417632292&timeout=20 HTTP/1.1" 200 23
 2023-12-18 15:04:34,836 - DEBUG - https://api.telegram.org:443 "GET /bot1548279772:AAHFSr5sYKty6vQb7QK3i6Oa3Mm-8Z1LAi8/getUpdates?offset=417632292&timeout=20 HTTP/1.1" 200 1229
 2023-12-18 15:04:41,306 - DEBUG - https://api.telegram.org:443 "GET /bot1548279772:AAHFSr5sYKty6vQb7QK3i6Oa3Mm-8Z1LAi8/getUpdates?offset=417632293&timeout=20 HTTP/1.1" 200 1260
 2023-12-18 15:04:42,054 - DEBUG - https://api.telegram.org:443 "GET /bot1548279772:AAHFSr5sYKty6vQb7QK3i6Oa3Mm-8Z1LAi8/getUpdates?offset=417632294&timeout=20 HTTP/1.1" 200 445
 2023-12-18 15:05:02,105 - DEBUG - https://api.telegram.org:443 "GET /bot1548279772:AAHFSr5sYKty6vQb7QK3i6Oa3Mm-8Z1LAi8/getUpdates?offset=417632295&timeout=20 HTTP/1.1" 200 23
 2023-12-18 15:05:22,156 - DEBUG - https://api.telegram.org:443 "GET /bot1548279772:AAHFSr5sYKty6vQb7QK3i6Oa3Mm-8Z1LAi8/getUpdates?offset=417632295&timeout=20 HTTP/1.1" 200 23
 2023-12-18 15:05:42,207 - DEBUG - https://api.telegram.org:443 "GET /bot1548279772:AAHFSr5sYKty6vQb7QK3i6Oa3Mm-8Z1LAi8/getUpdates?offset=417632295&timeout=20 HTTP/1.1" 200 23
 2023-12-18 15:06:02,257 - DEBUG - https://api.telegram.org:443 "GET /bot1548279772:AAHFSr5sYKty6vQb7QK3i6Oa3Mm-8Z1LAi8/getUpdates?offset=417632295&timeout=20 HTTP/1.1" 200 23
 2023-12-18 15:06:22,308 - DEBUG - https://api.telegram.org:443 "GET /bot1548279772:AAHFSr5sYKty6vQb7QK3i6Oa3Mm-8Z1LAi8/getUpdates?offset=417632295&timeout=20 HTTP/1.1" 200 23
 2023-12-18 15:06:42,360 - DEBUG - https://api.telegram.org:443 "GET /bot1548279772:AAHFSr5sYKty6vQb7QK3i6Oa3Mm-8Z1LAi8/getUpdates?offset=417632295&timeout=20 HTTP/1.1" 200 23
 2023-12-18 15:07:02,410 - DEBUG - https://api.telegram.org:443 "GET /bot1548279772:AAHFSr5sYKty6vQb7QK3i6Oa3Mm-8Z1LAi8/getUpdates?offset=417632295&timeout=20 HTTP/1.1" 200 23
 2023-12-18 15:07:22,461 - DEBUG - https://api.telegram.org:443 "GET /bot1548279772:AAHFSr5sYKty6vQb7QK3i6Oa3Mm-8Z1LAi8/getUpdates?offset=417632295&timeout=20 HTTP/1.1" 200 23
 2023-12-18 15:07:42,511 - DEBUG - https://api.telegram.org:443 "GET /bot1548279772:AAHFSr5sYKty6vQb7QK3i6Oa3Mm-8Z1LAi8/getUpdates?offset=417632295&timeout=20 HTTP/1.1" 200 23
 2023-12-18 15:08:02,562 - DEBUG - https://api.telegram.org:443 "GET /bot1548279772:AAHFSr5sYKty6vQb7QK3i6Oa3Mm-8Z1LAi8/getUpdates?offset=417632295&timeout=20 HTTP/1.1" 200 23
 2023-12-18 15:08:22,612 - DEBUG - https://api.telegram.org:443 "GET /bot1548279772:AAHFSr5sYKty6vQb7QK3i6Oa3Mm-8Z1LAi8/getUpdates?offset=417632295&timeout=20 HTTP/1.1" 200 23
 2023-12-18 15:08:42,663 - DEBUG - https://api.telegram.org:443 "GET /bot1548279772:AAHFSr5sYKty6vQb7QK3i6Oa3Mm-8Z1LAi8/getUpdates?offset=417632295&timeout=20 HTTP/1.1" 200 23
 2023-12-18 15:09:02,714 - DEBUG - https://api.telegram.org:443 "GET /bot1548279772:AAHFSr5sYKty6vQb7QK3i6Oa3Mm-8Z1LAi8/getUpdates?offset=417632295&timeout=20 HTTP/1.1" 200 23
 2023-12-18 15:09:22,764 - DEBUG - https://api.telegram.org:443 "GET /bot1548279772:AAHFSr5sYKty6vQb7QK3i6Oa3Mm-8Z1LAi8/getUpdates?offset=417632295&timeout=20 HTTP/1.1" 200 23
 2023-12-18 15:09:42,814 - DEBUG - https://api.telegram.org:443 "GET /bot1548279772:AAHFSr5sYKty6vQb7QK3i6Oa3Mm-8Z1LAi8/getUpdates?offset=417632295&timeout=20 HTTP/1.1" 200 23
 2023-12-18 15:10:02,864 - DEBUG - https://api.telegram.org:443 "GET /bot1548279772:AAHFSr5sYKty6vQb7QK3i6Oa3Mm-8Z1LAi8/getUpdates?offset=417632295&timeout=20 HTTP/1.1" 200 23
 2023-12-18 15:10:22,915 - DEBUG - https://api.telegram.org:443 "GET /bot1548279772:AAHFSr5sYKty6vQb7QK3i6Oa3Mm-8Z1LAi8/getUpdates?offset=417632295&timeout=20 HTTP/1.1" 200 23
 2023-12-18 15:10:42,966 - DEBUG - https://api.telegram.org:443 "GET /bot1548279772:AAHFSr5sYKty6vQb7QK3i6Oa3Mm-8Z1LAi8/getUpdates?offset=417632295&timeout=20 HTTP/1.1" 200 23
 2023-12-18 15:11:03,017 - DEBUG - https://api.telegram.org:443 "GET /bot1548279772:AAHFSr5sYKty6vQb7QK3i6Oa3Mm-8Z1LAi8/getUpdates?offset=417632295&timeout=20 HTTP/1.1" 200 23
 2023-12-18 15:11:23,066 - DEBUG - https://api.telegram.org:443 "GET /bot1548279772:AAHFSr5sYKty6vQb7QK3i6Oa3Mm-8Z1LAi8/getUpdates?offset=417632295&timeout=20 HTTP/1.1" 200 23
 2023-12-18 15:11:43,117 - DEBUG - https://api.telegram.org:443 "GET /bot1548279772:AAHFSr5sYKty6vQb7QK3i6Oa3Mm-8Z1LAi8/getUpdates?offset=417632295&timeout=20 HTTP/1.1" 200 23
 2023-12-18 15:12:03,167 - DEBUG - https://api.telegram.org:443 "GET /bot1548279772:AAHFSr5sYKty6vQb7QK3i6Oa3Mm-8Z1LAi8/getUpdates?offset=417632295&timeout=20 HTTP/1.1" 200 23
 2023-12-18 15:12:23,217 - DEBUG - https://api.telegram.org:443 "GET /bot1548279772:AAHFSr5sYKty6vQb7QK3i6Oa3Mm-8Z1LAi8/getUpdates?offset=417632295&timeout=20 HTTP/1.1" 200 23
 2023-12-18 15:12:43,267 - DEBUG - https://api.telegram.org:443 "GET /bot1548279772:AAHFSr5sYKty6vQb7QK3i6Oa3Mm-8Z1LAi8/getUpdates?offset=417632295&timeout=20 HTTP/1.1" 200 23
 2023-12-18 15:13:03,318 - DEBUG - https://api.telegram.org:443 "GET /bot1548279772:AAHFSr5sYKty6vQb7QK3i6Oa3Mm-8Z1LAi8/getUpdates?offset=417632295&timeout=20 HTTP/1.1" 200 23
 2023-12-18 15:13:09,034 - DEBUG - https://api.telegram.org:443 "GET /bot1548279772:AAHFSr5sYKty6vQb7QK3i6Oa3Mm-8Z1LAi8/getUpdates?offset=417632295&timeout=20 HTTP/1.1" 200 430
 2023-12-18 15:13:09,089 - ERROR - Infinity polling exception: ('Connection aborted.', ConnectionResetError(10054, 'Удаленный хост принудительно разорвал существующее подключение', None, 10054, None))
 2023-12-18 15:13:12,095 - DEBUG - Starting new HTTPS connection (1): api.telegram.org:443
 2023-12-18 15:13:12,257 - DEBUG - https://api.telegram.org:443 "GET /bot1548279772:AAHFSr5sYKty6vQb7QK3i6Oa3Mm-8Z1LAi8/getUpdates?offset=417632296&timeout=20 HTTP/1.1" 409 143
 2023-12-18 15:13:19,355 - DEBUG - https://api.telegram.org:443 "GET /bot1548279772:AAHFSr5sYKty6vQb7QK3i6Oa3Mm-8Z1LAi8/getUpdates?offset=417632296&timeout=20 HTTP/1.1" 200 406
 2023-12-18 15:13:24,778 - DEBUG - https://api.telegram.org:443 "GET /bot1548279772:AAHFSr5sYKty6vQb7QK3i6Oa3Mm-8Z1LAi8/getUpdates?offset=417632297&timeout=20 HTTP/1.1" 200 339
